#
# There is insufficient memory for the Java Runtime Environment to continue.
# Native memory allocation (mmap) failed to map 65536 bytes for Failed to commit metaspace.
# Possible reasons:
#   The system is out of physical RAM or swap space
#   The process is running with CompressedOops enabled, and the Java Heap may be blocking the growth of the native heap
# Possible solutions:
#   Reduce memory load on the system
#   Increase physical memory or swap space
#   Check if swap backing store is full
#   Decrease Java heap size (-Xmx/-Xms)
#   Decrease number of Java threads
#   Decrease Java thread stack sizes (-Xss)
#   Set larger code cache with -XX:ReservedCodeCacheSize=
#   JVM is running with Zero Based Compressed Oops mode in which the Java heap is
#     placed in the first 32GB address space. The Java Heap base address is the
#     maximum limit for the native heap growth. Please use -XX:HeapBaseMinAddress
#     to set the Java Heap base and to place the Java Heap above 32GB virtual address.
# This output file may be truncated or incomplete.
#
#  Out of Memory Error (virtualSpaceNode.cpp:110), pid=12212, tid=8788
#
# JRE version: Java(TM) SE Runtime Environment (17.0+35) (build 17+35-LTS-2724)
# Java VM: Java HotSpot(TM) 64-Bit Server VM (17+35-LTS-2724, mixed mode, sharing, tiered, compressed oops, compressed class ptrs, g1 gc, windows-amd64)
# No core dump will be written. Minidumps are not enabled by default on client versions of Windows
#

---------------  S U M M A R Y ------------

Command Line: es.syp.ae2.CalculaNEO Armageddon 1.1 10.1 C:\Program Files\Java\jdk-17\bin\java -cp C:\Users\agarc\Desktop\2DAM\SyP\Eclipse\AE2\bin es.syp.ae2.CalculaNEO Armageddon 1.1 10.1 C:\Program Files\Java\jdk-17\bin\java -cp C:\Users\agarc\Desktop\2DAM\SyP\Eclipse\AE2\bin es.syp.ae2.CalculaNEO Armageddon 1.1 10.1 C:\Program Files\Java\jdk-17\bin\java -cp C:\Users\agarc\Desktop\2DAM\SyP\Eclipse\AE2\bin es.syp.ae2.CalculaNEO Armageddon 1.1 10.1 C:\Program Files\Java\jdk-17\bin\java -cp C:\Users\agarc\Desktop\2DAM\SyP\Eclipse\AE2\bin es.syp.ae2.CalculaNEO Armageddon 1.1 10.1 C:\Program Files\Java\jdk-17\bin\java -cp C:\Users\agarc\Desktop\2DAM\SyP\Eclipse\AE2\bin es.syp.ae2.CalculaNEO Armageddon 1.1 10.1 C:\Program Files\Java\jdk-17\bin\java -cp C:\Users\agarc\Desktop\2DAM\SyP\Eclipse\AE2\bin es.syp.ae2.CalculaNEO Armageddon 1.1 10.1 C:\Program Files\Java\jdk-17\bin\java -cp C:\Users\agarc\Desktop\2DAM\SyP\Eclipse\AE2\bin es.syp.ae2.CalculaNEO Armageddon 1.1 10.1 C:\Program Files\Java\jdk-17\bin\java -cp C:\Users\agarc\Desktop\2DAM\SyP\Eclipse\AE2\bin es.syp.ae2.CalculaNEO Armageddon 1.1 10.1 C:\Program Files\Java\jdk-17\bin\java -cp C:\Users\agarc\Desktop\2DAM\SyP\Eclipse\AE2\bin es.syp.ae2.CalculaNEO Armageddon 1.1 10.1 C:\Program Files\Java\jdk-17\bin\java -cp C:\Users\agarc\Desktop\2DAM\SyP\Eclipse\AE2\bin es.syp.ae2.CalculaNEO Armageddon 1.1 10.1 C:\Program Files\Java\jdk-17\bin\java -cp C:\Users\agarc\Desktop\2DAM\SyP\Eclipse\AE2\bin es.syp.ae2.CalculaNEO Armageddon 1.1 10.1 C:\Program Files\Java\jdk-17\bin\java -cp C:\Users\agarc\Desktop\2DAM\SyP\Eclipse\AE2\bin es.syp.ae2.CalculaNEO Armageddon 1.1 10.1 C:\Program Files\Java\jdk-17\bin\java -cp C:\Users\agarc\Desktop\2DAM\SyP\Eclipse\AE2\bin es.syp.ae2.CalculaNEO Armageddon 1.1 10.1 C:\Program Files\Java\jdk-17\bin\java -cp C:\Users\agarc\Desktop\2DAM\SyP\Eclipse\AE2\bin es.syp.ae2.CalculaNEO Armageddon 1.1 10.1 C:\Program Files\Java\jdk-17\bin\java -cp C:\Users\agarc\Desktop\2DAM\SyP\Eclipse\AE2\bin es.syp.ae2.CalculaNEO Armageddon 1.1 10.1 C:\Program Files\Java\jdk-17\bin\java -cp C:\Users\agarc\Desktop\2DAM\SyP\Eclipse\AE2\bin es.syp.ae2.CalculaNEO Armageddon 1.1 10.1 C:\Program Files\Java\jdk-17\bin\java -cp C:\Users\agarc\Desktop\2DAM\SyP\Eclipse\AE2\bin es.syp.ae2.CalculaNEO Armageddon 1.1 10.1 C:\Program Files\Java\jdk-17\bin\java -cp C:\Users\agarc\Desktop\2DAM\SyP\Eclipse\AE2\bin es.syp.ae2.CalculaNEO Armageddon 1.1 10.1 C:\Program Files\Java\jdk-17\bin\java -cp C:\Users\agarc\Desktop\2DAM\SyP\Eclipse\AE2\bin es.syp.ae2.CalculaNEO Armageddon 1.1 10.1 C:\Program Files\Java\jdk-17\bin\java -cp C:\Users\agarc\Desktop\2DAM\SyP\Eclipse\AE2\bin es.syp.ae2.CalculaNEO Armageddon 1.1 10.1 C:\Program Files\Java\jdk-17\bin\java -cp C:\Users\agarc\Desktop\2DAM\SyP\Eclipse\AE2\bin es.syp.ae2.CalculaNEO Armageddon 1.1 10.1 C:\Program Files\Java\jdk-17\bin\java -cp C:\Users\agarc\Desktop\2DAM\SyP\Eclipse\AE2\bin es.syp.ae2.CalculaNEO Armageddon 1.1 10.1 C:\Program Files\Java\jdk-17\bin\java -cp C:\Users\agarc\Desktop\2DAM\SyP\Eclipse\AE2\bin es.syp.ae2.CalculaNEO Armageddon 1.1 10.1 C:\Program Files\Java\jdk-17\bin\java -cp C:\Users\agarc\Desktop\2DAM\SyP\Eclipse\AE2\bin es.syp.ae2.CalculaNEO Armageddon 1.1 10.1

Host: Intel(R) Core(TM) i7-7700K CPU @ 4.20GHz, 8 cores, 15G,  Windows 10 , 64 bit Build 19041 (10.0.19041.1202)
Time: Tue Oct 19 18:59:47 2021 Hora de verano romance elapsed time: 26.782974 seconds (0d 0h 0m 26s)

---------------  T H R E A D  ---------------

Current thread (0x0000014e24607820):  JavaThread "main" [_thread_in_vm, id=8788, stack(0x0000002d66900000,0x0000002d66a00000)]

Stack: [0x0000002d66900000,0x0000002d66a00000]
Native frames: (J=compiled Java code, j=interpreted, Vv=VM code, C=native code)
V  [jvm.dll+0x66f8ea]
V  [jvm.dll+0x7ce224]
V  [jvm.dll+0x7cf9ce]
V  [jvm.dll+0x7d0033]
V  [jvm.dll+0x242bb5]
V  [jvm.dll+0x7ca1cb]
V  [jvm.dll+0x615a46]
V  [jvm.dll+0x615aaa]
V  [jvm.dll+0x6182ba]
V  [jvm.dll+0x6163e6]
V  [jvm.dll+0x627019]
V  [jvm.dll+0x620324]
V  [jvm.dll+0x37b761]
C  0x0000014e2be1c711

Java frames: (J=compiled Java code, j=interpreted, Vv=VM code)
j  java.util.stream.AbstractPipeline.copyIntoWithCancel(Ljava/util/stream/Sink;Ljava/util/Spliterator;)Z+0 java.base@17
j  java.util.stream.AbstractPipeline.copyInto(Ljava/util/stream/Sink;Ljava/util/Spliterator;)V+49 java.base@17
j  java.util.stream.AbstractPipeline.wrapAndCopyInto(Ljava/util/stream/Sink;Ljava/util/Spliterator;)Ljava/util/stream/Sink;+13 java.base@17
j  java.util.stream.FindOps$FindOp.evaluateSequential(Ljava/util/stream/PipelineHelper;Ljava/util/Spliterator;)Ljava/lang/Object;+14 java.base@17
j  java.util.stream.AbstractPipeline.evaluate(Ljava/util/stream/TerminalOp;)Ljava/lang/Object;+88 java.base@17
j  java.util.stream.IntPipeline.findFirst()Ljava/util/OptionalInt;+5 java.base@17
j  java.text.DecimalFormatSymbols.findNonFormatChar(Ljava/lang/String;C)C+14 java.base@17
j  java.text.DecimalFormatSymbols.initialize(Ljava/util/Locale;)V+112 java.base@17
j  java.text.DecimalFormatSymbols.<init>(Ljava/util/Locale;)V+11 java.base@17
j  sun.util.locale.provider.DecimalFormatSymbolsProviderImpl.getInstance(Ljava/util/Locale;)Ljava/text/DecimalFormatSymbols;+17 java.base@17
j  java.text.DecimalFormatSymbols.getInstance(Ljava/util/Locale;)Ljava/text/DecimalFormatSymbols;+14 java.base@17
j  java.text.DecimalFormat.<init>(Ljava/lang/String;)V+130 java.base@17
j  es.syp.ae2.CalculaNEO.main([Ljava/lang/String;)V+100
v  ~StubRoutines::call_stub

---------------  P R O C E S S  ---------------

Threads class SMR info:
_java_thread_list=0x0000014e47db7ae0, length=12, elements={
0x0000014e24607820, 0x0000014e4733be80, 0x0000014e4733cc00, 0x0000014e47352da0,
0x0000014e473549d0, 0x0000014e473572a0, 0x0000014e47357b60, 0x0000014e47358800,
0x0000014e473591b0, 0x0000014e47d5c810, 0x0000014e47db3290, 0x0000014e47dbf6c0
}

Java Threads: ( => current thread )
=>0x0000014e24607820 JavaThread "main" [_thread_in_vm, id=8788, stack(0x0000002d66900000,0x0000002d66a00000)]
  0x0000014e4733be80 JavaThread "Reference Handler" daemon [_thread_blocked, id=17808, stack(0x0000002d67000000,0x0000002d67100000)]
  0x0000014e4733cc00 JavaThread "Finalizer" daemon [_thread_blocked, id=17816, stack(0x0000002d67100000,0x0000002d67200000)]
  0x0000014e47352da0 JavaThread "Signal Dispatcher" daemon [_thread_blocked, id=18140, stack(0x0000002d67200000,0x0000002d67300000)]
  0x0000014e473549d0 JavaThread "Attach Listener" daemon [_thread_blocked, id=18144, stack(0x0000002d67300000,0x0000002d67400000)]
  0x0000014e473572a0 JavaThread "Service Thread" daemon [_thread_blocked, id=18148, stack(0x0000002d67400000,0x0000002d67500000)]
  0x0000014e47357b60 JavaThread "Monitor Deflation Thread" daemon [_thread_blocked, id=18152, stack(0x0000002d67500000,0x0000002d67600000)]
  0x0000014e47358800 JavaThread "C2 CompilerThread0" daemon [_thread_blocked, id=18156, stack(0x0000002d67600000,0x0000002d67700000)]
  0x0000014e473591b0 JavaThread "C1 CompilerThread0" daemon [_thread_blocked, id=17496, stack(0x0000002d67700000,0x0000002d67800000)]
  0x0000014e47d5c810 JavaThread "Sweeper thread" daemon [_thread_blocked, id=18684, stack(0x0000002d67800000,0x0000002d67900000)]
  0x0000014e47db3290 JavaThread "Notification Thread" daemon [_thread_blocked, id=19344, stack(0x0000002d67900000,0x0000002d67a00000)]
  0x0000014e47dbf6c0 JavaThread "Common-Cleaner" daemon [_thread_blocked, id=20032, stack(0x0000002d67b00000,0x0000002d67c00000)]

Other Threads:
  0x0000014e47336b80 VMThread "VM Thread" [stack: 0x0000002d66f00000,0x0000002d67000000] [id=17240]
  0x0000014e47db5770 WatcherThread [stack: 0x0000002d67a00000,0x0000002d67b00000] [id=19348]
  0x0000014e24657260 GCTaskThread "GC Thread#0" [stack: 0x0000002d66a00000,0x0000002d66b00000] [id=16520]
  0x0000014e24668dd0 ConcurrentGCThread "G1 Main Marker" [stack: 0x0000002d66b00000,0x0000002d66c00000] [id=16524]
  0x0000014e246696f0 ConcurrentGCThread "G1 Conc#0" [stack: 0x0000002d66c00000,0x0000002d66d00000] [id=16528]
  0x0000014e246dd800 ConcurrentGCThread "G1 Refine#0" [stack: 0x0000002d66d00000,0x0000002d66e00000] [id=16560]
  0x0000014e246de130 ConcurrentGCThread "G1 Service" [stack: 0x0000002d66e00000,0x0000002d66f00000] [id=16564]

Threads with active compile tasks:

VM state: not at safepoint (normal execution)

VM Mutex/Monitor currently owned by a thread:  ([mutex/lock_event])
[0x0000014e24601b30] Metaspace_lock - owner thread: 0x0000014e24607820

Heap address: 0x0000000700a00000, size: 4086 MB, Compressed Oops mode: Zero based, Oop shift amount: 3

CDS archive(s) mapped at: [0x0000000800000000-0x0000000800bc0000-0x0000000800bc0000), size 12320768, SharedBaseAddress: 0x0000000800000000, ArchiveRelocationMode: 0.
Compressed class space mapped at: 0x0000000800c00000-0x0000000840c00000, reserved size: 1073741824
Narrow klass base: 0x0000000800000000, Narrow klass shift: 0, Narrow klass range: 0x100000000

GC Precious Log:
 CPUs: 8 total, 8 available
 Memory: 16343M
 Large Page Support: Disabled
 NUMA Support: Disabled
 Compressed Oops: Enabled (Zero based)
 Heap Region Size: 2M
 Heap Min Capacity: 8M
 Heap Initial Capacity: 256M
 Heap Max Capacity: 4086M
 Pre-touch: Disabled
 Parallel Workers: 8
 Concurrent Workers: 2
 Concurrent Refinement Workers: 8
 Periodic GC: Disabled

Heap:
 garbage-first heap   total 262144K, used 0K [0x0000000700a00000, 0x0000000800000000)
  region size 2048K, 1 young (2048K), 0 survivors (0K)
 Metaspace       used 296K, committed 448K, reserved 1056768K
  class space    used 18K, committed 128K, reserved 1048576K

Heap Regions: E=young(eden), S=young(survivor), O=old, HS=humongous(starts), HC=humongous(continues), CS=collection set, F=free, OA=open archive, CA=closed archive, TAMS=top-at-mark-start (previous, next)
|   0|0x0000000700a00000, 0x0000000700a00000, 0x0000000700c00000|  0%| F|  |TAMS 0x0000000700a00000, 0x0000000700a00000| Untracked 
|   1|0x0000000700c00000, 0x0000000700c00000, 0x0000000700e00000|  0%| F|  |TAMS 0x0000000700c00000, 0x0000000700c00000| Untracked 
|   2|0x0000000700e00000, 0x0000000700e00000, 0x0000000701000000|  0%| F|  |TAMS 0x0000000700e00000, 0x0000000700e00000| Untracked 
|   3|0x0000000701000000, 0x0000000701000000, 0x0000000701200000|  0%| F|  |TAMS 0x0000000701000000, 0x0000000701000000| Untracked 
|   4|0x0000000701200000, 0x0000000701200000, 0x0000000701400000|  0%| F|  |TAMS 0x0000000701200000, 0x0000000701200000| Untracked 
|   5|0x0000000701400000, 0x0000000701400000, 0x0000000701600000|  0%| F|  |TAMS 0x0000000701400000, 0x0000000701400000| Untracked 
|   6|0x0000000701600000, 0x0000000701600000, 0x0000000701800000|  0%| F|  |TAMS 0x0000000701600000, 0x0000000701600000| Untracked 
|   7|0x0000000701800000, 0x0000000701800000, 0x0000000701a00000|  0%| F|  |TAMS 0x0000000701800000, 0x0000000701800000| Untracked 
|   8|0x0000000701a00000, 0x0000000701a00000, 0x0000000701c00000|  0%| F|  |TAMS 0x0000000701a00000, 0x0000000701a00000| Untracked 
|   9|0x0000000701c00000, 0x0000000701c00000, 0x0000000701e00000|  0%| F|  |TAMS 0x0000000701c00000, 0x0000000701c00000| Untracked 
|  10|0x0000000701e00000, 0x0000000701e00000, 0x0000000702000000|  0%| F|  |TAMS 0x0000000701e00000, 0x0000000701e00000| Untracked 
|  11|0x0000000702000000, 0x0000000702000000, 0x0000000702200000|  0%| F|  |TAMS 0x0000000702000000, 0x0000000702000000| Untracked 
|  12|0x0000000702200000, 0x0000000702200000, 0x0000000702400000|  0%| F|  |TAMS 0x0000000702200000, 0x0000000702200000| Untracked 
|  13|0x0000000702400000, 0x0000000702400000, 0x0000000702600000|  0%| F|  |TAMS 0x0000000702400000, 0x0000000702400000| Untracked 
|  14|0x0000000702600000, 0x0000000702600000, 0x0000000702800000|  0%| F|  |TAMS 0x0000000702600000, 0x0000000702600000| Untracked 
|  15|0x0000000702800000, 0x0000000702800000, 0x0000000702a00000|  0%| F|  |TAMS 0x0000000702800000, 0x0000000702800000| Untracked 
|  16|0x0000000702a00000, 0x0000000702a00000, 0x0000000702c00000|  0%| F|  |TAMS 0x0000000702a00000, 0x0000000702a00000| Untracked 
|  17|0x0000000702c00000, 0x0000000702c00000, 0x0000000702e00000|  0%| F|  |TAMS 0x0000000702c00000, 0x0000000702c00000| Untracked 
|  18|0x0000000702e00000, 0x0000000702e00000, 0x0000000703000000|  0%| F|  |TAMS 0x0000000702e00000, 0x0000000702e00000| Untracked 
|  19|0x0000000703000000, 0x0000000703000000, 0x0000000703200000|  0%| F|  |TAMS 0x0000000703000000, 0x0000000703000000| Untracked 
|  20|0x0000000703200000, 0x0000000703200000, 0x0000000703400000|  0%| F|  |TAMS 0x0000000703200000, 0x0000000703200000| Untracked 
|  21|0x0000000703400000, 0x0000000703400000, 0x0000000703600000|  0%| F|  |TAMS 0x0000000703400000, 0x0000000703400000| Untracked 
|  22|0x0000000703600000, 0x0000000703600000, 0x0000000703800000|  0%| F|  |TAMS 0x0000000703600000, 0x0000000703600000| Untracked 
|  23|0x0000000703800000, 0x0000000703800000, 0x0000000703a00000|  0%| F|  |TAMS 0x0000000703800000, 0x0000000703800000| Untracked 
|  24|0x0000000703a00000, 0x0000000703a00000, 0x0000000703c00000|  0%| F|  |TAMS 0x0000000703a00000, 0x0000000703a00000| Untracked 
|  25|0x0000000703c00000, 0x0000000703c00000, 0x0000000703e00000|  0%| F|  |TAMS 0x0000000703c00000, 0x0000000703c00000| Untracked 
|  26|0x0000000703e00000, 0x0000000703e00000, 0x0000000704000000|  0%| F|  |TAMS 0x0000000703e00000, 0x0000000703e00000| Untracked 
|  27|0x0000000704000000, 0x0000000704000000, 0x0000000704200000|  0%| F|  |TAMS 0x0000000704000000, 0x0000000704000000| Untracked 
|  28|0x0000000704200000, 0x0000000704200000, 0x0000000704400000|  0%| F|  |TAMS 0x0000000704200000, 0x0000000704200000| Untracked 
|  29|0x0000000704400000, 0x0000000704400000, 0x0000000704600000|  0%| F|  |TAMS 0x0000000704400000, 0x0000000704400000| Untracked 
|  30|0x0000000704600000, 0x0000000704600000, 0x0000000704800000|  0%| F|  |TAMS 0x0000000704600000, 0x0000000704600000| Untracked 
|  31|0x0000000704800000, 0x0000000704800000, 0x0000000704a00000|  0%| F|  |TAMS 0x0000000704800000, 0x0000000704800000| Untracked 
|  32|0x0000000704a00000, 0x0000000704a00000, 0x0000000704c00000|  0%| F|  |TAMS 0x0000000704a00000, 0x0000000704a00000| Untracked 
|  33|0x0000000704c00000, 0x0000000704c00000, 0x0000000704e00000|  0%| F|  |TAMS 0x0000000704c00000, 0x0000000704c00000| Untracked 
|  34|0x0000000704e00000, 0x0000000704e00000, 0x0000000705000000|  0%| F|  |TAMS 0x0000000704e00000, 0x0000000704e00000| Untracked 
|  35|0x0000000705000000, 0x0000000705000000, 0x0000000705200000|  0%| F|  |TAMS 0x0000000705000000, 0x0000000705000000| Untracked 
|  36|0x0000000705200000, 0x0000000705200000, 0x0000000705400000|  0%| F|  |TAMS 0x0000000705200000, 0x0000000705200000| Untracked 
|  37|0x0000000705400000, 0x0000000705400000, 0x0000000705600000|  0%| F|  |TAMS 0x0000000705400000, 0x0000000705400000| Untracked 
|  38|0x0000000705600000, 0x0000000705600000, 0x0000000705800000|  0%| F|  |TAMS 0x0000000705600000, 0x0000000705600000| Untracked 
|  39|0x0000000705800000, 0x0000000705800000, 0x0000000705a00000|  0%| F|  |TAMS 0x0000000705800000, 0x0000000705800000| Untracked 
|  40|0x0000000705a00000, 0x0000000705a00000, 0x0000000705c00000|  0%| F|  |TAMS 0x0000000705a00000, 0x0000000705a00000| Untracked 
|  41|0x0000000705c00000, 0x0000000705c00000, 0x0000000705e00000|  0%| F|  |TAMS 0x0000000705c00000, 0x0000000705c00000| Untracked 
|  42|0x0000000705e00000, 0x0000000705e00000, 0x0000000706000000|  0%| F|  |TAMS 0x0000000705e00000, 0x0000000705e00000| Untracked 
|  43|0x0000000706000000, 0x0000000706000000, 0x0000000706200000|  0%| F|  |TAMS 0x0000000706000000, 0x0000000706000000| Untracked 
|  44|0x0000000706200000, 0x0000000706200000, 0x0000000706400000|  0%| F|  |TAMS 0x0000000706200000, 0x0000000706200000| Untracked 
|  45|0x0000000706400000, 0x0000000706400000, 0x0000000706600000|  0%| F|  |TAMS 0x0000000706400000, 0x0000000706400000| Untracked 
|  46|0x0000000706600000, 0x0000000706600000, 0x0000000706800000|  0%| F|  |TAMS 0x0000000706600000, 0x0000000706600000| Untracked 
|  47|0x0000000706800000, 0x0000000706800000, 0x0000000706a00000|  0%| F|  |TAMS 0x0000000706800000, 0x0000000706800000| Untracked 
|  48|0x0000000706a00000, 0x0000000706a00000, 0x0000000706c00000|  0%| F|  |TAMS 0x0000000706a00000, 0x0000000706a00000| Untracked 
|  49|0x0000000706c00000, 0x0000000706c00000, 0x0000000706e00000|  0%| F|  |TAMS 0x0000000706c00000, 0x0000000706c00000| Untracked 
|  50|0x0000000706e00000, 0x0000000706e00000, 0x0000000707000000|  0%| F|  |TAMS 0x0000000706e00000, 0x0000000706e00000| Untracked 
|  51|0x0000000707000000, 0x0000000707000000, 0x0000000707200000|  0%| F|  |TAMS 0x0000000707000000, 0x0000000707000000| Untracked 
|  52|0x0000000707200000, 0x0000000707200000, 0x0000000707400000|  0%| F|  |TAMS 0x0000000707200000, 0x0000000707200000| Untracked 
|  53|0x0000000707400000, 0x0000000707400000, 0x0000000707600000|  0%| F|  |TAMS 0x0000000707400000, 0x0000000707400000| Untracked 
|  54|0x0000000707600000, 0x0000000707600000, 0x0000000707800000|  0%| F|  |TAMS 0x0000000707600000, 0x0000000707600000| Untracked 
|  55|0x0000000707800000, 0x0000000707800000, 0x0000000707a00000|  0%| F|  |TAMS 0x0000000707800000, 0x0000000707800000| Untracked 
|  56|0x0000000707a00000, 0x0000000707a00000, 0x0000000707c00000|  0%| F|  |TAMS 0x0000000707a00000, 0x0000000707a00000| Untracked 
|  57|0x0000000707c00000, 0x0000000707c00000, 0x0000000707e00000|  0%| F|  |TAMS 0x0000000707c00000, 0x0000000707c00000| Untracked 
|  58|0x0000000707e00000, 0x0000000707e00000, 0x0000000708000000|  0%| F|  |TAMS 0x0000000707e00000, 0x0000000707e00000| Untracked 
|  59|0x0000000708000000, 0x0000000708000000, 0x0000000708200000|  0%| F|  |TAMS 0x0000000708000000, 0x0000000708000000| Untracked 
|  60|0x0000000708200000, 0x0000000708200000, 0x0000000708400000|  0%| F|  |TAMS 0x0000000708200000, 0x0000000708200000| Untracked 
|  61|0x0000000708400000, 0x0000000708400000, 0x0000000708600000|  0%| F|  |TAMS 0x0000000708400000, 0x0000000708400000| Untracked 
|  62|0x0000000708600000, 0x0000000708600000, 0x0000000708800000|  0%| F|  |TAMS 0x0000000708600000, 0x0000000708600000| Untracked 
|  63|0x0000000708800000, 0x0000000708800000, 0x0000000708a00000|  0%| F|  |TAMS 0x0000000708800000, 0x0000000708800000| Untracked 
|  64|0x0000000708a00000, 0x0000000708a00000, 0x0000000708c00000|  0%| F|  |TAMS 0x0000000708a00000, 0x0000000708a00000| Untracked 
|  65|0x0000000708c00000, 0x0000000708c00000, 0x0000000708e00000|  0%| F|  |TAMS 0x0000000708c00000, 0x0000000708c00000| Untracked 
|  66|0x0000000708e00000, 0x0000000708e00000, 0x0000000709000000|  0%| F|  |TAMS 0x0000000708e00000, 0x0000000708e00000| Untracked 
|  67|0x0000000709000000, 0x0000000709000000, 0x0000000709200000|  0%| F|  |TAMS 0x0000000709000000, 0x0000000709000000| Untracked 
|  68|0x0000000709200000, 0x0000000709200000, 0x0000000709400000|  0%| F|  |TAMS 0x0000000709200000, 0x0000000709200000| Untracked 
|  69|0x0000000709400000, 0x0000000709400000, 0x0000000709600000|  0%| F|  |TAMS 0x0000000709400000, 0x0000000709400000| Untracked 
|  70|0x0000000709600000, 0x0000000709600000, 0x0000000709800000|  0%| F|  |TAMS 0x0000000709600000, 0x0000000709600000| Untracked 
|  71|0x0000000709800000, 0x0000000709800000, 0x0000000709a00000|  0%| F|  |TAMS 0x0000000709800000, 0x0000000709800000| Untracked 
|  72|0x0000000709a00000, 0x0000000709a00000, 0x0000000709c00000|  0%| F|  |TAMS 0x0000000709a00000, 0x0000000709a00000| Untracked 
|  73|0x0000000709c00000, 0x0000000709c00000, 0x0000000709e00000|  0%| F|  |TAMS 0x0000000709c00000, 0x0000000709c00000| Untracked 
|  74|0x0000000709e00000, 0x0000000709e00000, 0x000000070a000000|  0%| F|  |TAMS 0x0000000709e00000, 0x0000000709e00000| Untracked 
|  75|0x000000070a000000, 0x000000070a000000, 0x000000070a200000|  0%| F|  |TAMS 0x000000070a000000, 0x000000070a000000| Untracked 
|  76|0x000000070a200000, 0x000000070a200000, 0x000000070a400000|  0%| F|  |TAMS 0x000000070a200000, 0x000000070a200000| Untracked 
|  77|0x000000070a400000, 0x000000070a400000, 0x000000070a600000|  0%| F|  |TAMS 0x000000070a400000, 0x000000070a400000| Untracked 
|  78|0x000000070a600000, 0x000000070a600000, 0x000000070a800000|  0%| F|  |TAMS 0x000000070a600000, 0x000000070a600000| Untracked 
|  79|0x000000070a800000, 0x000000070a800000, 0x000000070aa00000|  0%| F|  |TAMS 0x000000070a800000, 0x000000070a800000| Untracked 
|  80|0x000000070aa00000, 0x000000070aa00000, 0x000000070ac00000|  0%| F|  |TAMS 0x000000070aa00000, 0x000000070aa00000| Untracked 
|  81|0x000000070ac00000, 0x000000070ac00000, 0x000000070ae00000|  0%| F|  |TAMS 0x000000070ac00000, 0x000000070ac00000| Untracked 
|  82|0x000000070ae00000, 0x000000070ae00000, 0x000000070b000000|  0%| F|  |TAMS 0x000000070ae00000, 0x000000070ae00000| Untracked 
|  83|0x000000070b000000, 0x000000070b000000, 0x000000070b200000|  0%| F|  |TAMS 0x000000070b000000, 0x000000070b000000| Untracked 
|  84|0x000000070b200000, 0x000000070b200000, 0x000000070b400000|  0%| F|  |TAMS 0x000000070b200000, 0x000000070b200000| Untracked 
|  85|0x000000070b400000, 0x000000070b400000, 0x000000070b600000|  0%| F|  |TAMS 0x000000070b400000, 0x000000070b400000| Untracked 
|  86|0x000000070b600000, 0x000000070b600000, 0x000000070b800000|  0%| F|  |TAMS 0x000000070b600000, 0x000000070b600000| Untracked 
|  87|0x000000070b800000, 0x000000070b800000, 0x000000070ba00000|  0%| F|  |TAMS 0x000000070b800000, 0x000000070b800000| Untracked 
|  88|0x000000070ba00000, 0x000000070ba00000, 0x000000070bc00000|  0%| F|  |TAMS 0x000000070ba00000, 0x000000070ba00000| Untracked 
|  89|0x000000070bc00000, 0x000000070bc00000, 0x000000070be00000|  0%| F|  |TAMS 0x000000070bc00000, 0x000000070bc00000| Untracked 
|  90|0x000000070be00000, 0x000000070be00000, 0x000000070c000000|  0%| F|  |TAMS 0x000000070be00000, 0x000000070be00000| Untracked 
|  91|0x000000070c000000, 0x000000070c000000, 0x000000070c200000|  0%| F|  |TAMS 0x000000070c000000, 0x000000070c000000| Untracked 
|  92|0x000000070c200000, 0x000000070c200000, 0x000000070c400000|  0%| F|  |TAMS 0x000000070c200000, 0x000000070c200000| Untracked 
|  93|0x000000070c400000, 0x000000070c400000, 0x000000070c600000|  0%| F|  |TAMS 0x000000070c400000, 0x000000070c400000| Untracked 
|  94|0x000000070c600000, 0x000000070c600000, 0x000000070c800000|  0%| F|  |TAMS 0x000000070c600000, 0x000000070c600000| Untracked 
|  95|0x000000070c800000, 0x000000070c800000, 0x000000070ca00000|  0%| F|  |TAMS 0x000000070c800000, 0x000000070c800000| Untracked 
|  96|0x000000070ca00000, 0x000000070ca00000, 0x000000070cc00000|  0%| F|  |TAMS 0x000000070ca00000, 0x000000070ca00000| Untracked 
|  97|0x000000070cc00000, 0x000000070cc00000, 0x000000070ce00000|  0%| F|  |TAMS 0x000000070cc00000, 0x000000070cc00000| Untracked 
|  98|0x000000070ce00000, 0x000000070ce00000, 0x000000070d000000|  0%| F|  |TAMS 0x000000070ce00000, 0x000000070ce00000| Untracked 
|  99|0x000000070d000000, 0x000000070d000000, 0x000000070d200000|  0%| F|  |TAMS 0x000000070d000000, 0x000000070d000000| Untracked 
| 100|0x000000070d200000, 0x000000070d200000, 0x000000070d400000|  0%| F|  |TAMS 0x000000070d200000, 0x000000070d200000| Untracked 
| 101|0x000000070d400000, 0x000000070d400000, 0x000000070d600000|  0%| F|  |TAMS 0x000000070d400000, 0x000000070d400000| Untracked 
| 102|0x000000070d600000, 0x000000070d600000, 0x000000070d800000|  0%| F|  |TAMS 0x000000070d600000, 0x000000070d600000| Untracked 
| 103|0x000000070d800000, 0x000000070d800000, 0x000000070da00000|  0%| F|  |TAMS 0x000000070d800000, 0x000000070d800000| Untracked 
| 104|0x000000070da00000, 0x000000070da00000, 0x000000070dc00000|  0%| F|  |TAMS 0x000000070da00000, 0x000000070da00000| Untracked 
| 105|0x000000070dc00000, 0x000000070dc00000, 0x000000070de00000|  0%| F|  |TAMS 0x000000070dc00000, 0x000000070dc00000| Untracked 
| 106|0x000000070de00000, 0x000000070de00000, 0x000000070e000000|  0%| F|  |TAMS 0x000000070de00000, 0x000000070de00000| Untracked 
| 107|0x000000070e000000, 0x000000070e000000, 0x000000070e200000|  0%| F|  |TAMS 0x000000070e000000, 0x000000070e000000| Untracked 
| 108|0x000000070e200000, 0x000000070e200000, 0x000000070e400000|  0%| F|  |TAMS 0x000000070e200000, 0x000000070e200000| Untracked 
| 109|0x000000070e400000, 0x000000070e400000, 0x000000070e600000|  0%| F|  |TAMS 0x000000070e400000, 0x000000070e400000| Untracked 
| 110|0x000000070e600000, 0x000000070e600000, 0x000000070e800000|  0%| F|  |TAMS 0x000000070e600000, 0x000000070e600000| Untracked 
| 111|0x000000070e800000, 0x000000070e800000, 0x000000070ea00000|  0%| F|  |TAMS 0x000000070e800000, 0x000000070e800000| Untracked 
| 112|0x000000070ea00000, 0x000000070ea00000, 0x000000070ec00000|  0%| F|  |TAMS 0x000000070ea00000, 0x000000070ea00000| Untracked 
| 113|0x000000070ec00000, 0x000000070ec00000, 0x000000070ee00000|  0%| F|  |TAMS 0x000000070ec00000, 0x000000070ec00000| Untracked 
| 114|0x000000070ee00000, 0x000000070ee00000, 0x000000070f000000|  0%| F|  |TAMS 0x000000070ee00000, 0x000000070ee00000| Untracked 
| 115|0x000000070f000000, 0x000000070f000000, 0x000000070f200000|  0%| F|  |TAMS 0x000000070f000000, 0x000000070f000000| Untracked 
| 116|0x000000070f200000, 0x000000070f200000, 0x000000070f400000|  0%| F|  |TAMS 0x000000070f200000, 0x000000070f200000| Untracked 
| 117|0x000000070f400000, 0x000000070f400000, 0x000000070f600000|  0%| F|  |TAMS 0x000000070f400000, 0x000000070f400000| Untracked 
| 118|0x000000070f600000, 0x000000070f600000, 0x000000070f800000|  0%| F|  |TAMS 0x000000070f600000, 0x000000070f600000| Untracked 
| 119|0x000000070f800000, 0x000000070f800000, 0x000000070fa00000|  0%| F|  |TAMS 0x000000070f800000, 0x000000070f800000| Untracked 
| 120|0x000000070fa00000, 0x000000070fa00000, 0x000000070fc00000|  0%| F|  |TAMS 0x000000070fa00000, 0x000000070fa00000| Untracked 
| 121|0x000000070fc00000, 0x000000070fc00000, 0x000000070fe00000|  0%| F|  |TAMS 0x000000070fc00000, 0x000000070fc00000| Untracked 
| 122|0x000000070fe00000, 0x000000070fe00000, 0x0000000710000000|  0%| F|  |TAMS 0x000000070fe00000, 0x000000070fe00000| Untracked 
| 123|0x0000000710000000, 0x0000000710000000, 0x0000000710200000|  0%| F|  |TAMS 0x0000000710000000, 0x0000000710000000| Untracked 
| 124|0x0000000710200000, 0x0000000710200000, 0x0000000710400000|  0%| F|  |TAMS 0x0000000710200000, 0x0000000710200000| Untracked 
| 125|0x0000000710400000, 0x0000000710400000, 0x0000000710600000|  0%| F|  |TAMS 0x0000000710400000, 0x0000000710400000| Untracked 
| 126|0x0000000710600000, 0x0000000710600000, 0x0000000710800000|  0%| F|  |TAMS 0x0000000710600000, 0x0000000710600000| Untracked 
| 127|0x0000000710800000, 0x0000000710a00000, 0x0000000710a00000|100%| E|  |TAMS 0x0000000710800000, 0x0000000710800000| Complete 

Card table byte_map: [0x0000014e3b950000,0x0000014e3c150000] _byte_map_base: 0x0000014e3814b000

Marking Bits (Prev, Next): (CMBitMap*) 0x0000014e24658790, (CMBitMap*) 0x0000014e246587d0
 Prev Bits: [0x0000014e3c950000, 0x0000014e40928000)
 Next Bits: [0x0000014e40930000, 0x0000014e44908000)

Polling page: 0x0000014e22490000

Metaspace:

Usage:
  Non-class:    277.45 KB used.
      Class:     18.84 KB used.
       Both:    296.29 KB used.

Virtual space:
  Non-class space:        8.00 MB reserved,     320.00 KB (  4%) committed,  1 nodes.
      Class space:        1.00 GB reserved,     128.00 KB ( <1%) committed,  1 nodes.
             Both:        1.01 GB reserved,     448.00 KB ( <1%) committed. 

Chunk freelists:
   Non-Class:  3.97 MB
       Class:  3.74 MB
        Both:  7.71 MB

MaxMetaspaceSize: unlimited
CompressedClassSpaceSize: 1.00 GB
Initial GC threshold: 21.00 MB
Current GC threshold: 21.00 MB
CDS: on
MetaspaceReclaimPolicy: balanced
 - commit_granule_bytes: 65536.
 - commit_granule_words: 8192.
 - virtual_space_node_default_size: 1048576.
 - enlarge_chunks_in_place: 1.
 - new_chunks_are_fully_committed: 0.
 - uncommit_free_chunks: 1.
 - use_allocation_guard: 0.
 - handle_deallocations: 1.


Internal statistics:

num_allocs_failed_limit: 0.
num_arena_births: 8.
num_arena_deaths: 0.
num_vsnodes_births: 2.
num_vsnodes_deaths: 0.
num_space_committed: 7.
num_space_uncommitted: 0.
num_chunks_returned_to_freelist: 0.
num_chunks_taken_from_freelist: 11.
num_chunk_merges: 0.
num_chunk_splits: 5.
num_chunks_enlarged: 3.
num_purges: 0.
num_inconsistent_stats: 0.

CodeHeap 'non-profiled nmethods': size=120000Kb used=36Kb max_used=36Kb free=119963Kb
 bounds [0x0000014e338e0000, 0x0000014e33b50000, 0x0000014e3ae10000]
CodeHeap 'profiled nmethods': size=120000Kb used=104Kb max_used=104Kb free=119895Kb
 bounds [0x0000014e2c3b0000, 0x0000014e2c620000, 0x0000014e338e0000]
CodeHeap 'non-nmethods': size=5760Kb used=1094Kb max_used=1105Kb free=4665Kb
 bounds [0x0000014e2be10000, 0x0000014e2c080000, 0x0000014e2c3b0000]
 total_blobs=472 nmethods=104 adapters=281
 compilation: enabled
              stopped_count=0, restarted_count=0
 full_count=0

Compilation events (20 events):
Event: 26.778 Thread 0x0000014e473591b0   93       3       java.util.concurrent.ConcurrentHashMap::addCount (280 bytes)
Event: 26.779 Thread 0x0000014e473591b0 nmethod 93 0x0000014e2c3c6610 code [0x0000014e2c3c6860, 0x0000014e2c3c7208]
Event: 26.779 Thread 0x0000014e473591b0   94       3       java.lang.String::isEmpty (14 bytes)
Event: 26.779 Thread 0x0000014e473591b0 nmethod 94 0x0000014e2c3c7510 code [0x0000014e2c3c76a0, 0x0000014e2c3c7818]
Event: 26.779 Thread 0x0000014e473591b0   92       3       java.lang.AbstractStringBuilder::putStringAt (34 bytes)
Event: 26.779 Thread 0x0000014e473591b0 nmethod 92 0x0000014e2c3c7910 code [0x0000014e2c3c7ae0, 0x0000014e2c3c7df8]
Event: 26.779 Thread 0x0000014e473591b0   95   !   3       java.lang.ref.ReferenceQueue::poll (28 bytes)
Event: 26.779 Thread 0x0000014e473591b0 nmethod 95 0x0000014e2c3c7f90 code [0x0000014e2c3c8140, 0x0000014e2c3c83c8]
Event: 26.781 Thread 0x0000014e473591b0   96       3       java.lang.invoke.MethodTypeForm::canonicalize (74 bytes)
Event: 26.781 Thread 0x0000014e473591b0 nmethod 96 0x0000014e2c3c8510 code [0x0000014e2c3c8740, 0x0000014e2c3c8e38]
Event: 26.781 Thread 0x0000014e473591b0   98       3       java.lang.invoke.MethodType::hashCode (53 bytes)
Event: 26.781 Thread 0x0000014e473591b0 nmethod 98 0x0000014e2c3c9090 code [0x0000014e2c3c9240, 0x0000014e2c3c95d8]
Event: 26.781 Thread 0x0000014e473591b0   99       3       java.lang.invoke.MemberName::isInvocable (8 bytes)
Event: 26.782 Thread 0x0000014e473591b0 nmethod 99 0x0000014e2c3c9790 code [0x0000014e2c3c9940, 0x0000014e2c3c9bd8]
Event: 26.782 Thread 0x0000014e473591b0  100       3       java.lang.invoke.MemberName::testAnyFlags (15 bytes)
Event: 26.782 Thread 0x0000014e473591b0 nmethod 100 0x0000014e2c3c9d10 code [0x0000014e2c3c9ec0, 0x0000014e2c3ca0f8]
Event: 26.782 Thread 0x0000014e473591b0  101       1       java.lang.invoke.MemberName::getDeclaringClass (5 bytes)
Event: 26.782 Thread 0x0000014e473591b0 nmethod 101 0x0000014e338e8c90 code [0x0000014e338e8e20, 0x0000014e338e8ef8]
Event: 26.782 Thread 0x0000014e473591b0  103       1       java.lang.module.ModuleDescriptor::isOpen (5 bytes)
Event: 26.782 Thread 0x0000014e473591b0 nmethod 103 0x0000014e338e8f90 code [0x0000014e338e9120, 0x0000014e338e91f8]

GC Heap History (0 events):
No events

Deoptimization events (4 events):
Event: 26.523 Thread 0x0000014e24607820 Uncommon trap: trap_request=0xffffff45 fr.pc=0x0000014e338e0a28 relative=0x0000000000000428
Event: 26.523 Thread 0x0000014e24607820 Uncommon trap: reason=unstable_if action=reinterpret pc=0x0000014e338e0a28 method=es.syp.ae2.CalculaNEO.main([Ljava/lang/String;)V @ 66 c2
Event: 26.523 Thread 0x0000014e24607820 DEOPT PACKING pc=0x0000014e338e0a28 sp=0x0000002d669ff580
Event: 26.523 Thread 0x0000014e24607820 DEOPT UNPACKING pc=0x0000014e2be623a3 sp=0x0000002d669ff508 mode 2

Classes unloaded (0 events):
No events

Classes redefined (0 events):
No events

Internal exceptions (0 events):
No events

VM Operations (0 events):
No events

Events (20 events):
Event: 0.607 loading class jdk/internal/math/FloatingDecimal$ASCIIToBinaryBuffer done
Event: 26.523 loading class java/lang/Math$RandomNumberGeneratorHolder
Event: 26.523 loading class java/lang/Math$RandomNumberGeneratorHolder done
Event: 26.645 loading class jdk/internal/module/ModulePatcher$PatchedModuleReader
Event: 26.645 loading class jdk/internal/module/ModulePatcher$PatchedModuleReader done
Event: 26.646 Loaded shared library C:\Program Files\Java\jdk-17\bin\jimage.dll
Event: 26.647 loading class sun/net/www/protocol/jrt/Handler
Event: 26.647 loading class sun/net/www/protocol/jrt/Handler done
Event: 26.777 loading class sun/util/resources/LocaleData$CommonResourceBundleProvider
Event: 26.777 loading class sun/util/resources/LocaleData$LocaleDataResourceBundleProvider
Event: 26.777 loading class java/util/spi/ResourceBundleProvider
Event: 26.777 loading class java/util/spi/ResourceBundleProvider done
Event: 26.777 loading class sun/util/resources/LocaleData$LocaleDataResourceBundleProvider done
Event: 26.777 loading class sun/util/resources/LocaleData$CommonResourceBundleProvider done
Event: 26.778 loading class sun/util/resources/Bundles$2
Event: 26.778 loading class sun/util/resources/Bundles$2 done
Event: 26.778 loading class java/lang/InstantiationException
Event: 26.778 loading class java/lang/InstantiationException done
Event: 26.778 loading class java/lang/IllegalAccessException
Event: 26.778 loading class java/lang/IllegalAccessException done


Dynamic libraries:
0x00007ff713ab0000 - 0x00007ff713ac0000 	C:\Program Files\Java\jdk-17\bin\java.exe
0x00007ff9db650000 - 0x00007ff9db845000 	C:\WINDOWS\SYSTEM32\ntdll.dll
0x00007ff9d9750000 - 0x00007ff9d980e000 	C:\WINDOWS\System32\KERNEL32.DLL
0x00007ff9d9120000 - 0x00007ff9d93e9000 	C:\WINDOWS\System32\KERNELBASE.dll
0x00007ff9d95a0000 - 0x00007ff9d96a0000 	C:\WINDOWS\System32\ucrtbase.dll
0x00007ff9d1cd0000 - 0x00007ff9d1ce8000 	C:\Program Files\Java\jdk-17\bin\jli.dll
0x00007ff9c4d90000 - 0x00007ff9c4daa000 	C:\Program Files\Java\jdk-17\bin\VCRUNTIME140.dll
0x00007ff9d96a0000 - 0x00007ff9d974c000 	C:\WINDOWS\System32\ADVAPI32.dll
0x00007ff9d9da0000 - 0x00007ff9d9e3e000 	C:\WINDOWS\System32\msvcrt.dll
0x00007ff9dac50000 - 0x00007ff9daceb000 	C:\WINDOWS\System32\sechost.dll
0x00007ff9da960000 - 0x00007ff9daa8a000 	C:\WINDOWS\System32\RPCRT4.dll
0x00007ff9d9e40000 - 0x00007ff9d9fe1000 	C:\WINDOWS\System32\USER32.dll
0x00007ff9d93f0000 - 0x00007ff9d9412000 	C:\WINDOWS\System32\win32u.dll
0x00007ff9da180000 - 0x00007ff9da1ab000 	C:\WINDOWS\System32\GDI32.dll
0x00007ff9d8f80000 - 0x00007ff9d908b000 	C:\WINDOWS\System32\gdi32full.dll
0x00007ff9cb400000 - 0x00007ff9cb69a000 	C:\WINDOWS\WinSxS\amd64_microsoft.windows.common-controls_6595b64144ccf1df_6.0.19041.1110_none_60b5254171f9507e\COMCTL32.dll
0x00007ff9d9420000 - 0x00007ff9d94bd000 	C:\WINDOWS\System32\msvcp_win.dll
0x00007ff9d36d0000 - 0x00007ff9d36da000 	C:\WINDOWS\SYSTEM32\VERSION.dll
0x00007ff9db5e0000 - 0x00007ff9db610000 	C:\WINDOWS\System32\IMM32.DLL
0x00007ff9d1e90000 - 0x00007ff9d1e9c000 	C:\Program Files\Java\jdk-17\bin\vcruntime140_1.dll
0x00007ff9b13d0000 - 0x00007ff9b145d000 	C:\Program Files\Java\jdk-17\bin\msvcp140.dll
0x00007ff970a70000 - 0x00007ff97162e000 	C:\Program Files\Java\jdk-17\bin\server\jvm.dll
0x00007ff9dacf0000 - 0x00007ff9dacf8000 	C:\WINDOWS\System32\PSAPI.DLL
0x00007ff9cff80000 - 0x00007ff9cff89000 	C:\WINDOWS\SYSTEM32\WSOCK32.dll
0x00007ff9db570000 - 0x00007ff9db5db000 	C:\WINDOWS\System32\WS2_32.dll
0x00007ff9ccc00000 - 0x00007ff9ccc27000 	C:\WINDOWS\SYSTEM32\WINMM.dll
0x00007ff9d6c80000 - 0x00007ff9d6c92000 	C:\WINDOWS\SYSTEM32\kernel.appcore.dll
0x00007ff9cad80000 - 0x00007ff9cad8a000 	C:\Program Files\Java\jdk-17\bin\jimage.dll
0x00007ff9d3060000 - 0x00007ff9d3244000 	C:\WINDOWS\SYSTEM32\DBGHELP.DLL
0x00007ff9d2ec0000 - 0x00007ff9d2eec000 	C:\WINDOWS\SYSTEM32\dbgcore.DLL
0x00007ff9d9090000 - 0x00007ff9d9113000 	C:\WINDOWS\System32\bcryptPrimitives.dll
0x00007ff9bef90000 - 0x00007ff9befb5000 	C:\Program Files\Java\jdk-17\bin\java.dll
0x00007ff99bdb0000 - 0x00007ff99be86000 	C:\Program Files\Java\jdk-17\bin\svml.dll
0x00007ff9da1b0000 - 0x00007ff9da8ef000 	C:\WINDOWS\System32\SHELL32.dll
0x00007ff9d6e90000 - 0x00007ff9d7620000 	C:\WINDOWS\SYSTEM32\windows.storage.dll
0x00007ff9d98a0000 - 0x00007ff9d9bf5000 	C:\WINDOWS\System32\combase.dll
0x00007ff9d87c0000 - 0x00007ff9d87ec000 	C:\WINDOWS\SYSTEM32\Wldp.dll
0x00007ff9daf80000 - 0x00007ff9db02d000 	C:\WINDOWS\System32\SHCORE.dll
0x00007ff9da120000 - 0x00007ff9da175000 	C:\WINDOWS\System32\shlwapi.dll
0x00007ff9d8cb0000 - 0x00007ff9d8ccf000 	C:\WINDOWS\SYSTEM32\profapi.dll

dbghelp: loaded successfully - version: 4.0.5 - missing functions: none
symbol engine: initialized successfully - sym options: 0x614 - pdb path: (cannot be retrieved)

VM Arguments:
java_command: es.syp.ae2.CalculaNEO Armageddon 1.1 10.1 C:\Program Files\Java\jdk-17\bin\java -cp C:\Users\agarc\Desktop\2DAM\SyP\Eclipse\AE2\bin es.syp.ae2.CalculaNEO Armageddon 1.1 10.1 C:\Program Files\Java\jdk-17\bin\java -cp C:\Users\agarc\Desktop\2DAM\SyP\Eclipse\AE2\bin es.syp.ae2.CalculaNEO Armageddon 1.1 10.1 C:\Program Files\Java\jdk-17\bin\java -cp C:\Users\agarc\Desktop\2DAM\SyP\Eclipse\AE2\bin es.syp.ae2.CalculaNEO Armageddon 1.1 10.1 C:\Program Files\Java\jdk-17\bin\java -cp C:\Users\agarc\Desktop\2DAM\SyP\Eclipse\AE2\bin es.syp.ae2.CalculaNEO Armageddon 1.1 10.1 C:\Program Files\Java\jdk-17\bin\java -cp C:\Users\agarc\Desktop\2DAM\SyP\Eclipse\AE2\bin es.syp.ae2.CalculaNEO Armageddon 1.1 10.1 C:\Program Files\Java\jdk-17\bin\java -cp C:\Users\agarc\Desktop\2DAM\SyP\Eclipse\AE2\bin es.syp.ae2.CalculaNEO Armageddon 1.1 10.1 C:\Program Files\Java\jdk-17\bin\java -cp C:\Users\agarc\Desktop\2DAM\SyP\Eclipse\AE2\bin es.syp.ae2.CalculaNEO Armageddon 1.1 10.1 C:\Program Files\Java\jdk-17\bin\java -cp C:\Users\agarc\Desktop\2DAM\SyP\Eclipse\AE2\bin es.syp.ae2.CalculaNEO Armageddon 1.1 10.1 C:\Program Files\Java\jdk-17\bin\java -cp C:\Users\agarc\Desktop\2DAM\SyP\Eclipse\AE2\bin es.syp.ae2.CalculaNEO Armageddon 1.1 10.1 C:\Program Files\Java\jdk-17\bin\java -cp C:\Users\agarc\Desktop\2DAM\SyP\Eclipse\AE2\bin es.syp.ae2.CalculaNEO Armageddon 1.1 10.1 C:\Program Files\Java\jdk-17\bin\java -cp C:\Users\agarc\Desktop\2DAM\SyP\Eclipse\AE2\bin es.syp.ae2.CalculaNEO Armageddon 1.1 10.1 C:\Program Files\Java\jdk-17\bin\java -cp C:\Users\agarc\Desktop\2DAM\SyP\Eclipse\AE2\bin es.syp.ae2.CalculaNEO Armageddon 1.1 10.1 C:\Program Files\Java\jdk-17\bin\java -cp C:\Users\agarc\Desktop\2DAM\SyP\Eclipse\AE2\bin es.syp.ae2.CalculaNEO Armageddon 1.1 10.1 C:\Program Files\Java\jdk-17\bin\java -cp C:\Users\agarc\Desktop\2DAM\SyP\Eclipse\AE2\bin es.syp.ae2.CalculaNEO Armageddon 1.1 10.1 C:\Program Files\Java\jdk-17\bin\java -cp C:\Users\agarc\Desktop\2DAM\SyP\Eclipse\AE2\bin es.s
java_class_path (initial): C:\Users\agarc\Desktop\2DAM\SyP\Eclipse\AE2\bin
Launcher Type: SUN_STANDARD

[Global flags]
     intx CICompilerCount                          = 4                                         {product} {ergonomic}
     uint ConcGCThreads                            = 2                                         {product} {ergonomic}
     uint G1ConcRefinementThreads                  = 8                                         {product} {ergonomic}
   size_t G1HeapRegionSize                         = 2097152                                   {product} {ergonomic}
    uintx GCDrainStackTargetSize                   = 64                                        {product} {ergonomic}
   size_t InitialHeapSize                          = 268435456                                 {product} {ergonomic}
   size_t MarkStackSize                            = 4194304                                   {product} {ergonomic}
   size_t MaxHeapSize                              = 4284481536                                {product} {ergonomic}
   size_t MaxNewSize                               = 2569011200                                {product} {ergonomic}
   size_t MinHeapDeltaBytes                        = 2097152                                   {product} {ergonomic}
   size_t MinHeapSize                              = 8388608                                   {product} {ergonomic}
    uintx NonNMethodCodeHeapSize                   = 5839372                                {pd product} {ergonomic}
    uintx NonProfiledCodeHeapSize                  = 122909434                              {pd product} {ergonomic}
    uintx ProfiledCodeHeapSize                     = 122909434                              {pd product} {ergonomic}
    uintx ReservedCodeCacheSize                    = 251658240                              {pd product} {ergonomic}
     bool SegmentedCodeCache                       = true                                      {product} {ergonomic}
   size_t SoftMaxHeapSize                          = 4284481536                             {manageable} {ergonomic}
     bool UseCompressedClassPointers               = true                           {product lp64_product} {ergonomic}
     bool UseCompressedOops                        = true                           {product lp64_product} {ergonomic}
     bool UseG1GC                                  = true                                      {product} {ergonomic}
     bool UseLargePagesIndividualAllocation        = false                                  {pd product} {ergonomic}

Logging:
Log output configuration:
 #0: stdout all=warning uptime,level,tags
 #1: stderr all=off uptime,level,tags

Environment Variables:
JAVA_HOME=C:\Program Files\Java\jdk-17
PATH=C:\Program Files\Common Files\Oracle\Java\javapath;C:\Program Files (x86)\Intel\Intel(R) Management Engine Components\iCLS\;C:\Program Files\Intel\Intel(R) Management Engine Components\iCLS\;C:\WINDOWS\system32;C:\WINDOWS;C:\WINDOWS\System32\Wbem;C:\WINDOWS\System32\WindowsPowerShell\v1.0\;C:\WINDOWS\System32\OpenSSH\;C:\Program Files (x86)\Intel\Intel(R) Management Engine Components\DAL;C:\Program Files\Intel\Intel(R) Management Engine Components\DAL;C:\Program Files (x86)\Intel\Intel(R) Management Engine Components\IPT;C:\Program Files\Intel\Intel(R) Management Engine Components\IPT;C:\Program Files (x86)\NVIDIA Corporation\PhysX\Common;C:\Program Files\NVIDIA Corporation\NVIDIA NvDLISR;C:\Program Files\Git\cmd;C:\Program Files\nodejs\;C:\Program Files\Microsoft SQL Server\130\Tools\Binn\;C:\Program Files\Microsoft SQL Server\Client SDK\ODBC\170\Tools\Binn\;C:\Program Files\dotnet\;C:\Program Files\Java\jdk-17\bin;C:\Users\agarc\AppData\Local\Microsoft\WindowsApps;C:\Users\agarc\AppData\Roaming\npm;C:\Users\agarc\AppData\Local\Programs\Microsoft VS Code\bin;C:\Users\agarc\.dotnet\tools
USERNAME=agarc
OS=Windows_NT
PROCESSOR_IDENTIFIER=Intel64 Family 6 Model 158 Stepping 9, GenuineIntel



---------------  S Y S T E M  ---------------

OS:
 Windows 10 , 64 bit Build 19041 (10.0.19041.1202)
OS uptime: 4 days 22:15 hours

CPU: total 8 (initial active 8) (4 cores per cpu, 2 threads per core) family 6 model 158 stepping 9 microcode 0xb4, cx8, cmov, fxsr, ht, mmx, 3dnowpref, sse, sse2, sse3, ssse3, sse4.1, sse4.2, popcnt, lzcnt, tsc, tscinvbit, avx, avx2, aes, erms, clmul, bmi1, bmi2, rtm, adx, fma, vzeroupper, clflush, clflushopt

Memory: 4k page, system-wide physical 16343M (5697M free)
TotalPageFile size 65495M (AvailPageFile size 1M)
current process WorkingSet (physical memory assigned to process): 30M, peak: 30M
current process commit charge ("private bytes"): 343M, peak: 343M

vm_info: Java HotSpot(TM) 64-Bit Server VM (17+35-LTS-2724) for windows-amd64 JRE (17+35-LTS-2724), built on Aug  5 2021 23:28:28 by "mach5one" with MS VC++ 16.8 (VS2019)

END.
