#
# There is insufficient memory for the Java Runtime Environment to continue.
# Native memory allocation (malloc) failed to allocate 32744 bytes for ChunkPool::allocate
# Possible reasons:
#   The system is out of physical RAM or swap space
#   The process is running with CompressedOops enabled, and the Java Heap may be blocking the growth of the native heap
# Possible solutions:
#   Reduce memory load on the system
#   Increase physical memory or swap space
#   Check if swap backing store is full
#   Decrease Java heap size (-Xmx/-Xms)
#   Decrease number of Java threads
#   Decrease Java thread stack sizes (-Xss)
#   Set larger code cache with -XX:ReservedCodeCacheSize=
#   JVM is running with Zero Based Compressed Oops mode in which the Java heap is
#     placed in the first 32GB address space. The Java Heap base address is the
#     maximum limit for the native heap growth. Please use -XX:HeapBaseMinAddress
#     to set the Java Heap base and to place the Java Heap above 32GB virtual address.
# This output file may be truncated or incomplete.
#
#  Out of Memory Error (arena.cpp:78), pid=11308, tid=22400
#
# JRE version: Java(TM) SE Runtime Environment (17.0+35) (build 17+35-LTS-2724)
# Java VM: Java HotSpot(TM) 64-Bit Server VM (17+35-LTS-2724, mixed mode, sharing, tiered, compressed oops, compressed class ptrs, g1 gc, windows-amd64)
# No core dump will be written. Minidumps are not enabled by default on client versions of Windows
#

---------------  S U M M A R Y ------------

Command Line: es.syp.ae2.CalculaNEO Armageddon 1.1 10.1 C:\Program Files\Java\jdk-17\bin\java -cp C:\Users\agarc\Desktop\2DAM\SyP\Eclipse\AE2\bin es.syp.ae2.CalculaNEO Armageddon 1.1 10.1 C:\Program Files\Java\jdk-17\bin\java -cp C:\Users\agarc\Desktop\2DAM\SyP\Eclipse\AE2\bin es.syp.ae2.CalculaNEO Armageddon 1.1 10.1 C:\Program Files\Java\jdk-17\bin\java -cp C:\Users\agarc\Desktop\2DAM\SyP\Eclipse\AE2\bin es.syp.ae2.CalculaNEO Armageddon 1.1 10.1 C:\Program Files\Java\jdk-17\bin\java -cp C:\Users\agarc\Desktop\2DAM\SyP\Eclipse\AE2\bin es.syp.ae2.CalculaNEO Armageddon 1.1 10.1 C:\Program Files\Java\jdk-17\bin\java -cp C:\Users\agarc\Desktop\2DAM\SyP\Eclipse\AE2\bin es.syp.ae2.CalculaNEO Armageddon 1.1 10.1 C:\Program Files\Java\jdk-17\bin\java -cp C:\Users\agarc\Desktop\2DAM\SyP\Eclipse\AE2\bin es.syp.ae2.CalculaNEO Armageddon 1.1 10.1 C:\Program Files\Java\jdk-17\bin\java -cp C:\Users\agarc\Desktop\2DAM\SyP\Eclipse\AE2\bin es.syp.ae2.CalculaNEO Armageddon 1.1 10.1 C:\Program Files\Java\jdk-17\bin\java -cp C:\Users\agarc\Desktop\2DAM\SyP\Eclipse\AE2\bin es.syp.ae2.CalculaNEO Armageddon 1.1 10.1 C:\Program Files\Java\jdk-17\bin\java -cp C:\Users\agarc\Desktop\2DAM\SyP\Eclipse\AE2\bin es.syp.ae2.CalculaNEO Armageddon 1.1 10.1 C:\Program Files\Java\jdk-17\bin\java -cp C:\Users\agarc\Desktop\2DAM\SyP\Eclipse\AE2\bin es.syp.ae2.CalculaNEO Armageddon 1.1 10.1 C:\Program Files\Java\jdk-17\bin\java -cp C:\Users\agarc\Desktop\2DAM\SyP\Eclipse\AE2\bin es.syp.ae2.CalculaNEO Armageddon 1.1 10.1 C:\Program Files\Java\jdk-17\bin\java -cp C:\Users\agarc\Desktop\2DAM\SyP\Eclipse\AE2\bin es.syp.ae2.CalculaNEO Armageddon 1.1 10.1 C:\Program Files\Java\jdk-17\bin\java -cp C:\Users\agarc\Desktop\2DAM\SyP\Eclipse\AE2\bin es.syp.ae2.CalculaNEO Armageddon 1.1 10.1 C:\Program Files\Java\jdk-17\bin\java -cp C:\Users\agarc\Desktop\2DAM\SyP\Eclipse\AE2\bin es.syp.ae2.CalculaNEO Armageddon 1.1 10.1 C:\Program Files\Java\jdk-17\bin\java -cp C:\Users\agarc\Desktop\2DAM\SyP\Eclipse\AE2\bin es.syp.ae2.CalculaNEO Armageddon 1.1 10.1 C:\Program Files\Java\jdk-17\bin\java -cp C:\Users\agarc\Desktop\2DAM\SyP\Eclipse\AE2\bin es.syp.ae2.CalculaNEO Armageddon 1.1 10.1 C:\Program Files\Java\jdk-17\bin\java -cp C:\Users\agarc\Desktop\2DAM\SyP\Eclipse\AE2\bin es.syp.ae2.CalculaNEO Armageddon 1.1 10.1 C:\Program Files\Java\jdk-17\bin\java -cp C:\Users\agarc\Desktop\2DAM\SyP\Eclipse\AE2\bin es.syp.ae2.CalculaNEO Armageddon 1.1 10.1 C:\Program Files\Java\jdk-17\bin\java -cp C:\Users\agarc\Desktop\2DAM\SyP\Eclipse\AE2\bin es.syp.ae2.CalculaNEO Armageddon 1.1 10.1 C:\Program Files\Java\jdk-17\bin\java -cp C:\Users\agarc\Desktop\2DAM\SyP\Eclipse\AE2\bin es.syp.ae2.CalculaNEO Armageddon 1.1 10.1 C:\Program Files\Java\jdk-17\bin\java -cp C:\Users\agarc\Desktop\2DAM\SyP\Eclipse\AE2\bin es.syp.ae2.CalculaNEO Armageddon 1.1 10.1 C:\Program Files\Java\jdk-17\bin\java -cp C:\Users\agarc\Desktop\2DAM\SyP\Eclipse\AE2\bin es.syp.ae2.CalculaNEO Armageddon 1.1 10.1 C:\Program Files\Java\jdk-17\bin\java -cp C:\Users\agarc\Desktop\2DAM\SyP\Eclipse\AE2\bin es.syp.ae2.CalculaNEO Armageddon 1.1 10.1 C:\Program Files\Java\jdk-17\bin\java -cp C:\Users\agarc\Desktop\2DAM\SyP\Eclipse\AE2\bin es.syp.ae2.CalculaNEO Armageddon 1.1 10.1 C:\Program Files\Java\jdk-17\bin\java -cp C:\Users\agarc\Desktop\2DAM\SyP\Eclipse\AE2\bin es.syp.ae2.CalculaNEO Armageddon 1.1 10.1 C:\Program Files\Java\jdk-17\bin\java -cp C:\Users\agarc\Desktop\2DAM\SyP\Eclipse\AE2\bin es.syp.ae2.CalculaNEO Armageddon 1.1 10.1 C:\Program Files\Java\jdk-17\bin\java -cp C:\Users\agarc\Desktop\2DAM\SyP\Eclipse\AE2\bin es.syp.ae2.CalculaNEO Armageddon 1.1 10.1 C:\Program Files\Java\jdk-17\bin\java -cp C:\Users\agarc\Desktop\2DAM\SyP\Eclipse\AE2\bin es.syp.ae2.CalculaNEO Armageddon 1.1 10.1 C:\Program Files\Java\jdk-17\bin\java -cp C:\Users\agarc\Desktop\2DAM\SyP\Eclipse\AE2\bin es.syp.ae2.CalculaNEO Armageddon 1.1 10.1 C:\Program Files\Java\jdk-17\bin\java -cp C:\Users\agarc\Desktop\2DAM\SyP\Eclipse\AE2\bin es.syp.ae2.CalculaNEO Armageddon 1.1 10.1 C:\Program Files\Java\jdk-17\bin\java -cp C:\Users\agarc\Desktop\2DAM\SyP\Eclipse\AE2\bin es.syp.ae2.CalculaNEO Armageddon 1.1 10.1 C:\Program Files\Java\jdk-17\bin\java -cp C:\Users\agarc\Desktop\2DAM\SyP\Eclipse\AE2\bin es.syp.ae2.CalculaNEO Armageddon 1.1 10.1 C:\Program Files\Java\jdk-17\bin\java -cp C:\Users\agarc\Desktop\2DAM\SyP\Eclipse\AE2\bin es.syp.ae2.CalculaNEO Armageddon 1.1 10.1 C:\Program Files\Java\jdk-17\bin\java -cp C:\Users\agarc\Desktop\2DAM\SyP\Eclipse\AE2\bin es.syp.ae2.CalculaNEO Armageddon 1.1 10.1 C:\Program Files\Java\jdk-17\bin\java -cp C:\Users\agarc\Desktop\2DAM\SyP\Eclipse\AE2\bin es.syp.ae2.CalculaNEO Armageddon 1.1 10.1 C:\Program Files\Java\jdk-17\bin\java -cp C:\Users\agarc\Desktop\2DAM\SyP\Eclipse\AE2\bin es.syp.ae2.CalculaNEO Armageddon 1.1 10.1 C:\Program Files\Java\jdk-17\bin\java -cp C:\Users\agarc\Desktop\2DAM\SyP\Eclipse\AE2\bin es.syp.ae2.CalculaNEO Armageddon 1.1 10.1 C:\Program Files\Java\jdk-17\bin\java -cp C:\Users\agarc\Desktop\2DAM\SyP\Eclipse\AE2\bin es.syp.ae2.CalculaNEO Armageddon 1.1 10.1 C:\Program Files\Java\jdk-17\bin\java -cp C:\Users\agarc\Desktop\2DAM\SyP\Eclipse\AE2\bin es.syp.ae2.CalculaNEO Armageddon 1.1 10.1 C:\Program Files\Java\jdk-17\bin\java -cp C:\Users\agarc\Desktop\2DAM\SyP\Eclipse\AE2\bin es.syp.ae2.CalculaNEO Armageddon 1.1 10.1 C:\Program Files\Java\jdk-17\bin\java -cp C:\Users\agarc\Desktop\2DAM\SyP\Eclipse\AE2\bin es.syp.ae2.CalculaNEO Armageddon 1.1 10.1 C:\Program Files\Java\jdk-17\bin\java -cp C:\Users\agarc\Desktop\2DAM\SyP\Eclipse\AE2\bin es.syp.ae2.CalculaNEO Armageddon 1.1 10.1 C:\Program Files\Java\jdk-17\bin\java -cp C:\Users\agarc\Desktop\2DAM\SyP\Eclipse\AE2\bin es.syp.ae2.CalculaNEO Armageddon 1.1 10.1 C:\Program Files\Java\jdk-17\bin\java -cp C:\Users\agarc\Desktop\2DAM\SyP\Eclipse\AE2\bin es.syp.ae2.CalculaNEO Armageddon 1.1 10.1 C:\Program Files\Java\jdk-17\bin\java -cp C:\Users\agarc\Desktop\2DAM\SyP\Eclipse\AE2\bin es.syp.ae2.CalculaNEO Armageddon 1.1 10.1 C:\Program Files\Java\jdk-17\bin\java -cp C:\Users\agarc\Desktop\2DAM\SyP\Eclipse\AE2\bin es.syp.ae2.CalculaNEO Armageddon 1.1 10.1 C:\Program Files\Java\jdk-17\bin\java -cp C:\Users\agarc\Desktop\2DAM\SyP\Eclipse\AE2\bin es.syp.ae2.CalculaNEO Armageddon 1.1 10.1 C:\Program Files\Java\jdk-17\bin\java -cp C:\Users\agarc\Desktop\2DAM\SyP\Eclipse\AE2\bin es.syp.ae2.CalculaNEO Armageddon 1.1 10.1 C:\Program Files\Java\jdk-17\bin\java -cp C:\Users\agarc\Desktop\2DAM\SyP\Eclipse\AE2\bin es.syp.ae2.CalculaNEO Armageddon 1.1 10.1 C:\Program Files\Java\jdk-17\bin\java -cp C:\Users\agarc\Desktop\2DAM\SyP\Eclipse\AE2\bin es.syp.ae2.CalculaNEO Armageddon 1.1 10.1 C:\Program Files\Java\jdk-17\bin\java -cp C:\Users\agarc\Desktop\2DAM\SyP\Eclipse\AE2\bin es.syp.ae2.CalculaNEO Armageddon 1.1 10.1 C:\Program Files\Java\jdk-17\bin\java -cp C:\Users\agarc\Desktop\2DAM\SyP\Eclipse\AE2\bin es.syp.ae2.CalculaNEO Armageddon 1.1 10.1 C:\Program Files\Java\jdk-17\bin\java -cp C:\Users\agarc\Desktop\2DAM\SyP\Eclipse\AE2\bin es.syp.ae2.CalculaNEO Armageddon 1.1 10.1 C:\Program Files\Java\jdk-17\bin\java -cp C:\Users\agarc\Desktop\2DAM\SyP\Eclipse\AE2\bin es.syp.ae2.CalculaNEO Armageddon 1.1 10.1 C:\Program Files\Java\jdk-17\bin\java -cp C:\Users\agarc\Desktop\2DAM\SyP\Eclipse\AE2\bin es.syp.ae2.CalculaNEO Armageddon 1.1 10.1 C:\Program Files\Java\jdk-17\bin\java -cp C:\Users\agarc\Desktop\2DAM\SyP\Eclipse\AE2\bin es.syp.ae2.CalculaNEO Armageddon 1.1 10.1 C:\Program Files\Java\jdk-17\bin\java -cp C:\Users\agarc\Desktop\2DAM\SyP\Eclipse\AE2\bin es.syp.ae2.CalculaNEO Armageddon 1.1 10.1 C:\Program Files\Java\jdk-17\bin\java -cp C:\Users\agarc\Desktop\2DAM\SyP\Eclipse\AE2\bin es.syp.ae2.CalculaNEO Armageddon 1.1 10.1 C:\Program Files\Java\jdk-17\bin\java -cp C:\Users\agarc\Desktop\2DAM\SyP\Eclipse\AE2\bin es.syp.ae2.CalculaNEO Armageddon 1.1 10.1 C:\Program Files\Java\jdk-17\bin\java -cp C:\Users\agarc\Desktop\2DAM\SyP\Eclipse\AE2\bin es.syp.ae2.CalculaNEO Armageddon 1.1 10.1 C:\Program Files\Java\jdk-17\bin\java -cp C:\Users\agarc\Desktop\2DAM\SyP\Eclipse\AE2\bin es.syp.ae2.CalculaNEO Armageddon 1.1 10.1 C:\Program Files\Java\jdk-17\bin\java -cp C:\Users\agarc\Desktop\2DAM\SyP\Eclipse\AE2\bin es.syp.ae2.CalculaNEO Armageddon 1.1 10.1 C:\Program Files\Java\jdk-17\bin\java -cp C:\Users\agarc\Desktop\2DAM\SyP\Eclipse\AE2\bin es.syp.ae2.CalculaNEO Armageddon 1.1 10.1 C:\Program Files\Java\jdk-17\bin\java -cp C:\Users\agarc\Desktop\2DAM\SyP\Eclipse\AE2\bin es.syp.ae2.CalculaNEO Armageddon 1.1 10.1 C:\Program Files\Java\jdk-17\bin\java -cp C:\Users\agarc\Desktop\2DAM\SyP\Eclipse\AE2\bin es.syp.ae2.CalculaNEO Armageddon 1.1 10.1 C:\Program Files\Java\jdk-17\bin\java -cp C:\Users\agarc\Desktop\2DAM\SyP\Eclipse\AE2\bin es.syp.ae2.CalculaNEO Armageddon 1.1 10.1 C:\Program Files\Java\jdk-17\bin\java -cp C:\Users\agarc\Desktop\2DAM\SyP\Eclipse\AE2\bin es.syp.ae2.CalculaNEO Armageddon 1.1 10.1 C:\Program Files\Java\jdk-17\bin\java -cp C:\Users\agarc\Desktop\2DAM\SyP\Eclipse\AE2\bin es.syp.ae2.CalculaNEO Armageddon 1.1 10.1 C:\Program Files\Java\jdk-17\bin\java -cp C:\Users\agarc\Desktop\2DAM\SyP\Eclipse\AE2\bin es.syp.ae2.CalculaNEO Armageddon 1.1 10.1 C:\Program Files\Java\jdk-17\bin\java -cp C:\Users\agarc\Desktop\2DAM\SyP\Eclipse\AE2\bin es.syp.ae2.CalculaNEO Armageddon 1.1 10.1 C:\Program Files\Java\jdk-17\bin\java -cp C:\Users\agarc\Desktop\2DAM\SyP\Eclipse\AE2\bin es.syp.ae2.CalculaNEO Armageddon 1.1 10.1 C:\Program Files\Java\jdk-17\bin\java -cp C:\Users\agarc\Desktop\2DAM\SyP\Eclipse\AE2\bin es.syp.ae2.CalculaNEO Armageddon 1.1 10.1 C:\Program Files\Java\jdk-17\bin\java -cp C:\Users\agarc\Desktop\2DAM\SyP\Eclipse\AE2\bin es.syp.ae2.CalculaNEO Armageddon 1.1 10.1 C:\Program Files\Java\jdk-17\bin\java -cp C:\Users\agarc\Desktop\2DAM\SyP\Eclipse\AE2\bin es.syp.ae2.CalculaNEO Armageddon 1.1 10.1 C:\Program Files\Java\jdk-17\bin\java -cp C:\Users\agarc\Desktop\2DAM\SyP\Eclipse\AE2\bin es.syp.ae2.CalculaNEO Armageddon 1.1 10.1 C:\Program Files\Java\jdk-17\bin\java -cp C:\Users\agarc\Desktop\2DAM\SyP\Eclipse\AE2\bin es.syp.ae2.CalculaNEO Armageddon 1.1 10.1 C:\Program Files\Java\jdk-17\bin\java -cp C:\Users\agarc\Desktop\2DAM\SyP\Eclipse\AE2\bin es.syp.ae2.CalculaNEO Armageddon 1.1 10.1 C:\Program Files\Java\jdk-17\bin\java -cp C:\Users\agarc\Desktop\2DAM\SyP\Eclipse\AE2\bin es.syp.ae2.CalculaNEO Armageddon 1.1 10.1 C:\Program Files\Java\jdk-17\bin\java -cp C:\Users\agarc\Desktop\2DAM\SyP\Eclipse\AE2\bin es.syp.ae2.CalculaNEO Armageddon 1.1 10.1 C:\Program Files\Java\jdk-17\bin\java -cp C:\Users\agarc\Desktop\2DAM\SyP\Eclipse\AE2\bin es.syp.ae2.CalculaNEO Armageddon 1.1 10.1 C:\Program Files\Java\jdk-17\bin\java -cp C:\Users\agarc\Desktop\2DAM\SyP\Eclipse\AE2\bin es.syp.ae2.CalculaNEO Armageddon 1.1 10.1 C:\Program Files\Java\jdk-17\bin\java -cp C:\Users\agarc\Desktop\2DAM\SyP\Eclipse\AE2\bin es.syp.ae2.CalculaNEO Armageddon 1.1 10.1 C:\Program Files\Java\jdk-17\bin\java -cp C:\Users\agarc\Desktop\2DAM\SyP\Eclipse\AE2\bin es.syp.ae2.CalculaNEO Armageddon 1.1 10.1 C:\Program Files\Java\jdk-17\bin\java -cp C:\Users\agarc\Desktop\2DAM\SyP\Eclipse\AE2\bin es.syp.ae2.CalculaNEO Armageddon 1.1 10.1 C:\Program Files\Java\jdk-17\bin\java -cp C:\Users\agarc\Desktop\2DAM\SyP\Eclipse\AE2\bin es.syp.ae2.CalculaNEO Armageddon 1.1 10.1 C:\Program Files\Java\jdk-17\bin\java -cp C:\Users\agarc\Desktop\2DAM\SyP\Eclipse\AE2\bin es.syp.ae2.CalculaNEO Armageddon 1.1 10.1 C:\Program Files\Java\jdk-17\bin\java -cp C:\Users\agarc\Desktop\2DAM\SyP\Eclipse\AE2\bin es.syp.ae2.CalculaNEO Armageddon 1.1 10.1 C:\Program Files\Java\jdk-17\bin\java -cp C:\Users\agarc\Desktop\2DAM\SyP\Eclipse\AE2\bin es.syp.ae2.CalculaNEO Armageddon 1.1 10.1 C:\Program Files\Java\jdk-17\bin\java -cp C:\Users\agarc\Desktop\2DAM\SyP\Eclipse\AE2\bin es.syp.ae2.CalculaNEO Armageddon 1.1 10.1 C:\Program Files\Java\jdk-17\bin\java -cp C:\Users\agarc\Desktop\2DAM\SyP\Eclipse\AE2\bin es.syp.ae2.CalculaNEO Armageddon 1.1 10.1 C:\Program Files\Java\jdk-17\bin\java -cp C:\Users\agarc\Desktop\2DAM\SyP\Eclipse\AE2\bin es.syp.ae2.CalculaNEO Armageddon 1.1 10.1 C:\Program Files\Java\jdk-17\bin\java -cp C:\Users\agarc\Desktop\2DAM\SyP\Eclipse\AE2\bin es.syp.ae2.CalculaNEO Armageddon 1.1 10.1 C:\Program Files\Java\jdk-17\bin\java -cp C:\Users\agarc\Desktop\2DAM\SyP\Eclipse\AE2\bin es.syp.ae2.CalculaNEO Armageddon 1.1 10.1 C:\Program Files\Java\jdk-17\bin\java -cp C:\Users\agarc\Desktop\2DAM\SyP\Eclipse\AE2\bin es.syp.ae2.CalculaNEO Armageddon 1.1 10.1 C:\Program Files\Java\jdk-17\bin\java -cp C:\Users\agarc\Desktop\2DAM\SyP\Eclipse\AE2\bin es.syp.ae2.CalculaNEO Armageddon 1.1 10.1 C:\Program Files\Java\jdk-17\bin\java -cp C:\Users\agarc\Desktop\2DAM\SyP\Eclipse\AE2\bin es.syp.ae2.CalculaNEO Armageddon 1.1 10.1 C:\Program Files\Java\jdk-17\bin\java -cp C:\Users\agarc\Desktop\2DAM\SyP\Eclipse\AE2\bin es.syp.ae2.CalculaNEO Armageddon 1.1 10.1 C:\Program Files\Java\jdk-17\bin\java -cp C:\Users\agarc\Desktop\2DAM\SyP\Eclipse\AE2\bin es.syp.ae2.CalculaNEO Armageddon 1.1 10.1 C:\Program Files\Java\jdk-17\bin\java -cp C:\Users\agarc\Desktop\2DAM\SyP\Eclipse\AE2\bin es.syp.ae2.CalculaNEO Armageddon 1.1 10.1 C:\Program Files\Java\jdk-17\bin\java -cp C:\Users\agarc\Desktop\2DAM\SyP\Eclipse\AE2\bin es.syp.ae2.CalculaNEO Armageddon 1.1 10.1 C:\Program Files\Java\jdk-17\bin\java -cp C:\Users\agarc\Desktop\2DAM\SyP\Eclipse\AE2\bin es.syp.ae2.CalculaNEO Armageddon 1.1 10.1 C:\Program Files\Java\jdk-17\bin\java -cp C:\Users\agarc\Desktop\2DAM\SyP\Eclipse\AE2\bin es.syp.ae2.CalculaNEO Armageddon 1.1 10.1 C:\Program Files\Java\jdk-17\bin\java -cp C:\Users\agarc\Desktop\2DAM\SyP\Eclipse\AE2\bin es.syp.ae2.CalculaNEO Armageddon 1.1 10.1 C:\Program Files\Java\jdk-17\bin\java -cp C:\Users\agarc\Desktop\2DAM\SyP\Eclipse\AE2\bin es.syp.ae2.CalculaNEO Armageddon 1.1 10.1 C:\Program Files\Java\jdk-17\bin\java -cp C:\Users\agarc\Desktop\2DAM\SyP\Eclipse\AE2\bin es.syp.ae2.CalculaNEO Armageddon 1.1 10.1 C:\Program Files\Java\jdk-17\bin\java -cp C:\Users\agarc\Desktop\2DAM\SyP\Eclipse\AE2\bin es.syp.ae2.CalculaNEO Armageddon 1.1 10.1 C:\Program Files\Java\jdk-17\bin\java -cp C:\Users\agarc\Desktop\2DAM\SyP\Eclipse\AE2\bin es.syp.ae2.CalculaNEO Armageddon 1.1 10.1

Host: Intel(R) Core(TM) i7-7700K CPU @ 4.20GHz, 8 cores, 15G,  Windows 10 , 64 bit Build 19041 (10.0.19041.1202)
Time: Tue Oct 19 18:59:39 2021 Hora de verano romance elapsed time: 17.357571 seconds (0d 0h 0m 17s)

---------------  T H R E A D  ---------------

Current thread (0x0000022e3ea96de0):  JavaThread "C1 CompilerThread0" daemon [_thread_in_native, id=22400, stack(0x00000075d1e00000,0x00000075d1f00000)]


Current CompileTask:
C1:  17357   77       3       java.util.StringTokenizer::skipDelimiters (116 bytes)

Stack: [0x00000075d1e00000,0x00000075d1f00000]
Native frames: (J=compiled Java code, j=interpreted, Vv=VM code, C=native code)
V  [jvm.dll+0x66f8ea]
V  [jvm.dll+0x7ce224]
V  [jvm.dll+0x7cf9ce]
V  [jvm.dll+0x7d0033]
V  [jvm.dll+0x242bb5]
V  [jvm.dll+0xaa2a0]
V  [jvm.dll+0xaa5ec]
V  [jvm.dll+0x173653]
V  [jvm.dll+0x17371e]
V  [jvm.dll+0x176067]
V  [jvm.dll+0x1780b1]
V  [jvm.dll+0x1323c3]
V  [jvm.dll+0x131cbf]
V  [jvm.dll+0x131ef6]
V  [jvm.dll+0x13138a]
V  [jvm.dll+0x133051]
V  [jvm.dll+0x2248f8]
V  [jvm.dll+0x222a5c]
V  [jvm.dll+0x78422b]
V  [jvm.dll+0x77e7ea]
