#
# A fatal error has been detected by the Java Runtime Environment:
#
#  EXCEPTION_ACCESS_VIOLATION (0xc0000005) at pc=0x0000000000000000, pid=8928, tid=16864
#
# JRE version:  (17.0+35) (build )
# Java VM: Java HotSpot(TM) 64-Bit Server VM (17+35-LTS-2724, mixed mode, tiered, compressed oops, compressed class ptrs, g1 gc, windows-amd64)
# Problematic frame:
# C  0x0000000000000000
#
# No core dump will be written. Minidumps are not enabled by default on client versions of Windows
#
# The crash happened outside the Java Virtual Machine in native code.
# See problematic frame for where to report the bug.
#

---------------  S U M M A R Y ------------

Command Line: es.syp.ae2.CalculaNEO Armageddon 1.1 10.1 C:\Program Files\Java\jdk-17\bin\java -cp C:\Users\agarc\Desktop\2DAM\SyP\Eclipse\AE2\bin es.syp.ae2.CalculaNEO Armageddon 1.1 10.1 C:\Program Files\Java\jdk-17\bin\java -cp C:\Users\agarc\Desktop\2DAM\SyP\Eclipse\AE2\bin es.syp.ae2.CalculaNEO Armageddon 1.1 10.1 C:\Program Files\Java\jdk-17\bin\java -cp C:\Users\agarc\Desktop\2DAM\SyP\Eclipse\AE2\bin es.syp.ae2.CalculaNEO Armageddon 1.1 10.1 C:\Program Files\Java\jdk-17\bin\java -cp C:\Users\agarc\Desktop\2DAM\SyP\Eclipse\AE2\bin es.syp.ae2.CalculaNEO Armageddon 1.1 10.1 C:\Program Files\Java\jdk-17\bin\java -cp C:\Users\agarc\Desktop\2DAM\SyP\Eclipse\AE2\bin es.syp.ae2.CalculaNEO Armageddon 1.1 10.1 C:\Program Files\Java\jdk-17\bin\java -cp C:\Users\agarc\Desktop\2DAM\SyP\Eclipse\AE2\bin es.syp.ae2.CalculaNEO Armageddon 1.1 10.1 C:\Program Files\Java\jdk-17\bin\java -cp C:\Users\agarc\Desktop\2DAM\SyP\Eclipse\AE2\bin es.syp.ae2.CalculaNEO Armageddon 1.1 10.1 C:\Program Files\Java\jdk-17\bin\java -cp C:\Users\agarc\Desktop\2DAM\SyP\Eclipse\AE2\bin es.syp.ae2.CalculaNEO Armageddon 1.1 10.1 C:\Program Files\Java\jdk-17\bin\java -cp C:\Users\agarc\Desktop\2DAM\SyP\Eclipse\AE2\bin es.syp.ae2.CalculaNEO Armageddon 1.1 10.1 C:\Program Files\Java\jdk-17\bin\java -cp C:\Users\agarc\Desktop\2DAM\SyP\Eclipse\AE2\bin es.syp.ae2.CalculaNEO Armageddon 1.1 10.1 C:\Program Files\Java\jdk-17\bin\java -cp C:\Users\agarc\Desktop\2DAM\SyP\Eclipse\AE2\bin es.syp.ae2.CalculaNEO Armageddon 1.1 10.1 C:\Program Files\Java\jdk-17\bin\java -cp C:\Users\agarc\Desktop\2DAM\SyP\Eclipse\AE2\bin es.syp.ae2.CalculaNEO Armageddon 1.1 10.1 C:\Program Files\Java\jdk-17\bin\java -cp C:\Users\agarc\Desktop\2DAM\SyP\Eclipse\AE2\bin es.syp.ae2.CalculaNEO Armageddon 1.1 10.1 C:\Program Files\Java\jdk-17\bin\java -cp C:\Users\agarc\Desktop\2DAM\SyP\Eclipse\AE2\bin es.syp.ae2.CalculaNEO Armageddon 1.1 10.1 C:\Program Files\Java\jdk-17\bin\java -cp C:\Users\agarc\Desktop\2DAM\SyP\Eclipse\AE2\bin es.syp.ae2.CalculaNEO Armageddon 1.1 10.1 C:\Program Files\Java\jdk-17\bin\java -cp C:\Users\agarc\Desktop\2DAM\SyP\Eclipse\AE2\bin es.syp.ae2.CalculaNEO Armageddon 1.1 10.1 C:\Program Files\Java\jdk-17\bin\java -cp C:\Users\agarc\Desktop\2DAM\SyP\Eclipse\AE2\bin es.syp.ae2.CalculaNEO Armageddon 1.1 10.1 C:\Program Files\Java\jdk-17\bin\java -cp C:\Users\agarc\Desktop\2DAM\SyP\Eclipse\AE2\bin es.syp.ae2.CalculaNEO Armageddon 1.1 10.1 C:\Program Files\Java\jdk-17\bin\java -cp C:\Users\agarc\Desktop\2DAM\SyP\Eclipse\AE2\bin es.syp.ae2.CalculaNEO Armageddon 1.1 10.1 C:\Program Files\Java\jdk-17\bin\java -cp C:\Users\agarc\Desktop\2DAM\SyP\Eclipse\AE2\bin es.syp.ae2.CalculaNEO Armageddon 1.1 10.1 C:\Program Files\Java\jdk-17\bin\java -cp C:\Users\agarc\Desktop\2DAM\SyP\Eclipse\AE2\bin es.syp.ae2.CalculaNEO Armageddon 1.1 10.1 C:\Program Files\Java\jdk-17\bin\java -cp C:\Users\agarc\Desktop\2DAM\SyP\Eclipse\AE2\bin es.syp.ae2.CalculaNEO Armageddon 1.1 10.1 C:\Program Files\Java\jdk-17\bin\java -cp C:\Users\agarc\Desktop\2DAM\SyP\Eclipse\AE2\bin es.syp.ae2.CalculaNEO Armageddon 1.1 10.1 C:\Program Files\Java\jdk-17\bin\java -cp C:\Users\agarc\Desktop\2DAM\SyP\Eclipse\AE2\bin es.syp.ae2.CalculaNEO Armageddon 1.1 10.1 C:\Program Files\Java\jdk-17\bin\java -cp C:\Users\agarc\Desktop\2DAM\SyP\Eclipse\AE2\bin es.syp.ae2.CalculaNEO Armageddon 1.1 10.1 C:\Program Files\Java\jdk-17\bin\java -cp C:\Users\agarc\Desktop\2DAM\SyP\Eclipse\AE2\bin es.syp.ae2.CalculaNEO Armageddon 1.1 10.1 C:\Program Files\Java\jdk-17\bin\java -cp C:\Users\agarc\Desktop\2DAM\SyP\Eclipse\AE2\bin es.syp.ae2.CalculaNEO Armageddon 1.1 10.1 C:\Program Files\Java\jdk-17\bin\java -cp C:\Users\agarc\Desktop\2DAM\SyP\Eclipse\AE2\bin es.syp.ae2.CalculaNEO Armageddon 1.1 10.1 C:\Program Files\Java\jdk-17\bin\java -cp C:\Users\agarc\Desktop\2DAM\SyP\Eclipse\AE2\bin es.syp.ae2.CalculaNEO Armageddon 1.1 10.1 C:\Program Files\Java\jdk-17\bin\java -cp C:\Users\agarc\Desktop\2DAM\SyP\Eclipse\AE2\bin es.syp.ae2.CalculaNEO Armageddon 1.1 10.1 C:\Program Files\Java\jdk-17\bin\java -cp C:\Users\agarc\Desktop\2DAM\SyP\Eclipse\AE2\bin es.syp.ae2.CalculaNEO Armageddon 1.1 10.1 C:\Program Files\Java\jdk-17\bin\java -cp C:\Users\agarc\Desktop\2DAM\SyP\Eclipse\AE2\bin es.syp.ae2.CalculaNEO Armageddon 1.1 10.1 C:\Program Files\Java\jdk-17\bin\java -cp C:\Users\agarc\Desktop\2DAM\SyP\Eclipse\AE2\bin es.syp.ae2.CalculaNEO Armageddon 1.1 10.1 C:\Program Files\Java\jdk-17\bin\java -cp C:\Users\agarc\Desktop\2DAM\SyP\Eclipse\AE2\bin es.syp.ae2.CalculaNEO Armageddon 1.1 10.1 C:\Program Files\Java\jdk-17\bin\java -cp C:\Users\agarc\Desktop\2DAM\SyP\Eclipse\AE2\bin es.syp.ae2.CalculaNEO Armageddon 1.1 10.1

Host: Intel(R) Core(TM) i7-7700K CPU @ 4.20GHz, 8 cores, 15G,  Windows 10 , 64 bit Build 19041 (10.0.19041.1202)
Time: Tue Oct 19 18:59:38 2021 Hora de verano romance elapsed time: 17.705240 seconds (0d 0h 0m 17s)

---------------  T H R E A D  ---------------

Current thread (0x00000237f54e9b30):  JavaThread "main" [_thread_in_native, id=16864, stack(0x000000b663d00000,0x000000b663e00000)]

Stack: [0x000000b663d00000,0x000000b663e00000],  sp=0x000000b663dfeaf8,  free space=1018k
Native frames: (J=compiled Java code, j=interpreted, Vv=VM code, C=native code)

Java frames: (J=compiled Java code, j=interpreted, Vv=VM code)
j  jdk.internal.util.SystemProps$Raw.platformProperties()[Ljava/lang/String;+0 java.base
j  jdk.internal.util.SystemProps$Raw.<init>()V+5 java.base
j  jdk.internal.util.SystemProps.initProperties()Ljava/util/Map;+4 java.base
j  java.lang.System.initPhase1()V+3 java.base
v  ~StubRoutines::call_stub

siginfo: EXCEPTION_ACCESS_VIOLATION (0xc0000005), data execution prevention violation at address 0x0000000000000000


Register to memory mapping:

RIP=0x0 is NULL
RAX=0x0 is NULL
RBX=0x0 is NULL
RCX=0x0 is NULL
RDX=0x0000000000004028 is an unknown value
RSP=0x000000b663dfeaf8 is pointing into the stack for thread: 0x00000237f54e9b30
RBP=0x000000b663dfee70 is pointing into the stack for thread: 0x00000237f54e9b30
RSI=0x0000000000000001 is an unknown value
RDI=0x000002379a23dd01 points into unknown readable memory: 00 00 00 00 00 00 00
R8 =0x0 is NULL
R9 =0x0 is NULL
R10=0x000000b663dfe500 is pointing into the stack for thread: 0x00000237f54e9b30
R11=0x000000b663dfea60 is pointing into the stack for thread: 0x00000237f54e9b30
R12=0x0000000000000001 is an unknown value
R13=0x0000000000004a61 is an unknown value
R14=0x000000000000000a is an unknown value
R15=0x00000000000007a4 is an unknown value


Registers:
RAX=0x0000000000000000, RBX=0x0000000000000000, RCX=0x0000000000000000, RDX=0x0000000000004028
RSP=0x000000b663dfeaf8, RBP=0x000000b663dfee70, RSI=0x0000000000000001, RDI=0x000002379a23dd01
R8 =0x0000000000000000, R9 =0x0000000000000000, R10=0x000000b663dfe500, R11=0x000000b663dfea60
R12=0x0000000000000001, R13=0x0000000000004a61, R14=0x000000000000000a, R15=0x00000000000007a4
RIP=0x0000000000000000, EFLAGS=0x0000000000010202

Top of Stack: (sp=0x000000b663dfeaf8)
0x000000b663dfeaf8:   00007ff9bef9b657 0000000000000000
0x000000b663dfeb08:   0000000000004028 0000000000000000
0x000000b663dfeb18:   0000000000000000 000000b663dfeb40
0x000000b663dfeb28:   00007ff9db67b86b 0000000080004005
0x000000b663dfeb38:   000000000000006c 00000237f53cd700
0x000000b663dfeb48:   000002379a23ddb0 00000000db770000
0x000000b663dfeb58:   0000000000000000 0000000000000000
0x000000b663dfeb68:   00000237f52e0e40 00000237f53cb494
0x000000b663dfeb78:   00000237f52e0000 00000237f52e02a8
0x000000b663dfeb88:   0000000000360034 0000000000000020
0x000000b663dfeb98:   00000237f52e0cc0 0000000000000000
0x000000b663dfeba8:   0000000000000000 0000000000000000
0x000000b663dfebb8:   0000000000000020 000000000000000c
0x000000b663dfebc8:   0000000000000004 00000237f53c0000
0x000000b663dfebd8:   000000b663dfec99 0000000000000002
0x000000b663dfebe8:   00007ff9db67b3c7 00000237f52e0000 

Instructions: (pc=0x0000000000000000)
0xffffffffffffff00:   


Stack slot to memory mapping:
stack at sp + 0 slots: 0x00007ff9bef9b657 java.dll
stack at sp + 1 slots: 0x0 is NULL
stack at sp + 2 slots: 0x0000000000004028 is an unknown value
stack at sp + 3 slots: 0x0 is NULL
stack at sp + 4 slots: 0x0 is NULL
stack at sp + 5 slots: 0x000000b663dfeb40 is pointing into the stack for thread: 0x00000237f54e9b30
stack at sp + 6 slots: 0x00007ff9db67b86b ntdll.dll
stack at sp + 7 slots: 0x0000000080004005 is an unknown value


---------------  P R O C E S S  ---------------

Threads class SMR info:
_java_thread_list=0x000002379a237480, length=3, elements={
0x00000237f54e9b30, 0x000002379ac36620, 0x000002379a23d300
}

Java Threads: ( => current thread )
=>0x00000237f54e9b30 JavaThread "main" [_thread_in_native, id=16864, stack(0x000000b663d00000,0x000000b663e00000)]
  0x000002379ac36620 JavaThread "Reference Handler" daemon [_thread_blocked, id=29028, stack(0x000000b664400000,0x000000b664500000)]
  0x000002379a23d300 JavaThread "Finalizer" daemon [_thread_blocked, id=29032, stack(0x000000b664500000,0x000000b664600000)]

Other Threads:
  0x000002379ac22c20 VMThread "VM Thread" [stack: 0x000000b664300000,0x000000b664400000] [id=28940]
  0x00000237f5538390 GCTaskThread "GC Thread#0" [stack: 0x000000b663e00000,0x000000b663f00000] [id=23756]
  0x00000237f554adb0 ConcurrentGCThread "G1 Main Marker" [stack: 0x000000b663f00000,0x000000b664000000] [id=23760]
  0x00000237f554b570 ConcurrentGCThread "G1 Conc#0" [stack: 0x000000b664000000,0x000000b664100000] [id=23764]
  0x00000237f55be260 ConcurrentGCThread "G1 Refine#0" [stack: 0x000000b664100000,0x000000b664200000] [id=23872]
  0x00000237f55bea30 ConcurrentGCThread "G1 Service" [stack: 0x000000b664200000,0x000000b664300000] [id=23876]

Threads with active compile tasks:

VM state: not at safepoint (normal execution)

VM Mutex/Monitor currently owned by a thread: None

Heap address: 0x0000000700a00000, size: 4086 MB, Compressed Oops mode: Zero based, Oop shift amount: 3

CDS archive(s) not mapped
Compressed class space mapped at: 0x0000000800000000-0x0000000840000000, reserved size: 1073741824
Narrow klass base: 0x0000000800000000, Narrow klass shift: 0, Narrow klass range: 0x40000000

GC Precious Log:
 CPUs: 8 total, 8 available
 Memory: 16343M
 Large Page Support: Disabled
 NUMA Support: Disabled
 Compressed Oops: Enabled (Zero based)
 Heap Region Size: 2M
 Heap Min Capacity: 8M
 Heap Initial Capacity: 256M
 Heap Max Capacity: 4086M
 Pre-touch: Disabled
 Parallel Workers: 8
 Concurrent Workers: 2
 Concurrent Refinement Workers: 8
 Periodic GC: Disabled

Heap:
 garbage-first heap   total 262144K, used 0K [0x0000000700a00000, 0x0000000800000000)
  region size 2048K, 1 young (2048K), 0 survivors (0K)
 Metaspace       used 1908K, committed 1984K, reserved 1056768K
  class space    used 149K, committed 192K, reserved 1048576K

Heap Regions: E=young(eden), S=young(survivor), O=old, HS=humongous(starts), HC=humongous(continues), CS=collection set, F=free, OA=open archive, CA=closed archive, TAMS=top-at-mark-start (previous, next)
|   0|0x0000000700a00000, 0x0000000700a00000, 0x0000000700c00000|  0%| F|  |TAMS 0x0000000700a00000, 0x0000000700a00000| Untracked 
|   1|0x0000000700c00000, 0x0000000700c00000, 0x0000000700e00000|  0%| F|  |TAMS 0x0000000700c00000, 0x0000000700c00000| Untracked 
|   2|0x0000000700e00000, 0x0000000700e00000, 0x0000000701000000|  0%| F|  |TAMS 0x0000000700e00000, 0x0000000700e00000| Untracked 
|   3|0x0000000701000000, 0x0000000701000000, 0x0000000701200000|  0%| F|  |TAMS 0x0000000701000000, 0x0000000701000000| Untracked 
|   4|0x0000000701200000, 0x0000000701200000, 0x0000000701400000|  0%| F|  |TAMS 0x0000000701200000, 0x0000000701200000| Untracked 
|   5|0x0000000701400000, 0x0000000701400000, 0x0000000701600000|  0%| F|  |TAMS 0x0000000701400000, 0x0000000701400000| Untracked 
|   6|0x0000000701600000, 0x0000000701600000, 0x0000000701800000|  0%| F|  |TAMS 0x0000000701600000, 0x0000000701600000| Untracked 
|   7|0x0000000701800000, 0x0000000701800000, 0x0000000701a00000|  0%| F|  |TAMS 0x0000000701800000, 0x0000000701800000| Untracked 
|   8|0x0000000701a00000, 0x0000000701a00000, 0x0000000701c00000|  0%| F|  |TAMS 0x0000000701a00000, 0x0000000701a00000| Untracked 
|   9|0x0000000701c00000, 0x0000000701c00000, 0x0000000701e00000|  0%| F|  |TAMS 0x0000000701c00000, 0x0000000701c00000| Untracked 
|  10|0x0000000701e00000, 0x0000000701e00000, 0x0000000702000000|  0%| F|  |TAMS 0x0000000701e00000, 0x0000000701e00000| Untracked 
|  11|0x0000000702000000, 0x0000000702000000, 0x0000000702200000|  0%| F|  |TAMS 0x0000000702000000, 0x0000000702000000| Untracked 
|  12|0x0000000702200000, 0x0000000702200000, 0x0000000702400000|  0%| F|  |TAMS 0x0000000702200000, 0x0000000702200000| Untracked 
|  13|0x0000000702400000, 0x0000000702400000, 0x0000000702600000|  0%| F|  |TAMS 0x0000000702400000, 0x0000000702400000| Untracked 
|  14|0x0000000702600000, 0x0000000702600000, 0x0000000702800000|  0%| F|  |TAMS 0x0000000702600000, 0x0000000702600000| Untracked 
|  15|0x0000000702800000, 0x0000000702800000, 0x0000000702a00000|  0%| F|  |TAMS 0x0000000702800000, 0x0000000702800000| Untracked 
|  16|0x0000000702a00000, 0x0000000702a00000, 0x0000000702c00000|  0%| F|  |TAMS 0x0000000702a00000, 0x0000000702a00000| Untracked 
|  17|0x0000000702c00000, 0x0000000702c00000, 0x0000000702e00000|  0%| F|  |TAMS 0x0000000702c00000, 0x0000000702c00000| Untracked 
|  18|0x0000000702e00000, 0x0000000702e00000, 0x0000000703000000|  0%| F|  |TAMS 0x0000000702e00000, 0x0000000702e00000| Untracked 
|  19|0x0000000703000000, 0x0000000703000000, 0x0000000703200000|  0%| F|  |TAMS 0x0000000703000000, 0x0000000703000000| Untracked 
|  20|0x0000000703200000, 0x0000000703200000, 0x0000000703400000|  0%| F|  |TAMS 0x0000000703200000, 0x0000000703200000| Untracked 
|  21|0x0000000703400000, 0x0000000703400000, 0x0000000703600000|  0%| F|  |TAMS 0x0000000703400000, 0x0000000703400000| Untracked 
|  22|0x0000000703600000, 0x0000000703600000, 0x0000000703800000|  0%| F|  |TAMS 0x0000000703600000, 0x0000000703600000| Untracked 
|  23|0x0000000703800000, 0x0000000703800000, 0x0000000703a00000|  0%| F|  |TAMS 0x0000000703800000, 0x0000000703800000| Untracked 
|  24|0x0000000703a00000, 0x0000000703a00000, 0x0000000703c00000|  0%| F|  |TAMS 0x0000000703a00000, 0x0000000703a00000| Untracked 
|  25|0x0000000703c00000, 0x0000000703c00000, 0x0000000703e00000|  0%| F|  |TAMS 0x0000000703c00000, 0x0000000703c00000| Untracked 
|  26|0x0000000703e00000, 0x0000000703e00000, 0x0000000704000000|  0%| F|  |TAMS 0x0000000703e00000, 0x0000000703e00000| Untracked 
|  27|0x0000000704000000, 0x0000000704000000, 0x0000000704200000|  0%| F|  |TAMS 0x0000000704000000, 0x0000000704000000| Untracked 
|  28|0x0000000704200000, 0x0000000704200000, 0x0000000704400000|  0%| F|  |TAMS 0x0000000704200000, 0x0000000704200000| Untracked 
|  29|0x0000000704400000, 0x0000000704400000, 0x0000000704600000|  0%| F|  |TAMS 0x0000000704400000, 0x0000000704400000| Untracked 
|  30|0x0000000704600000, 0x0000000704600000, 0x0000000704800000|  0%| F|  |TAMS 0x0000000704600000, 0x0000000704600000| Untracked 
|  31|0x0000000704800000, 0x0000000704800000, 0x0000000704a00000|  0%| F|  |TAMS 0x0000000704800000, 0x0000000704800000| Untracked 
|  32|0x0000000704a00000, 0x0000000704a00000, 0x0000000704c00000|  0%| F|  |TAMS 0x0000000704a00000, 0x0000000704a00000| Untracked 
|  33|0x0000000704c00000, 0x0000000704c00000, 0x0000000704e00000|  0%| F|  |TAMS 0x0000000704c00000, 0x0000000704c00000| Untracked 
|  34|0x0000000704e00000, 0x0000000704e00000, 0x0000000705000000|  0%| F|  |TAMS 0x0000000704e00000, 0x0000000704e00000| Untracked 
|  35|0x0000000705000000, 0x0000000705000000, 0x0000000705200000|  0%| F|  |TAMS 0x0000000705000000, 0x0000000705000000| Untracked 
|  36|0x0000000705200000, 0x0000000705200000, 0x0000000705400000|  0%| F|  |TAMS 0x0000000705200000, 0x0000000705200000| Untracked 
|  37|0x0000000705400000, 0x0000000705400000, 0x0000000705600000|  0%| F|  |TAMS 0x0000000705400000, 0x0000000705400000| Untracked 
|  38|0x0000000705600000, 0x0000000705600000, 0x0000000705800000|  0%| F|  |TAMS 0x0000000705600000, 0x0000000705600000| Untracked 
|  39|0x0000000705800000, 0x0000000705800000, 0x0000000705a00000|  0%| F|  |TAMS 0x0000000705800000, 0x0000000705800000| Untracked 
|  40|0x0000000705a00000, 0x0000000705a00000, 0x0000000705c00000|  0%| F|  |TAMS 0x0000000705a00000, 0x0000000705a00000| Untracked 
|  41|0x0000000705c00000, 0x0000000705c00000, 0x0000000705e00000|  0%| F|  |TAMS 0x0000000705c00000, 0x0000000705c00000| Untracked 
|  42|0x0000000705e00000, 0x0000000705e00000, 0x0000000706000000|  0%| F|  |TAMS 0x0000000705e00000, 0x0000000705e00000| Untracked 
|  43|0x0000000706000000, 0x0000000706000000, 0x0000000706200000|  0%| F|  |TAMS 0x0000000706000000, 0x0000000706000000| Untracked 
|  44|0x0000000706200000, 0x0000000706200000, 0x0000000706400000|  0%| F|  |TAMS 0x0000000706200000, 0x0000000706200000| Untracked 
|  45|0x0000000706400000, 0x0000000706400000, 0x0000000706600000|  0%| F|  |TAMS 0x0000000706400000, 0x0000000706400000| Untracked 
|  46|0x0000000706600000, 0x0000000706600000, 0x0000000706800000|  0%| F|  |TAMS 0x0000000706600000, 0x0000000706600000| Untracked 
|  47|0x0000000706800000, 0x0000000706800000, 0x0000000706a00000|  0%| F|  |TAMS 0x0000000706800000, 0x0000000706800000| Untracked 
|  48|0x0000000706a00000, 0x0000000706a00000, 0x0000000706c00000|  0%| F|  |TAMS 0x0000000706a00000, 0x0000000706a00000| Untracked 
|  49|0x0000000706c00000, 0x0000000706c00000, 0x0000000706e00000|  0%| F|  |TAMS 0x0000000706c00000, 0x0000000706c00000| Untracked 
|  50|0x0000000706e00000, 0x0000000706e00000, 0x0000000707000000|  0%| F|  |TAMS 0x0000000706e00000, 0x0000000706e00000| Untracked 
|  51|0x0000000707000000, 0x0000000707000000, 0x0000000707200000|  0%| F|  |TAMS 0x0000000707000000, 0x0000000707000000| Untracked 
|  52|0x0000000707200000, 0x0000000707200000, 0x0000000707400000|  0%| F|  |TAMS 0x0000000707200000, 0x0000000707200000| Untracked 
|  53|0x0000000707400000, 0x0000000707400000, 0x0000000707600000|  0%| F|  |TAMS 0x0000000707400000, 0x0000000707400000| Untracked 
|  54|0x0000000707600000, 0x0000000707600000, 0x0000000707800000|  0%| F|  |TAMS 0x0000000707600000, 0x0000000707600000| Untracked 
|  55|0x0000000707800000, 0x0000000707800000, 0x0000000707a00000|  0%| F|  |TAMS 0x0000000707800000, 0x0000000707800000| Untracked 
|  56|0x0000000707a00000, 0x0000000707a00000, 0x0000000707c00000|  0%| F|  |TAMS 0x0000000707a00000, 0x0000000707a00000| Untracked 
|  57|0x0000000707c00000, 0x0000000707c00000, 0x0000000707e00000|  0%| F|  |TAMS 0x0000000707c00000, 0x0000000707c00000| Untracked 
|  58|0x0000000707e00000, 0x0000000707e00000, 0x0000000708000000|  0%| F|  |TAMS 0x0000000707e00000, 0x0000000707e00000| Untracked 
|  59|0x0000000708000000, 0x0000000708000000, 0x0000000708200000|  0%| F|  |TAMS 0x0000000708000000, 0x0000000708000000| Untracked 
|  60|0x0000000708200000, 0x0000000708200000, 0x0000000708400000|  0%| F|  |TAMS 0x0000000708200000, 0x0000000708200000| Untracked 
|  61|0x0000000708400000, 0x0000000708400000, 0x0000000708600000|  0%| F|  |TAMS 0x0000000708400000, 0x0000000708400000| Untracked 
|  62|0x0000000708600000, 0x0000000708600000, 0x0000000708800000|  0%| F|  |TAMS 0x0000000708600000, 0x0000000708600000| Untracked 
|  63|0x0000000708800000, 0x0000000708800000, 0x0000000708a00000|  0%| F|  |TAMS 0x0000000708800000, 0x0000000708800000| Untracked 
|  64|0x0000000708a00000, 0x0000000708a00000, 0x0000000708c00000|  0%| F|  |TAMS 0x0000000708a00000, 0x0000000708a00000| Untracked 
|  65|0x0000000708c00000, 0x0000000708c00000, 0x0000000708e00000|  0%| F|  |TAMS 0x0000000708c00000, 0x0000000708c00000| Untracked 
|  66|0x0000000708e00000, 0x0000000708e00000, 0x0000000709000000|  0%| F|  |TAMS 0x0000000708e00000, 0x0000000708e00000| Untracked 
|  67|0x0000000709000000, 0x0000000709000000, 0x0000000709200000|  0%| F|  |TAMS 0x0000000709000000, 0x0000000709000000| Untracked 
|  68|0x0000000709200000, 0x0000000709200000, 0x0000000709400000|  0%| F|  |TAMS 0x0000000709200000, 0x0000000709200000| Untracked 
|  69|0x0000000709400000, 0x0000000709400000, 0x0000000709600000|  0%| F|  |TAMS 0x0000000709400000, 0x0000000709400000| Untracked 
|  70|0x0000000709600000, 0x0000000709600000, 0x0000000709800000|  0%| F|  |TAMS 0x0000000709600000, 0x0000000709600000| Untracked 
|  71|0x0000000709800000, 0x0000000709800000, 0x0000000709a00000|  0%| F|  |TAMS 0x0000000709800000, 0x0000000709800000| Untracked 
|  72|0x0000000709a00000, 0x0000000709a00000, 0x0000000709c00000|  0%| F|  |TAMS 0x0000000709a00000, 0x0000000709a00000| Untracked 
|  73|0x0000000709c00000, 0x0000000709c00000, 0x0000000709e00000|  0%| F|  |TAMS 0x0000000709c00000, 0x0000000709c00000| Untracked 
|  74|0x0000000709e00000, 0x0000000709e00000, 0x000000070a000000|  0%| F|  |TAMS 0x0000000709e00000, 0x0000000709e00000| Untracked 
|  75|0x000000070a000000, 0x000000070a000000, 0x000000070a200000|  0%| F|  |TAMS 0x000000070a000000, 0x000000070a000000| Untracked 
|  76|0x000000070a200000, 0x000000070a200000, 0x000000070a400000|  0%| F|  |TAMS 0x000000070a200000, 0x000000070a200000| Untracked 
|  77|0x000000070a400000, 0x000000070a400000, 0x000000070a600000|  0%| F|  |TAMS 0x000000070a400000, 0x000000070a400000| Untracked 
|  78|0x000000070a600000, 0x000000070a600000, 0x000000070a800000|  0%| F|  |TAMS 0x000000070a600000, 0x000000070a600000| Untracked 
|  79|0x000000070a800000, 0x000000070a800000, 0x000000070aa00000|  0%| F|  |TAMS 0x000000070a800000, 0x000000070a800000| Untracked 
|  80|0x000000070aa00000, 0x000000070aa00000, 0x000000070ac00000|  0%| F|  |TAMS 0x000000070aa00000, 0x000000070aa00000| Untracked 
|  81|0x000000070ac00000, 0x000000070ac00000, 0x000000070ae00000|  0%| F|  |TAMS 0x000000070ac00000, 0x000000070ac00000| Untracked 
|  82|0x000000070ae00000, 0x000000070ae00000, 0x000000070b000000|  0%| F|  |TAMS 0x000000070ae00000, 0x000000070ae00000| Untracked 
|  83|0x000000070b000000, 0x000000070b000000, 0x000000070b200000|  0%| F|  |TAMS 0x000000070b000000, 0x000000070b000000| Untracked 
|  84|0x000000070b200000, 0x000000070b200000, 0x000000070b400000|  0%| F|  |TAMS 0x000000070b200000, 0x000000070b200000| Untracked 
|  85|0x000000070b400000, 0x000000070b400000, 0x000000070b600000|  0%| F|  |TAMS 0x000000070b400000, 0x000000070b400000| Untracked 
|  86|0x000000070b600000, 0x000000070b600000, 0x000000070b800000|  0%| F|  |TAMS 0x000000070b600000, 0x000000070b600000| Untracked 
|  87|0x000000070b800000, 0x000000070b800000, 0x000000070ba00000|  0%| F|  |TAMS 0x000000070b800000, 0x000000070b800000| Untracked 
|  88|0x000000070ba00000, 0x000000070ba00000, 0x000000070bc00000|  0%| F|  |TAMS 0x000000070ba00000, 0x000000070ba00000| Untracked 
|  89|0x000000070bc00000, 0x000000070bc00000, 0x000000070be00000|  0%| F|  |TAMS 0x000000070bc00000, 0x000000070bc00000| Untracked 
|  90|0x000000070be00000, 0x000000070be00000, 0x000000070c000000|  0%| F|  |TAMS 0x000000070be00000, 0x000000070be00000| Untracked 
|  91|0x000000070c000000, 0x000000070c000000, 0x000000070c200000|  0%| F|  |TAMS 0x000000070c000000, 0x000000070c000000| Untracked 
|  92|0x000000070c200000, 0x000000070c200000, 0x000000070c400000|  0%| F|  |TAMS 0x000000070c200000, 0x000000070c200000| Untracked 
|  93|0x000000070c400000, 0x000000070c400000, 0x000000070c600000|  0%| F|  |TAMS 0x000000070c400000, 0x000000070c400000| Untracked 
|  94|0x000000070c600000, 0x000000070c600000, 0x000000070c800000|  0%| F|  |TAMS 0x000000070c600000, 0x000000070c600000| Untracked 
|  95|0x000000070c800000, 0x000000070c800000, 0x000000070ca00000|  0%| F|  |TAMS 0x000000070c800000, 0x000000070c800000| Untracked 
|  96|0x000000070ca00000, 0x000000070ca00000, 0x000000070cc00000|  0%| F|  |TAMS 0x000000070ca00000, 0x000000070ca00000| Untracked 
|  97|0x000000070cc00000, 0x000000070cc00000, 0x000000070ce00000|  0%| F|  |TAMS 0x000000070cc00000, 0x000000070cc00000| Untracked 
|  98|0x000000070ce00000, 0x000000070ce00000, 0x000000070d000000|  0%| F|  |TAMS 0x000000070ce00000, 0x000000070ce00000| Untracked 
|  99|0x000000070d000000, 0x000000070d000000, 0x000000070d200000|  0%| F|  |TAMS 0x000000070d000000, 0x000000070d000000| Untracked 
| 100|0x000000070d200000, 0x000000070d200000, 0x000000070d400000|  0%| F|  |TAMS 0x000000070d200000, 0x000000070d200000| Untracked 
| 101|0x000000070d400000, 0x000000070d400000, 0x000000070d600000|  0%| F|  |TAMS 0x000000070d400000, 0x000000070d400000| Untracked 
| 102|0x000000070d600000, 0x000000070d600000, 0x000000070d800000|  0%| F|  |TAMS 0x000000070d600000, 0x000000070d600000| Untracked 
| 103|0x000000070d800000, 0x000000070d800000, 0x000000070da00000|  0%| F|  |TAMS 0x000000070d800000, 0x000000070d800000| Untracked 
| 104|0x000000070da00000, 0x000000070da00000, 0x000000070dc00000|  0%| F|  |TAMS 0x000000070da00000, 0x000000070da00000| Untracked 
| 105|0x000000070dc00000, 0x000000070dc00000, 0x000000070de00000|  0%| F|  |TAMS 0x000000070dc00000, 0x000000070dc00000| Untracked 
| 106|0x000000070de00000, 0x000000070de00000, 0x000000070e000000|  0%| F|  |TAMS 0x000000070de00000, 0x000000070de00000| Untracked 
| 107|0x000000070e000000, 0x000000070e000000, 0x000000070e200000|  0%| F|  |TAMS 0x000000070e000000, 0x000000070e000000| Untracked 
| 108|0x000000070e200000, 0x000000070e200000, 0x000000070e400000|  0%| F|  |TAMS 0x000000070e200000, 0x000000070e200000| Untracked 
| 109|0x000000070e400000, 0x000000070e400000, 0x000000070e600000|  0%| F|  |TAMS 0x000000070e400000, 0x000000070e400000| Untracked 
| 110|0x000000070e600000, 0x000000070e600000, 0x000000070e800000|  0%| F|  |TAMS 0x000000070e600000, 0x000000070e600000| Untracked 
| 111|0x000000070e800000, 0x000000070e800000, 0x000000070ea00000|  0%| F|  |TAMS 0x000000070e800000, 0x000000070e800000| Untracked 
| 112|0x000000070ea00000, 0x000000070ea00000, 0x000000070ec00000|  0%| F|  |TAMS 0x000000070ea00000, 0x000000070ea00000| Untracked 
| 113|0x000000070ec00000, 0x000000070ec00000, 0x000000070ee00000|  0%| F|  |TAMS 0x000000070ec00000, 0x000000070ec00000| Untracked 
| 114|0x000000070ee00000, 0x000000070ee00000, 0x000000070f000000|  0%| F|  |TAMS 0x000000070ee00000, 0x000000070ee00000| Untracked 
| 115|0x000000070f000000, 0x000000070f000000, 0x000000070f200000|  0%| F|  |TAMS 0x000000070f000000, 0x000000070f000000| Untracked 
| 116|0x000000070f200000, 0x000000070f200000, 0x000000070f400000|  0%| F|  |TAMS 0x000000070f200000, 0x000000070f200000| Untracked 
| 117|0x000000070f400000, 0x000000070f400000, 0x000000070f600000|  0%| F|  |TAMS 0x000000070f400000, 0x000000070f400000| Untracked 
| 118|0x000000070f600000, 0x000000070f600000, 0x000000070f800000|  0%| F|  |TAMS 0x000000070f600000, 0x000000070f600000| Untracked 
| 119|0x000000070f800000, 0x000000070f800000, 0x000000070fa00000|  0%| F|  |TAMS 0x000000070f800000, 0x000000070f800000| Untracked 
| 120|0x000000070fa00000, 0x000000070fa00000, 0x000000070fc00000|  0%| F|  |TAMS 0x000000070fa00000, 0x000000070fa00000| Untracked 
| 121|0x000000070fc00000, 0x000000070fc00000, 0x000000070fe00000|  0%| F|  |TAMS 0x000000070fc00000, 0x000000070fc00000| Untracked 
| 122|0x000000070fe00000, 0x000000070fe00000, 0x0000000710000000|  0%| F|  |TAMS 0x000000070fe00000, 0x000000070fe00000| Untracked 
| 123|0x0000000710000000, 0x0000000710000000, 0x0000000710200000|  0%| F|  |TAMS 0x0000000710000000, 0x0000000710000000| Untracked 
| 124|0x0000000710200000, 0x0000000710200000, 0x0000000710400000|  0%| F|  |TAMS 0x0000000710200000, 0x0000000710200000| Untracked 
| 125|0x0000000710400000, 0x0000000710400000, 0x0000000710600000|  0%| F|  |TAMS 0x0000000710400000, 0x0000000710400000| Untracked 
| 126|0x0000000710600000, 0x0000000710600000, 0x0000000710800000|  0%| F|  |TAMS 0x0000000710600000, 0x0000000710600000| Untracked 
| 127|0x0000000710800000, 0x00000007108e15a8, 0x0000000710a00000| 44%| E|  |TAMS 0x0000000710800000, 0x0000000710800000| Complete 

Card table byte_map: [0x00000237ff710000,0x00000237fff10000] _byte_map_base: 0x00000237fbf0b000

Marking Bits (Prev, Next): (CMBitMap*) 0x00000237f5539760, (CMBitMap*) 0x00000237f55397a0
 Prev Bits: [0x000002378f800000, 0x00000237937d8000)
 Next Bits: [0x00000237937e0000, 0x00000237977b8000)

Polling page: 0x00000237f5390000

Metaspace:

Usage:
  Non-class:      1.72 MB used.
      Class:    149.14 KB used.
       Both:      1.86 MB used.

Virtual space:
  Non-class space:        8.00 MB reserved,       1.75 MB ( 22%) committed,  1 nodes.
      Class space:        1.00 GB reserved,     192.00 KB ( <1%) committed,  1 nodes.
             Both:        1.01 GB reserved,       1.94 MB ( <1%) committed. 

Chunk freelists:
   Non-Class:  0 bytes
       Class:  3.75 MB
        Both:  3.75 MB

MaxMetaspaceSize: unlimited
CompressedClassSpaceSize: 1.00 GB
Initial GC threshold: 21.00 MB
Current GC threshold: 17179869184.00 GB
CDS: off
MetaspaceReclaimPolicy: balanced
 - commit_granule_bytes: 65536.
 - commit_granule_words: 8192.
 - virtual_space_node_default_size: 1048576.
 - enlarge_chunks_in_place: 1.
 - new_chunks_are_fully_committed: 0.
 - uncommit_free_chunks: 1.
 - use_allocation_guard: 0.
 - handle_deallocations: 1.


Internal statistics:

num_allocs_failed_limit: 0.
num_arena_births: 2.
num_arena_deaths: 0.
num_vsnodes_births: 2.
num_vsnodes_deaths: 0.
num_space_committed: 31.
num_space_uncommitted: 0.
num_chunks_returned_to_freelist: 0.
num_chunks_taken_from_freelist: 3.
num_chunk_merges: 0.
num_chunk_splits: 1.
num_chunks_enlarged: 0.
num_purges: 0.
num_inconsistent_stats: 0.

CodeHeap 'non-profiled nmethods': size=120000Kb used=0Kb max_used=0Kb free=120000Kb
 bounds [0x0000023787ad0000, 0x0000023787d40000, 0x000002378f000000]
CodeHeap 'profiled nmethods': size=120000Kb used=0Kb max_used=0Kb free=120000Kb
 bounds [0x00000237805a0000, 0x0000023780810000, 0x0000023787ad0000]
CodeHeap 'non-nmethods': size=5760Kb used=364Kb max_used=364Kb free=5395Kb
 bounds [0x0000023780000000, 0x0000023780270000, 0x00000237805a0000]
 total_blobs=151 nmethods=0 adapters=124
 compilation: enabled
              stopped_count=0, restarted_count=0
 full_count=0

Compilation events (0 events):
No events

GC Heap History (0 events):
No events

Deoptimization events (0 events):
No events

Classes unloaded (0 events):
No events

Classes redefined (0 events):
No events

Internal exceptions (0 events):
No events

VM Operations (0 events):
No events

Events (20 events):
Event: 16.668 loading class java/lang/ref/ReferenceQueue$Null
Event: 16.668 loading class java/lang/ref/ReferenceQueue$Null done
Event: 16.668 loading class java/lang/ref/ReferenceQueue$Lock
Event: 16.668 loading class java/lang/ref/ReferenceQueue$Lock done
Event: 16.668 Thread 0x000002379ac36620 Thread added: 0x000002379ac36620
Event: 16.668 loading class java/lang/ref/Reference$1
Event: 16.669 loading class jdk/internal/access/JavaLangRefAccess
Event: 16.669 loading class jdk/internal/access/JavaLangRefAccess done
Event: 16.669 loading class java/lang/ref/Reference$1 done
Event: 16.669 loading class java/lang/ref/Finalizer$FinalizerThread
Event: 16.669 loading class java/lang/ref/Finalizer$FinalizerThread done
Event: 16.669 Thread 0x000002379a23d300 Thread added: 0x000002379a23d300
Event: 16.669 loading class java/lang/System$2
Event: 16.669 loading class jdk/internal/access/JavaLangAccess
Event: 16.669 loading class jdk/internal/access/JavaLangAccess done
Event: 16.669 loading class java/lang/System$2 done
Event: 16.669 loading class jdk/internal/util/SystemProps
Event: 16.669 loading class jdk/internal/util/SystemProps done
Event: 16.669 loading class jdk/internal/util/SystemProps$Raw
Event: 16.669 loading class jdk/internal/util/SystemProps$Raw done


Dynamic libraries:
0x00007ff713ab0000 - 0x00007ff713ac0000 	C:\Program Files\Java\jdk-17\bin\java.exe
0x00007ff9db650000 - 0x00007ff9db845000 	C:\WINDOWS\SYSTEM32\ntdll.dll
0x00007ff9d9750000 - 0x00007ff9d980e000 	C:\WINDOWS\System32\KERNEL32.DLL
0x00007ff9d9120000 - 0x00007ff9d93e9000 	C:\WINDOWS\System32\KERNELBASE.dll
0x00007ff9d95a0000 - 0x00007ff9d96a0000 	C:\WINDOWS\System32\ucrtbase.dll
0x00007ff9c4d90000 - 0x00007ff9c4daa000 	C:\Program Files\Java\jdk-17\bin\VCRUNTIME140.dll
0x00007ff9d1cd0000 - 0x00007ff9d1ce8000 	C:\Program Files\Java\jdk-17\bin\jli.dll
0x00007ff9d96a0000 - 0x00007ff9d974c000 	C:\WINDOWS\System32\ADVAPI32.dll
0x00007ff9d9da0000 - 0x00007ff9d9e3e000 	C:\WINDOWS\System32\msvcrt.dll
0x00007ff9dac50000 - 0x00007ff9daceb000 	C:\WINDOWS\System32\sechost.dll
0x00007ff9da960000 - 0x00007ff9daa8a000 	C:\WINDOWS\System32\RPCRT4.dll
0x00007ff9d9e40000 - 0x00007ff9d9fe1000 	C:\WINDOWS\System32\USER32.dll
0x00007ff9cb400000 - 0x00007ff9cb69a000 	C:\WINDOWS\WinSxS\amd64_microsoft.windows.common-controls_6595b64144ccf1df_6.0.19041.1110_none_60b5254171f9507e\COMCTL32.dll
0x00007ff9d93f0000 - 0x00007ff9d9412000 	C:\WINDOWS\System32\win32u.dll
0x00007ff9da180000 - 0x00007ff9da1ab000 	C:\WINDOWS\System32\GDI32.dll
0x00007ff9d8f80000 - 0x00007ff9d908b000 	C:\WINDOWS\System32\gdi32full.dll
0x00007ff9d9420000 - 0x00007ff9d94bd000 	C:\WINDOWS\System32\msvcp_win.dll
0x00007ff9d36d0000 - 0x00007ff9d36da000 	C:\WINDOWS\SYSTEM32\VERSION.dll
0x00007ff9db5e0000 - 0x00007ff9db610000 	C:\WINDOWS\System32\IMM32.DLL
0x00007ff9d1e90000 - 0x00007ff9d1e9c000 	C:\Program Files\Java\jdk-17\bin\vcruntime140_1.dll
0x00007ff9b13d0000 - 0x00007ff9b145d000 	C:\Program Files\Java\jdk-17\bin\msvcp140.dll
0x00007ff970a70000 - 0x00007ff97162e000 	C:\Program Files\Java\jdk-17\bin\server\jvm.dll
0x00007ff9dacf0000 - 0x00007ff9dacf8000 	C:\WINDOWS\System32\PSAPI.DLL
0x00007ff9ccc00000 - 0x00007ff9ccc27000 	C:\WINDOWS\SYSTEM32\WINMM.dll
0x00007ff9cff80000 - 0x00007ff9cff89000 	C:\WINDOWS\SYSTEM32\WSOCK32.dll
0x00007ff9db570000 - 0x00007ff9db5db000 	C:\WINDOWS\System32\WS2_32.dll
0x00007ff9d6c80000 - 0x00007ff9d6c92000 	C:\WINDOWS\SYSTEM32\kernel.appcore.dll
0x00007ff9cad80000 - 0x00007ff9cad8a000 	C:\Program Files\Java\jdk-17\bin\jimage.dll
0x00007ff9d3060000 - 0x00007ff9d3244000 	C:\WINDOWS\SYSTEM32\DBGHELP.DLL
0x00007ff9d2ec0000 - 0x00007ff9d2eec000 	C:\WINDOWS\SYSTEM32\dbgcore.DLL
0x00007ff9d9090000 - 0x00007ff9d9113000 	C:\WINDOWS\System32\bcryptPrimitives.dll
0x00007ff9bef90000 - 0x00007ff9befb5000 	C:\Program Files\Java\jdk-17\bin\java.dll
0x00007ff99bdb0000 - 0x00007ff99be86000 	C:\Program Files\Java\jdk-17\bin\svml.dll

dbghelp: loaded successfully - version: 4.0.5 - missing functions: none
symbol engine: initialized successfully - sym options: 0x614 - pdb path: .;C:\Program Files\Java\jdk-17\bin;C:\WINDOWS\SYSTEM32;C:\WINDOWS\WinSxS\amd64_microsoft.windows.common-controls_6595b64144ccf1df_6.0.19041.1110_none_60b5254171f9507e;C:\Program Files\Java\jdk-17\bin\server

VM Arguments:
java_command: es.syp.ae2.CalculaNEO Armageddon 1.1 10.1 C:\Program Files\Java\jdk-17\bin\java -cp C:\Users\agarc\Desktop\2DAM\SyP\Eclipse\AE2\bin es.syp.ae2.CalculaNEO Armageddon 1.1 10.1 C:\Program Files\Java\jdk-17\bin\java -cp C:\Users\agarc\Desktop\2DAM\SyP\Eclipse\AE2\bin es.syp.ae2.CalculaNEO Armageddon 1.1 10.1 C:\Program Files\Java\jdk-17\bin\java -cp C:\Users\agarc\Desktop\2DAM\SyP\Eclipse\AE2\bin es.syp.ae2.CalculaNEO Armageddon 1.1 10.1 C:\Program Files\Java\jdk-17\bin\java -cp C:\Users\agarc\Desktop\2DAM\SyP\Eclipse\AE2\bin es.syp.ae2.CalculaNEO Armageddon 1.1 10.1 C:\Program Files\Java\jdk-17\bin\java -cp C:\Users\agarc\Desktop\2DAM\SyP\Eclipse\AE2\bin es.syp.ae2.CalculaNEO Armageddon 1.1 10.1 C:\Program Files\Java\jdk-17\bin\java -cp C:\Users\agarc\Desktop\2DAM\SyP\Eclipse\AE2\bin es.syp.ae2.CalculaNEO Armageddon 1.1 10.1 C:\Program Files\Java\jdk-17\bin\java -cp C:\Users\agarc\Desktop\2DAM\SyP\Eclipse\AE2\bin es.syp.ae2.CalculaNEO Armageddon 1.1 10.1 C:\Program Files\Java\jdk-17\bin\java -cp C:\Users\agarc\Desktop\2DAM\SyP\Eclipse\AE2\bin es.syp.ae2.CalculaNEO Armageddon 1.1 10.1 C:\Program Files\Java\jdk-17\bin\java -cp C:\Users\agarc\Desktop\2DAM\SyP\Eclipse\AE2\bin es.syp.ae2.CalculaNEO Armageddon 1.1 10.1 C:\Program Files\Java\jdk-17\bin\java -cp C:\Users\agarc\Desktop\2DAM\SyP\Eclipse\AE2\bin es.syp.ae2.CalculaNEO Armageddon 1.1 10.1 C:\Program Files\Java\jdk-17\bin\java -cp C:\Users\agarc\Desktop\2DAM\SyP\Eclipse\AE2\bin es.syp.ae2.CalculaNEO Armageddon 1.1 10.1 C:\Program Files\Java\jdk-17\bin\java -cp C:\Users\agarc\Desktop\2DAM\SyP\Eclipse\AE2\bin es.syp.ae2.CalculaNEO Armageddon 1.1 10.1 C:\Program Files\Java\jdk-17\bin\java -cp C:\Users\agarc\Desktop\2DAM\SyP\Eclipse\AE2\bin es.syp.ae2.CalculaNEO Armageddon 1.1 10.1 C:\Program Files\Java\jdk-17\bin\java -cp C:\Users\agarc\Desktop\2DAM\SyP\Eclipse\AE2\bin es.syp.ae2.CalculaNEO Armageddon 1.1 10.1 C:\Program Files\Java\jdk-17\bin\java -cp C:\Users\agarc\Desktop\2DAM\SyP\Eclipse\AE2\bin es.s
java_class_path (initial): C:\Users\agarc\Desktop\2DAM\SyP\Eclipse\AE2\bin
Launcher Type: SUN_STANDARD

[Global flags]
     intx CICompilerCount                          = 4                                         {product} {ergonomic}
     uint ConcGCThreads                            = 2                                         {product} {ergonomic}
     uint G1ConcRefinementThreads                  = 8                                         {product} {ergonomic}
   size_t G1HeapRegionSize                         = 2097152                                   {product} {ergonomic}
    uintx GCDrainStackTargetSize                   = 64                                        {product} {ergonomic}
   size_t InitialHeapSize                          = 268435456                                 {product} {ergonomic}
   size_t MarkStackSize                            = 4194304                                   {product} {ergonomic}
   size_t MaxHeapSize                              = 4284481536                                {product} {ergonomic}
   size_t MaxNewSize                               = 2569011200                                {product} {ergonomic}
   size_t MinHeapDeltaBytes                        = 2097152                                   {product} {ergonomic}
   size_t MinHeapSize                              = 8388608                                   {product} {ergonomic}
    uintx NonNMethodCodeHeapSize                   = 5839372                                {pd product} {ergonomic}
    uintx NonProfiledCodeHeapSize                  = 122909434                              {pd product} {ergonomic}
    uintx ProfiledCodeHeapSize                     = 122909434                              {pd product} {ergonomic}
    uintx ReservedCodeCacheSize                    = 251658240                              {pd product} {ergonomic}
     bool SegmentedCodeCache                       = true                                      {product} {ergonomic}
   size_t SoftMaxHeapSize                          = 4284481536                             {manageable} {ergonomic}
     bool UseCompressedClassPointers               = true                           {product lp64_product} {ergonomic}
     bool UseCompressedOops                        = true                           {product lp64_product} {ergonomic}
     bool UseG1GC                                  = true                                      {product} {ergonomic}
     bool UseLargePagesIndividualAllocation        = false                                  {pd product} {ergonomic}

Logging:
Log output configuration:
 #0: stdout all=warning uptime,level,tags
 #1: stderr all=off uptime,level,tags

Environment Variables:
JAVA_HOME=C:\Program Files\Java\jdk-17
PATH=C:\Program Files\Common Files\Oracle\Java\javapath;C:\Program Files (x86)\Intel\Intel(R) Management Engine Components\iCLS\;C:\Program Files\Intel\Intel(R) Management Engine Components\iCLS\;C:\WINDOWS\system32;C:\WINDOWS;C:\WINDOWS\System32\Wbem;C:\WINDOWS\System32\WindowsPowerShell\v1.0\;C:\WINDOWS\System32\OpenSSH\;C:\Program Files (x86)\Intel\Intel(R) Management Engine Components\DAL;C:\Program Files\Intel\Intel(R) Management Engine Components\DAL;C:\Program Files (x86)\Intel\Intel(R) Management Engine Components\IPT;C:\Program Files\Intel\Intel(R) Management Engine Components\IPT;C:\Program Files (x86)\NVIDIA Corporation\PhysX\Common;C:\Program Files\NVIDIA Corporation\NVIDIA NvDLISR;C:\Program Files\Git\cmd;C:\Program Files\nodejs\;C:\Program Files\Microsoft SQL Server\130\Tools\Binn\;C:\Program Files\Microsoft SQL Server\Client SDK\ODBC\170\Tools\Binn\;C:\Program Files\dotnet\;C:\Program Files\Java\jdk-17\bin;C:\Users\agarc\AppData\Local\Microsoft\WindowsApps;C:\Users\agarc\AppData\Roaming\npm;C:\Users\agarc\AppData\Local\Programs\Microsoft VS Code\bin;C:\Users\agarc\.dotnet\tools
USERNAME=agarc
OS=Windows_NT
PROCESSOR_IDENTIFIER=Intel64 Family 6 Model 158 Stepping 9, GenuineIntel



---------------  S Y S T E M  ---------------

OS:
 Windows 10 , 64 bit Build 19041 (10.0.19041.1202)
OS uptime: 4 days 22:15 hours

CPU: total 8 (initial active 8) (4 cores per cpu, 2 threads per core) family 6 model 158 stepping 9 microcode 0xb4, cx8, cmov, fxsr, ht, mmx, 3dnowpref, sse, sse2, sse3, ssse3, sse4.1, sse4.2, popcnt, lzcnt, tsc, tscinvbit, avx, avx2, aes, erms, clmul, bmi1, bmi2, rtm, adx, fma, vzeroupper, clflush, clflushopt

Memory: 4k page, system-wide physical 16343M (5865M free)
TotalPageFile size 65495M (AvailPageFile size 2M)
current process WorkingSet (physical memory assigned to process): 18M, peak: 18M
current process commit charge ("private bytes"): 330M, peak: 338M

vm_info: Java HotSpot(TM) 64-Bit Server VM (17+35-LTS-2724) for windows-amd64 JRE (17+35-LTS-2724), built on Aug  5 2021 23:28:28 by "mach5one" with MS VC++ 16.8 (VS2019)

END.
