#
# There is insufficient memory for the Java Runtime Environment to continue.
# Native memory allocation (mmap) failed to map 65536 bytes for Failed to commit metaspace.
# Possible reasons:
#   The system is out of physical RAM or swap space
#   The process is running with CompressedOops enabled, and the Java Heap may be blocking the growth of the native heap
# Possible solutions:
#   Reduce memory load on the system
#   Increase physical memory or swap space
#   Check if swap backing store is full
#   Decrease Java heap size (-Xmx/-Xms)
#   Decrease number of Java threads
#   Decrease Java thread stack sizes (-Xss)
#   Set larger code cache with -XX:ReservedCodeCacheSize=
#   JVM is running with Zero Based Compressed Oops mode in which the Java heap is
#     placed in the first 32GB address space. The Java Heap base address is the
#     maximum limit for the native heap growth. Please use -XX:HeapBaseMinAddress
#     to set the Java Heap base and to place the Java Heap above 32GB virtual address.
# This output file may be truncated or incomplete.
#
#  Out of Memory Error (virtualSpaceNode.cpp:110), pid=12500, tid=27924
#
# JRE version: Java(TM) SE Runtime Environment (17.0+35) (build 17+35-LTS-2724)
# Java VM: Java HotSpot(TM) 64-Bit Server VM (17+35-LTS-2724, mixed mode, sharing, tiered, compressed oops, compressed class ptrs, g1 gc, windows-amd64)
# No core dump will be written. Minidumps are not enabled by default on client versions of Windows
#

---------------  S U M M A R Y ------------

Command Line: es.syp.ae2.CalculaNEO Armageddon 1.1 10.1 C:\Program Files\Java\jdk-17\bin\java -cp C:\Users\agarc\Desktop\2DAM\SyP\Eclipse\AE2\bin es.syp.ae2.CalculaNEO Armageddon 1.1 10.1 C:\Program Files\Java\jdk-17\bin\java -cp C:\Users\agarc\Desktop\2DAM\SyP\Eclipse\AE2\bin es.syp.ae2.CalculaNEO Armageddon 1.1 10.1 C:\Program Files\Java\jdk-17\bin\java -cp C:\Users\agarc\Desktop\2DAM\SyP\Eclipse\AE2\bin es.syp.ae2.CalculaNEO Armageddon 1.1 10.1 C:\Program Files\Java\jdk-17\bin\java -cp C:\Users\agarc\Desktop\2DAM\SyP\Eclipse\AE2\bin es.syp.ae2.CalculaNEO Armageddon 1.1 10.1 C:\Program Files\Java\jdk-17\bin\java -cp C:\Users\agarc\Desktop\2DAM\SyP\Eclipse\AE2\bin es.syp.ae2.CalculaNEO Armageddon 1.1 10.1 C:\Program Files\Java\jdk-17\bin\java -cp C:\Users\agarc\Desktop\2DAM\SyP\Eclipse\AE2\bin es.syp.ae2.CalculaNEO Armageddon 1.1 10.1 C:\Program Files\Java\jdk-17\bin\java -cp C:\Users\agarc\Desktop\2DAM\SyP\Eclipse\AE2\bin es.syp.ae2.CalculaNEO Armageddon 1.1 10.1 C:\Program Files\Java\jdk-17\bin\java -cp C:\Users\agarc\Desktop\2DAM\SyP\Eclipse\AE2\bin es.syp.ae2.CalculaNEO Armageddon 1.1 10.1 C:\Program Files\Java\jdk-17\bin\java -cp C:\Users\agarc\Desktop\2DAM\SyP\Eclipse\AE2\bin es.syp.ae2.CalculaNEO Armageddon 1.1 10.1 C:\Program Files\Java\jdk-17\bin\java -cp C:\Users\agarc\Desktop\2DAM\SyP\Eclipse\AE2\bin es.syp.ae2.CalculaNEO Armageddon 1.1 10.1 C:\Program Files\Java\jdk-17\bin\java -cp C:\Users\agarc\Desktop\2DAM\SyP\Eclipse\AE2\bin es.syp.ae2.CalculaNEO Armageddon 1.1 10.1 C:\Program Files\Java\jdk-17\bin\java -cp C:\Users\agarc\Desktop\2DAM\SyP\Eclipse\AE2\bin es.syp.ae2.CalculaNEO Armageddon 1.1 10.1 C:\Program Files\Java\jdk-17\bin\java -cp C:\Users\agarc\Desktop\2DAM\SyP\Eclipse\AE2\bin es.syp.ae2.CalculaNEO Armageddon 1.1 10.1 C:\Program Files\Java\jdk-17\bin\java -cp C:\Users\agarc\Desktop\2DAM\SyP\Eclipse\AE2\bin es.syp.ae2.CalculaNEO Armageddon 1.1 10.1 C:\Program Files\Java\jdk-17\bin\java -cp C:\Users\agarc\Desktop\2DAM\SyP\Eclipse\AE2\bin es.syp.ae2.CalculaNEO Armageddon 1.1 10.1 C:\Program Files\Java\jdk-17\bin\java -cp C:\Users\agarc\Desktop\2DAM\SyP\Eclipse\AE2\bin es.syp.ae2.CalculaNEO Armageddon 1.1 10.1 C:\Program Files\Java\jdk-17\bin\java -cp C:\Users\agarc\Desktop\2DAM\SyP\Eclipse\AE2\bin es.syp.ae2.CalculaNEO Armageddon 1.1 10.1 C:\Program Files\Java\jdk-17\bin\java -cp C:\Users\agarc\Desktop\2DAM\SyP\Eclipse\AE2\bin es.syp.ae2.CalculaNEO Armageddon 1.1 10.1 C:\Program Files\Java\jdk-17\bin\java -cp C:\Users\agarc\Desktop\2DAM\SyP\Eclipse\AE2\bin es.syp.ae2.CalculaNEO Armageddon 1.1 10.1 C:\Program Files\Java\jdk-17\bin\java -cp C:\Users\agarc\Desktop\2DAM\SyP\Eclipse\AE2\bin es.syp.ae2.CalculaNEO Armageddon 1.1 10.1 C:\Program Files\Java\jdk-17\bin\java -cp C:\Users\agarc\Desktop\2DAM\SyP\Eclipse\AE2\bin es.syp.ae2.CalculaNEO Armageddon 1.1 10.1 C:\Program Files\Java\jdk-17\bin\java -cp C:\Users\agarc\Desktop\2DAM\SyP\Eclipse\AE2\bin es.syp.ae2.CalculaNEO Armageddon 1.1 10.1 C:\Program Files\Java\jdk-17\bin\java -cp C:\Users\agarc\Desktop\2DAM\SyP\Eclipse\AE2\bin es.syp.ae2.CalculaNEO Armageddon 1.1 10.1 C:\Program Files\Java\jdk-17\bin\java -cp C:\Users\agarc\Desktop\2DAM\SyP\Eclipse\AE2\bin es.syp.ae2.CalculaNEO Armageddon 1.1 10.1 C:\Program Files\Java\jdk-17\bin\java -cp C:\Users\agarc\Desktop\2DAM\SyP\Eclipse\AE2\bin es.syp.ae2.CalculaNEO Armageddon 1.1 10.1 C:\Program Files\Java\jdk-17\bin\java -cp C:\Users\agarc\Desktop\2DAM\SyP\Eclipse\AE2\bin es.syp.ae2.CalculaNEO Armageddon 1.1 10.1 C:\Program Files\Java\jdk-17\bin\java -cp C:\Users\agarc\Desktop\2DAM\SyP\Eclipse\AE2\bin es.syp.ae2.CalculaNEO Armageddon 1.1 10.1 C:\Program Files\Java\jdk-17\bin\java -cp C:\Users\agarc\Desktop\2DAM\SyP\Eclipse\AE2\bin es.syp.ae2.CalculaNEO Armageddon 1.1 10.1 C:\Program Files\Java\jdk-17\bin\java -cp C:\Users\agarc\Desktop\2DAM\SyP\Eclipse\AE2\bin es.syp.ae2.CalculaNEO Armageddon 1.1 10.1 C:\Program Files\Java\jdk-17\bin\java -cp C:\Users\agarc\Desktop\2DAM\SyP\Eclipse\AE2\bin es.syp.ae2.CalculaNEO Armageddon 1.1 10.1 C:\Program Files\Java\jdk-17\bin\java -cp C:\Users\agarc\Desktop\2DAM\SyP\Eclipse\AE2\bin es.syp.ae2.CalculaNEO Armageddon 1.1 10.1 C:\Program Files\Java\jdk-17\bin\java -cp C:\Users\agarc\Desktop\2DAM\SyP\Eclipse\AE2\bin es.syp.ae2.CalculaNEO Armageddon 1.1 10.1 C:\Program Files\Java\jdk-17\bin\java -cp C:\Users\agarc\Desktop\2DAM\SyP\Eclipse\AE2\bin es.syp.ae2.CalculaNEO Armageddon 1.1 10.1 C:\Program Files\Java\jdk-17\bin\java -cp C:\Users\agarc\Desktop\2DAM\SyP\Eclipse\AE2\bin es.syp.ae2.CalculaNEO Armageddon 1.1 10.1 C:\Program Files\Java\jdk-17\bin\java -cp C:\Users\agarc\Desktop\2DAM\SyP\Eclipse\AE2\bin es.syp.ae2.CalculaNEO Armageddon 1.1 10.1 C:\Program Files\Java\jdk-17\bin\java -cp C:\Users\agarc\Desktop\2DAM\SyP\Eclipse\AE2\bin es.syp.ae2.CalculaNEO Armageddon 1.1 10.1 C:\Program Files\Java\jdk-17\bin\java -cp C:\Users\agarc\Desktop\2DAM\SyP\Eclipse\AE2\bin es.syp.ae2.CalculaNEO Armageddon 1.1 10.1 C:\Program Files\Java\jdk-17\bin\java -cp C:\Users\agarc\Desktop\2DAM\SyP\Eclipse\AE2\bin es.syp.ae2.CalculaNEO Armageddon 1.1 10.1 C:\Program Files\Java\jdk-17\bin\java -cp C:\Users\agarc\Desktop\2DAM\SyP\Eclipse\AE2\bin es.syp.ae2.CalculaNEO Armageddon 1.1 10.1 C:\Program Files\Java\jdk-17\bin\java -cp C:\Users\agarc\Desktop\2DAM\SyP\Eclipse\AE2\bin es.syp.ae2.CalculaNEO Armageddon 1.1 10.1 C:\Program Files\Java\jdk-17\bin\java -cp C:\Users\agarc\Desktop\2DAM\SyP\Eclipse\AE2\bin es.syp.ae2.CalculaNEO Armageddon 1.1 10.1 C:\Program Files\Java\jdk-17\bin\java -cp C:\Users\agarc\Desktop\2DAM\SyP\Eclipse\AE2\bin es.syp.ae2.CalculaNEO Armageddon 1.1 10.1 C:\Program Files\Java\jdk-17\bin\java -cp C:\Users\agarc\Desktop\2DAM\SyP\Eclipse\AE2\bin es.syp.ae2.CalculaNEO Armageddon 1.1 10.1 C:\Program Files\Java\jdk-17\bin\java -cp C:\Users\agarc\Desktop\2DAM\SyP\Eclipse\AE2\bin es.syp.ae2.CalculaNEO Armageddon 1.1 10.1 C:\Program Files\Java\jdk-17\bin\java -cp C:\Users\agarc\Desktop\2DAM\SyP\Eclipse\AE2\bin es.syp.ae2.CalculaNEO Armageddon 1.1 10.1 C:\Program Files\Java\jdk-17\bin\java -cp C:\Users\agarc\Desktop\2DAM\SyP\Eclipse\AE2\bin es.syp.ae2.CalculaNEO Armageddon 1.1 10.1 C:\Program Files\Java\jdk-17\bin\java -cp C:\Users\agarc\Desktop\2DAM\SyP\Eclipse\AE2\bin es.syp.ae2.CalculaNEO Armageddon 1.1 10.1 C:\Program Files\Java\jdk-17\bin\java -cp C:\Users\agarc\Desktop\2DAM\SyP\Eclipse\AE2\bin es.syp.ae2.CalculaNEO Armageddon 1.1 10.1 C:\Program Files\Java\jdk-17\bin\java -cp C:\Users\agarc\Desktop\2DAM\SyP\Eclipse\AE2\bin es.syp.ae2.CalculaNEO Armageddon 1.1 10.1 C:\Program Files\Java\jdk-17\bin\java -cp C:\Users\agarc\Desktop\2DAM\SyP\Eclipse\AE2\bin es.syp.ae2.CalculaNEO Armageddon 1.1 10.1 C:\Program Files\Java\jdk-17\bin\java -cp C:\Users\agarc\Desktop\2DAM\SyP\Eclipse\AE2\bin es.syp.ae2.CalculaNEO Armageddon 1.1 10.1 C:\Program Files\Java\jdk-17\bin\java -cp C:\Users\agarc\Desktop\2DAM\SyP\Eclipse\AE2\bin es.syp.ae2.CalculaNEO Armageddon 1.1 10.1 C:\Program Files\Java\jdk-17\bin\java -cp C:\Users\agarc\Desktop\2DAM\SyP\Eclipse\AE2\bin es.syp.ae2.CalculaNEO Armageddon 1.1 10.1 C:\Program Files\Java\jdk-17\bin\java -cp C:\Users\agarc\Desktop\2DAM\SyP\Eclipse\AE2\bin es.syp.ae2.CalculaNEO Armageddon 1.1 10.1 C:\Program Files\Java\jdk-17\bin\java -cp C:\Users\agarc\Desktop\2DAM\SyP\Eclipse\AE2\bin es.syp.ae2.CalculaNEO Armageddon 1.1 10.1 C:\Program Files\Java\jdk-17\bin\java -cp C:\Users\agarc\Desktop\2DAM\SyP\Eclipse\AE2\bin es.syp.ae2.CalculaNEO Armageddon 1.1 10.1 C:\Program Files\Java\jdk-17\bin\java -cp C:\Users\agarc\Desktop\2DAM\SyP\Eclipse\AE2\bin es.syp.ae2.CalculaNEO Armageddon 1.1 10.1 C:\Program Files\Java\jdk-17\bin\java -cp C:\Users\agarc\Desktop\2DAM\SyP\Eclipse\AE2\bin es.syp.ae2.CalculaNEO Armageddon 1.1 10.1 C:\Program Files\Java\jdk-17\bin\java -cp C:\Users\agarc\Desktop\2DAM\SyP\Eclipse\AE2\bin es.syp.ae2.CalculaNEO Armageddon 1.1 10.1 C:\Program Files\Java\jdk-17\bin\java -cp C:\Users\agarc\Desktop\2DAM\SyP\Eclipse\AE2\bin es.syp.ae2.CalculaNEO Armageddon 1.1 10.1 C:\Program Files\Java\jdk-17\bin\java -cp C:\Users\agarc\Desktop\2DAM\SyP\Eclipse\AE2\bin es.syp.ae2.CalculaNEO Armageddon 1.1 10.1 C:\Program Files\Java\jdk-17\bin\java -cp C:\Users\agarc\Desktop\2DAM\SyP\Eclipse\AE2\bin es.syp.ae2.CalculaNEO Armageddon 1.1 10.1 C:\Program Files\Java\jdk-17\bin\java -cp C:\Users\agarc\Desktop\2DAM\SyP\Eclipse\AE2\bin es.syp.ae2.CalculaNEO Armageddon 1.1 10.1 C:\Program Files\Java\jdk-17\bin\java -cp C:\Users\agarc\Desktop\2DAM\SyP\Eclipse\AE2\bin es.syp.ae2.CalculaNEO Armageddon 1.1 10.1 C:\Program Files\Java\jdk-17\bin\java -cp C:\Users\agarc\Desktop\2DAM\SyP\Eclipse\AE2\bin es.syp.ae2.CalculaNEO Armageddon 1.1 10.1 C:\Program Files\Java\jdk-17\bin\java -cp C:\Users\agarc\Desktop\2DAM\SyP\Eclipse\AE2\bin es.syp.ae2.CalculaNEO Armageddon 1.1 10.1 C:\Program Files\Java\jdk-17\bin\java -cp C:\Users\agarc\Desktop\2DAM\SyP\Eclipse\AE2\bin es.syp.ae2.CalculaNEO Armageddon 1.1 10.1 C:\Program Files\Java\jdk-17\bin\java -cp C:\Users\agarc\Desktop\2DAM\SyP\Eclipse\AE2\bin es.syp.ae2.CalculaNEO Armageddon 1.1 10.1 C:\Program Files\Java\jdk-17\bin\java -cp C:\Users\agarc\Desktop\2DAM\SyP\Eclipse\AE2\bin es.syp.ae2.CalculaNEO Armageddon 1.1 10.1 C:\Program Files\Java\jdk-17\bin\java -cp C:\Users\agarc\Desktop\2DAM\SyP\Eclipse\AE2\bin es.syp.ae2.CalculaNEO Armageddon 1.1 10.1 C:\Program Files\Java\jdk-17\bin\java -cp C:\Users\agarc\Desktop\2DAM\SyP\Eclipse\AE2\bin es.syp.ae2.CalculaNEO Armageddon 1.1 10.1

Host: Intel(R) Core(TM) i7-7700K CPU @ 4.20GHz, 8 cores, 15G,  Windows 10 , 64 bit Build 19041 (10.0.19041.1202)
Time: Tue Oct 19 18:59:40 2021 Hora de verano romance elapsed time: 18.618018 seconds (0d 0h 0m 18s)

---------------  T H R E A D  ---------------

Current thread (0x000002c4e56fb720):  JavaThread "C1 CompilerThread0" daemon [_thread_in_vm, id=27924, stack(0x000000ffbac00000,0x000000ffbad00000)]


Current CompileTask:
C1:  18618   71       3       java.lang.invoke.MethodTypeForm::canonicalize (74 bytes)

Stack: [0x000000ffbac00000,0x000000ffbad00000]
Native frames: (J=compiled Java code, j=interpreted, Vv=VM code, C=native code)
V  [jvm.dll+0x66f8ea]
V  [jvm.dll+0x7ce224]
V  [jvm.dll+0x7cf9ce]
V  [jvm.dll+0x7d0033]
V  [jvm.dll+0x242bb5]
V  [jvm.dll+0x7ca1cb]
V  [jvm.dll+0x615a46]
V  [jvm.dll+0x615aaa]
V  [jvm.dll+0x6182ba]
V  [jvm.dll+0x6163e6]
V  [jvm.dll+0x62746a]
V  [jvm.dll+0x62027a]
V  [jvm.dll+0x1ca350]
V  [jvm.dll+0x1ca53f]
V  [jvm.dll+0x144261]
V  [jvm.dll+0x1440a5]
V  [jvm.dll+0x13b8ef]
V  [jvm.dll+0x13dee5]
V  [jvm.dll+0x13c0cc]
V  [jvm.dll+0x144b7d]
V  [jvm.dll+0x1440a5]
V  [jvm.dll+0x13b8ef]
V  [jvm.dll+0x13dee5]
V  [jvm.dll+0x13c1c4]
V  [jvm.dll+0x1361df]
V  [jvm.dll+0x145cc6]
V  [jvm.dll+0x1318d0]
V  [jvm.dll+0x131c30]
V  [jvm.dll+0x131ef6]
V  [jvm.dll+0x13138a]
V  [jvm.dll+0x133051]
V  [jvm.dll+0x2248f8]
V  [jvm.dll+0x222a5c]
V  [jvm.dll+0x78422b]
V  [jvm.dll+0x77e7ea]
