#
# There is insufficient memory for the Java Runtime Environment to continue.
# Native memory allocation (malloc) failed to allocate 32744 bytes for ChunkPool::allocate
# Possible reasons:
#   The system is out of physical RAM or swap space
#   The process is running with CompressedOops enabled, and the Java Heap may be blocking the growth of the native heap
# Possible solutions:
#   Reduce memory load on the system
#   Increase physical memory or swap space
#   Check if swap backing store is full
#   Decrease Java heap size (-Xmx/-Xms)
#   Decrease number of Java threads
#   Decrease Java thread stack sizes (-Xss)
#   Set larger code cache with -XX:ReservedCodeCacheSize=
#   JVM is running with Zero Based Compressed Oops mode in which the Java heap is
#     placed in the first 32GB address space. The Java Heap base address is the
#     maximum limit for the native heap growth. Please use -XX:HeapBaseMinAddress
#     to set the Java Heap base and to place the Java Heap above 32GB virtual address.
# This output file may be truncated or incomplete.
#
#  Out of Memory Error (arena.cpp:78), pid=15124, tid=16716
#
# JRE version: Java(TM) SE Runtime Environment (17.0+35) (build 17+35-LTS-2724)
# Java VM: Java HotSpot(TM) 64-Bit Server VM (17+35-LTS-2724, mixed mode, sharing, tiered, compressed oops, compressed class ptrs, g1 gc, windows-amd64)
# No core dump will be written. Minidumps are not enabled by default on client versions of Windows
#

---------------  S U M M A R Y ------------

Command Line: es.syp.ae2.CalculaNEO Armageddon 1.1 10.1

Host: Intel(R) Core(TM) i7-7700K CPU @ 4.20GHz, 8 cores, 15G,  Windows 10 , 64 bit Build 19041 (10.0.19041.1202)
Time: Tue Oct 19 18:59:44 2021 Hora de verano romance elapsed time: 23.933107 seconds (0d 0h 0m 23s)

---------------  T H R E A D  ---------------

Current thread (0x000002742febee40):  JavaThread "C2 CompilerThread0" daemon [_thread_in_native, id=16716, stack(0x000000fc98d00000,0x000000fc98e00000)]


Current CompileTask:
C2:  23933   76       4       java.lang.String::charAt (25 bytes)

Stack: [0x000000fc98d00000,0x000000fc98e00000]
Native frames: (J=compiled Java code, j=interpreted, Vv=VM code, C=native code)
V  [jvm.dll+0x66f8ea]
V  [jvm.dll+0x7ce224]
V  [jvm.dll+0x7cf9ce]
V  [jvm.dll+0x7d0033]
V  [jvm.dll+0x242bb5]
V  [jvm.dll+0xaa2a0]
V  [jvm.dll+0xaa5ec]
V  [jvm.dll+0x64f42f]
V  [jvm.dll+0x788bc]
V  [jvm.dll+0x68433b]
V  [jvm.dll+0x687c84]
V  [jvm.dll+0x67fcab]
V  [jvm.dll+0x67f2e7]
V  [jvm.dll+0x67d1e2]
V  [jvm.dll+0x1a48dc]
V  [jvm.dll+0x2a8724]
V  [jvm.dll+0x687cab]
V  [jvm.dll+0x67fcab]
V  [jvm.dll+0x67f2e7]
V  [jvm.dll+0x67d1e2]
V  [jvm.dll+0x1a48dc]
V  [jvm.dll+0x214cc8]
V  [jvm.dll+0x1a168d]
V  [jvm.dll+0x2248f8]
V  [jvm.dll+0x222a5c]
V  [jvm.dll+0x78422b]
V  [jvm.dll+0x77e7ea]
V  [jvm.dll+0x66e715]
C  [ucrtbase.dll+0x21bb2]
C  [KERNEL32.DLL+0x17034]
C  [ntdll.dll+0x52651]


---------------  P R O C E S S  ---------------

Threads class SMR info:
_java_thread_list=0x0000027430a6a420, length=12, elements={
0x000002742fea3850, 0x000002742fea45d0, 0x000002742feba550, 0x000002742febb010,
0x000002742febd8e0, 0x000002742febe1a0, 0x000002742febee40, 0x000002742fec1c00,
0x000002742fec2500, 0x00000274309a57d0, 0x00000274309b2d70, 0x000002740d16dc10
}

Java Threads: ( => current thread )
  0x000002742fea3850 JavaThread "Reference Handler" daemon [_thread_blocked, id=8784, stack(0x000000fc98700000,0x000000fc98800000)]
  0x000002742fea45d0 JavaThread "Finalizer" daemon [_thread_blocked, id=2144, stack(0x000000fc98800000,0x000000fc98900000)]
  0x000002742feba550 JavaThread "Signal Dispatcher" daemon [_thread_blocked, id=16700, stack(0x000000fc98900000,0x000000fc98a00000)]
  0x000002742febb010 JavaThread "Attach Listener" daemon [_thread_blocked, id=16704, stack(0x000000fc98a00000,0x000000fc98b00000)]
  0x000002742febd8e0 JavaThread "Service Thread" daemon [_thread_blocked, id=16708, stack(0x000000fc98b00000,0x000000fc98c00000)]
  0x000002742febe1a0 JavaThread "Monitor Deflation Thread" daemon [_thread_blocked, id=16712, stack(0x000000fc98c00000,0x000000fc98d00000)]
=>0x000002742febee40 JavaThread "C2 CompilerThread0" daemon [_thread_in_native, id=16716, stack(0x000000fc98d00000,0x000000fc98e00000)]
  0x000002742fec1c00 JavaThread "C1 CompilerThread0" daemon [_thread_blocked, id=16720, stack(0x000000fc98e00000,0x000000fc98f00000)]
  0x000002742fec2500 JavaThread "Sweeper thread" daemon [_thread_blocked, id=16728, stack(0x000000fc98f00000,0x000000fc99000000)]
  0x00000274309a57d0 JavaThread "Notification Thread" daemon [_thread_blocked, id=16936, stack(0x000000fc99000000,0x000000fc99100000)]
  0x00000274309b2d70 JavaThread "Common-Cleaner" daemon [_thread_blocked, id=16968, stack(0x000000fc99200000,0x000000fc99300000)]
  0x000002740d16dc10 JavaThread "DestroyJavaVM" [_thread_blocked, id=3116, stack(0x000000fc98000000,0x000000fc98100000)]

Other Threads:
  0x000002742fe9d8e0 VMThread "VM Thread" [stack: 0x000000fc98600000,0x000000fc98700000] [id=12484]
  0x00000274309a9cc0 WatcherThread [stack: 0x000000fc99100000,0x000000fc99200000] [id=16944]
  0x000002740d1bdba0 GCTaskThread "GC Thread#0" [stack: 0x000000fc98100000,0x000000fc98200000] [id=15368]
  0x000002740d1d0960 ConcurrentGCThread "G1 Main Marker" [stack: 0x000000fc98200000,0x000000fc98300000] [id=10796]
  0x000002740d1d1280 ConcurrentGCThread "G1 Conc#0" [stack: 0x000000fc98300000,0x000000fc98400000] [id=448]
  0x000002742fd620c0 ConcurrentGCThread "G1 Refine#0" [stack: 0x000000fc98400000,0x000000fc98500000] [id=5472]
  0x000002742fd629f0 ConcurrentGCThread "G1 Service" [stack: 0x000000fc98500000,0x000000fc98600000] [id=11228]

Threads with active compile tasks:
C2 CompilerThread0    23956   76       4       java.lang.String::charAt (25 bytes)

VM state: not at safepoint (normal execution)

VM Mutex/Monitor currently owned by a thread: None

Heap address: 0x0000000700a00000, size: 4086 MB, Compressed Oops mode: Zero based, Oop shift amount: 3

CDS archive(s) mapped at: [0x0000000800000000-0x0000000800bc0000-0x0000000800bc0000), size 12320768, SharedBaseAddress: 0x0000000800000000, ArchiveRelocationMode: 0.
Compressed class space mapped at: 0x0000000800c00000-0x0000000840c00000, reserved size: 1073741824
Narrow klass base: 0x0000000800000000, Narrow klass shift: 0, Narrow klass range: 0x100000000

GC Precious Log:
 CPUs: 8 total, 8 available
 Memory: 16343M
 Large Page Support: Disabled
 NUMA Support: Disabled
 Compressed Oops: Enabled (Zero based)
 Heap Region Size: 2M
 Heap Min Capacity: 8M
 Heap Initial Capacity: 256M
 Heap Max Capacity: 4086M
 Pre-touch: Disabled
 Parallel Workers: 8
 Concurrent Workers: 2
 Concurrent Refinement Workers: 8
 Periodic GC: Disabled

Heap:
 garbage-first heap   total 262144K, used 2048K [0x0000000700a00000, 0x0000000800000000)
  region size 2048K, 2 young (4096K), 0 survivors (0K)
 Metaspace       used 340K, committed 512K, reserved 1056768K
  class space    used 24K, committed 128K, reserved 1048576K

Heap Regions: E=young(eden), S=young(survivor), O=old, HS=humongous(starts), HC=humongous(continues), CS=collection set, F=free, OA=open archive, CA=closed archive, TAMS=top-at-mark-start (previous, next)
|   0|0x0000000700a00000, 0x0000000700a00000, 0x0000000700c00000|  0%| F|  |TAMS 0x0000000700a00000, 0x0000000700a00000| Untracked 
|   1|0x0000000700c00000, 0x0000000700c00000, 0x0000000700e00000|  0%| F|  |TAMS 0x0000000700c00000, 0x0000000700c00000| Untracked 
|   2|0x0000000700e00000, 0x0000000700e00000, 0x0000000701000000|  0%| F|  |TAMS 0x0000000700e00000, 0x0000000700e00000| Untracked 
|   3|0x0000000701000000, 0x0000000701000000, 0x0000000701200000|  0%| F|  |TAMS 0x0000000701000000, 0x0000000701000000| Untracked 
|   4|0x0000000701200000, 0x0000000701200000, 0x0000000701400000|  0%| F|  |TAMS 0x0000000701200000, 0x0000000701200000| Untracked 
|   5|0x0000000701400000, 0x0000000701400000, 0x0000000701600000|  0%| F|  |TAMS 0x0000000701400000, 0x0000000701400000| Untracked 
|   6|0x0000000701600000, 0x0000000701600000, 0x0000000701800000|  0%| F|  |TAMS 0x0000000701600000, 0x0000000701600000| Untracked 
|   7|0x0000000701800000, 0x0000000701800000, 0x0000000701a00000|  0%| F|  |TAMS 0x0000000701800000, 0x0000000701800000| Untracked 
|   8|0x0000000701a00000, 0x0000000701a00000, 0x0000000701c00000|  0%| F|  |TAMS 0x0000000701a00000, 0x0000000701a00000| Untracked 
|   9|0x0000000701c00000, 0x0000000701c00000, 0x0000000701e00000|  0%| F|  |TAMS 0x0000000701c00000, 0x0000000701c00000| Untracked 
|  10|0x0000000701e00000, 0x0000000701e00000, 0x0000000702000000|  0%| F|  |TAMS 0x0000000701e00000, 0x0000000701e00000| Untracked 
|  11|0x0000000702000000, 0x0000000702000000, 0x0000000702200000|  0%| F|  |TAMS 0x0000000702000000, 0x0000000702000000| Untracked 
|  12|0x0000000702200000, 0x0000000702200000, 0x0000000702400000|  0%| F|  |TAMS 0x0000000702200000, 0x0000000702200000| Untracked 
|  13|0x0000000702400000, 0x0000000702400000, 0x0000000702600000|  0%| F|  |TAMS 0x0000000702400000, 0x0000000702400000| Untracked 
|  14|0x0000000702600000, 0x0000000702600000, 0x0000000702800000|  0%| F|  |TAMS 0x0000000702600000, 0x0000000702600000| Untracked 
|  15|0x0000000702800000, 0x0000000702800000, 0x0000000702a00000|  0%| F|  |TAMS 0x0000000702800000, 0x0000000702800000| Untracked 
|  16|0x0000000702a00000, 0x0000000702a00000, 0x0000000702c00000|  0%| F|  |TAMS 0x0000000702a00000, 0x0000000702a00000| Untracked 
|  17|0x0000000702c00000, 0x0000000702c00000, 0x0000000702e00000|  0%| F|  |TAMS 0x0000000702c00000, 0x0000000702c00000| Untracked 
|  18|0x0000000702e00000, 0x0000000702e00000, 0x0000000703000000|  0%| F|  |TAMS 0x0000000702e00000, 0x0000000702e00000| Untracked 
|  19|0x0000000703000000, 0x0000000703000000, 0x0000000703200000|  0%| F|  |TAMS 0x0000000703000000, 0x0000000703000000| Untracked 
|  20|0x0000000703200000, 0x0000000703200000, 0x0000000703400000|  0%| F|  |TAMS 0x0000000703200000, 0x0000000703200000| Untracked 
|  21|0x0000000703400000, 0x0000000703400000, 0x0000000703600000|  0%| F|  |TAMS 0x0000000703400000, 0x0000000703400000| Untracked 
|  22|0x0000000703600000, 0x0000000703600000, 0x0000000703800000|  0%| F|  |TAMS 0x0000000703600000, 0x0000000703600000| Untracked 
|  23|0x0000000703800000, 0x0000000703800000, 0x0000000703a00000|  0%| F|  |TAMS 0x0000000703800000, 0x0000000703800000| Untracked 
|  24|0x0000000703a00000, 0x0000000703a00000, 0x0000000703c00000|  0%| F|  |TAMS 0x0000000703a00000, 0x0000000703a00000| Untracked 
|  25|0x0000000703c00000, 0x0000000703c00000, 0x0000000703e00000|  0%| F|  |TAMS 0x0000000703c00000, 0x0000000703c00000| Untracked 
|  26|0x0000000703e00000, 0x0000000703e00000, 0x0000000704000000|  0%| F|  |TAMS 0x0000000703e00000, 0x0000000703e00000| Untracked 
|  27|0x0000000704000000, 0x0000000704000000, 0x0000000704200000|  0%| F|  |TAMS 0x0000000704000000, 0x0000000704000000| Untracked 
|  28|0x0000000704200000, 0x0000000704200000, 0x0000000704400000|  0%| F|  |TAMS 0x0000000704200000, 0x0000000704200000| Untracked 
|  29|0x0000000704400000, 0x0000000704400000, 0x0000000704600000|  0%| F|  |TAMS 0x0000000704400000, 0x0000000704400000| Untracked 
|  30|0x0000000704600000, 0x0000000704600000, 0x0000000704800000|  0%| F|  |TAMS 0x0000000704600000, 0x0000000704600000| Untracked 
|  31|0x0000000704800000, 0x0000000704800000, 0x0000000704a00000|  0%| F|  |TAMS 0x0000000704800000, 0x0000000704800000| Untracked 
|  32|0x0000000704a00000, 0x0000000704a00000, 0x0000000704c00000|  0%| F|  |TAMS 0x0000000704a00000, 0x0000000704a00000| Untracked 
|  33|0x0000000704c00000, 0x0000000704c00000, 0x0000000704e00000|  0%| F|  |TAMS 0x0000000704c00000, 0x0000000704c00000| Untracked 
|  34|0x0000000704e00000, 0x0000000704e00000, 0x0000000705000000|  0%| F|  |TAMS 0x0000000704e00000, 0x0000000704e00000| Untracked 
|  35|0x0000000705000000, 0x0000000705000000, 0x0000000705200000|  0%| F|  |TAMS 0x0000000705000000, 0x0000000705000000| Untracked 
|  36|0x0000000705200000, 0x0000000705200000, 0x0000000705400000|  0%| F|  |TAMS 0x0000000705200000, 0x0000000705200000| Untracked 
|  37|0x0000000705400000, 0x0000000705400000, 0x0000000705600000|  0%| F|  |TAMS 0x0000000705400000, 0x0000000705400000| Untracked 
|  38|0x0000000705600000, 0x0000000705600000, 0x0000000705800000|  0%| F|  |TAMS 0x0000000705600000, 0x0000000705600000| Untracked 
|  39|0x0000000705800000, 0x0000000705800000, 0x0000000705a00000|  0%| F|  |TAMS 0x0000000705800000, 0x0000000705800000| Untracked 
|  40|0x0000000705a00000, 0x0000000705a00000, 0x0000000705c00000|  0%| F|  |TAMS 0x0000000705a00000, 0x0000000705a00000| Untracked 
|  41|0x0000000705c00000, 0x0000000705c00000, 0x0000000705e00000|  0%| F|  |TAMS 0x0000000705c00000, 0x0000000705c00000| Untracked 
|  42|0x0000000705e00000, 0x0000000705e00000, 0x0000000706000000|  0%| F|  |TAMS 0x0000000705e00000, 0x0000000705e00000| Untracked 
|  43|0x0000000706000000, 0x0000000706000000, 0x0000000706200000|  0%| F|  |TAMS 0x0000000706000000, 0x0000000706000000| Untracked 
|  44|0x0000000706200000, 0x0000000706200000, 0x0000000706400000|  0%| F|  |TAMS 0x0000000706200000, 0x0000000706200000| Untracked 
|  45|0x0000000706400000, 0x0000000706400000, 0x0000000706600000|  0%| F|  |TAMS 0x0000000706400000, 0x0000000706400000| Untracked 
|  46|0x0000000706600000, 0x0000000706600000, 0x0000000706800000|  0%| F|  |TAMS 0x0000000706600000, 0x0000000706600000| Untracked 
|  47|0x0000000706800000, 0x0000000706800000, 0x0000000706a00000|  0%| F|  |TAMS 0x0000000706800000, 0x0000000706800000| Untracked 
|  48|0x0000000706a00000, 0x0000000706a00000, 0x0000000706c00000|  0%| F|  |TAMS 0x0000000706a00000, 0x0000000706a00000| Untracked 
|  49|0x0000000706c00000, 0x0000000706c00000, 0x0000000706e00000|  0%| F|  |TAMS 0x0000000706c00000, 0x0000000706c00000| Untracked 
|  50|0x0000000706e00000, 0x0000000706e00000, 0x0000000707000000|  0%| F|  |TAMS 0x0000000706e00000, 0x0000000706e00000| Untracked 
|  51|0x0000000707000000, 0x0000000707000000, 0x0000000707200000|  0%| F|  |TAMS 0x0000000707000000, 0x0000000707000000| Untracked 
|  52|0x0000000707200000, 0x0000000707200000, 0x0000000707400000|  0%| F|  |TAMS 0x0000000707200000, 0x0000000707200000| Untracked 
|  53|0x0000000707400000, 0x0000000707400000, 0x0000000707600000|  0%| F|  |TAMS 0x0000000707400000, 0x0000000707400000| Untracked 
|  54|0x0000000707600000, 0x0000000707600000, 0x0000000707800000|  0%| F|  |TAMS 0x0000000707600000, 0x0000000707600000| Untracked 
|  55|0x0000000707800000, 0x0000000707800000, 0x0000000707a00000|  0%| F|  |TAMS 0x0000000707800000, 0x0000000707800000| Untracked 
|  56|0x0000000707a00000, 0x0000000707a00000, 0x0000000707c00000|  0%| F|  |TAMS 0x0000000707a00000, 0x0000000707a00000| Untracked 
|  57|0x0000000707c00000, 0x0000000707c00000, 0x0000000707e00000|  0%| F|  |TAMS 0x0000000707c00000, 0x0000000707c00000| Untracked 
|  58|0x0000000707e00000, 0x0000000707e00000, 0x0000000708000000|  0%| F|  |TAMS 0x0000000707e00000, 0x0000000707e00000| Untracked 
|  59|0x0000000708000000, 0x0000000708000000, 0x0000000708200000|  0%| F|  |TAMS 0x0000000708000000, 0x0000000708000000| Untracked 
|  60|0x0000000708200000, 0x0000000708200000, 0x0000000708400000|  0%| F|  |TAMS 0x0000000708200000, 0x0000000708200000| Untracked 
|  61|0x0000000708400000, 0x0000000708400000, 0x0000000708600000|  0%| F|  |TAMS 0x0000000708400000, 0x0000000708400000| Untracked 
|  62|0x0000000708600000, 0x0000000708600000, 0x0000000708800000|  0%| F|  |TAMS 0x0000000708600000, 0x0000000708600000| Untracked 
|  63|0x0000000708800000, 0x0000000708800000, 0x0000000708a00000|  0%| F|  |TAMS 0x0000000708800000, 0x0000000708800000| Untracked 
|  64|0x0000000708a00000, 0x0000000708a00000, 0x0000000708c00000|  0%| F|  |TAMS 0x0000000708a00000, 0x0000000708a00000| Untracked 
|  65|0x0000000708c00000, 0x0000000708c00000, 0x0000000708e00000|  0%| F|  |TAMS 0x0000000708c00000, 0x0000000708c00000| Untracked 
|  66|0x0000000708e00000, 0x0000000708e00000, 0x0000000709000000|  0%| F|  |TAMS 0x0000000708e00000, 0x0000000708e00000| Untracked 
|  67|0x0000000709000000, 0x0000000709000000, 0x0000000709200000|  0%| F|  |TAMS 0x0000000709000000, 0x0000000709000000| Untracked 
|  68|0x0000000709200000, 0x0000000709200000, 0x0000000709400000|  0%| F|  |TAMS 0x0000000709200000, 0x0000000709200000| Untracked 
|  69|0x0000000709400000, 0x0000000709400000, 0x0000000709600000|  0%| F|  |TAMS 0x0000000709400000, 0x0000000709400000| Untracked 
|  70|0x0000000709600000, 0x0000000709600000, 0x0000000709800000|  0%| F|  |TAMS 0x0000000709600000, 0x0000000709600000| Untracked 
|  71|0x0000000709800000, 0x0000000709800000, 0x0000000709a00000|  0%| F|  |TAMS 0x0000000709800000, 0x0000000709800000| Untracked 
|  72|0x0000000709a00000, 0x0000000709a00000, 0x0000000709c00000|  0%| F|  |TAMS 0x0000000709a00000, 0x0000000709a00000| Untracked 
|  73|0x0000000709c00000, 0x0000000709c00000, 0x0000000709e00000|  0%| F|  |TAMS 0x0000000709c00000, 0x0000000709c00000| Untracked 
|  74|0x0000000709e00000, 0x0000000709e00000, 0x000000070a000000|  0%| F|  |TAMS 0x0000000709e00000, 0x0000000709e00000| Untracked 
|  75|0x000000070a000000, 0x000000070a000000, 0x000000070a200000|  0%| F|  |TAMS 0x000000070a000000, 0x000000070a000000| Untracked 
|  76|0x000000070a200000, 0x000000070a200000, 0x000000070a400000|  0%| F|  |TAMS 0x000000070a200000, 0x000000070a200000| Untracked 
|  77|0x000000070a400000, 0x000000070a400000, 0x000000070a600000|  0%| F|  |TAMS 0x000000070a400000, 0x000000070a400000| Untracked 
|  78|0x000000070a600000, 0x000000070a600000, 0x000000070a800000|  0%| F|  |TAMS 0x000000070a600000, 0x000000070a600000| Untracked 
|  79|0x000000070a800000, 0x000000070a800000, 0x000000070aa00000|  0%| F|  |TAMS 0x000000070a800000, 0x000000070a800000| Untracked 
|  80|0x000000070aa00000, 0x000000070aa00000, 0x000000070ac00000|  0%| F|  |TAMS 0x000000070aa00000, 0x000000070aa00000| Untracked 
|  81|0x000000070ac00000, 0x000000070ac00000, 0x000000070ae00000|  0%| F|  |TAMS 0x000000070ac00000, 0x000000070ac00000| Untracked 
|  82|0x000000070ae00000, 0x000000070ae00000, 0x000000070b000000|  0%| F|  |TAMS 0x000000070ae00000, 0x000000070ae00000| Untracked 
|  83|0x000000070b000000, 0x000000070b000000, 0x000000070b200000|  0%| F|  |TAMS 0x000000070b000000, 0x000000070b000000| Untracked 
|  84|0x000000070b200000, 0x000000070b200000, 0x000000070b400000|  0%| F|  |TAMS 0x000000070b200000, 0x000000070b200000| Untracked 
|  85|0x000000070b400000, 0x000000070b400000, 0x000000070b600000|  0%| F|  |TAMS 0x000000070b400000, 0x000000070b400000| Untracked 
|  86|0x000000070b600000, 0x000000070b600000, 0x000000070b800000|  0%| F|  |TAMS 0x000000070b600000, 0x000000070b600000| Untracked 
|  87|0x000000070b800000, 0x000000070b800000, 0x000000070ba00000|  0%| F|  |TAMS 0x000000070b800000, 0x000000070b800000| Untracked 
|  88|0x000000070ba00000, 0x000000070ba00000, 0x000000070bc00000|  0%| F|  |TAMS 0x000000070ba00000, 0x000000070ba00000| Untracked 
|  89|0x000000070bc00000, 0x000000070bc00000, 0x000000070be00000|  0%| F|  |TAMS 0x000000070bc00000, 0x000000070bc00000| Untracked 
|  90|0x000000070be00000, 0x000000070be00000, 0x000000070c000000|  0%| F|  |TAMS 0x000000070be00000, 0x000000070be00000| Untracked 
|  91|0x000000070c000000, 0x000000070c000000, 0x000000070c200000|  0%| F|  |TAMS 0x000000070c000000, 0x000000070c000000| Untracked 
|  92|0x000000070c200000, 0x000000070c200000, 0x000000070c400000|  0%| F|  |TAMS 0x000000070c200000, 0x000000070c200000| Untracked 
|  93|0x000000070c400000, 0x000000070c400000, 0x000000070c600000|  0%| F|  |TAMS 0x000000070c400000, 0x000000070c400000| Untracked 
|  94|0x000000070c600000, 0x000000070c600000, 0x000000070c800000|  0%| F|  |TAMS 0x000000070c600000, 0x000000070c600000| Untracked 
|  95|0x000000070c800000, 0x000000070c800000, 0x000000070ca00000|  0%| F|  |TAMS 0x000000070c800000, 0x000000070c800000| Untracked 
|  96|0x000000070ca00000, 0x000000070ca00000, 0x000000070cc00000|  0%| F|  |TAMS 0x000000070ca00000, 0x000000070ca00000| Untracked 
|  97|0x000000070cc00000, 0x000000070cc00000, 0x000000070ce00000|  0%| F|  |TAMS 0x000000070cc00000, 0x000000070cc00000| Untracked 
|  98|0x000000070ce00000, 0x000000070ce00000, 0x000000070d000000|  0%| F|  |TAMS 0x000000070ce00000, 0x000000070ce00000| Untracked 
|  99|0x000000070d000000, 0x000000070d000000, 0x000000070d200000|  0%| F|  |TAMS 0x000000070d000000, 0x000000070d000000| Untracked 
| 100|0x000000070d200000, 0x000000070d200000, 0x000000070d400000|  0%| F|  |TAMS 0x000000070d200000, 0x000000070d200000| Untracked 
| 101|0x000000070d400000, 0x000000070d400000, 0x000000070d600000|  0%| F|  |TAMS 0x000000070d400000, 0x000000070d400000| Untracked 
| 102|0x000000070d600000, 0x000000070d600000, 0x000000070d800000|  0%| F|  |TAMS 0x000000070d600000, 0x000000070d600000| Untracked 
| 103|0x000000070d800000, 0x000000070d800000, 0x000000070da00000|  0%| F|  |TAMS 0x000000070d800000, 0x000000070d800000| Untracked 
| 104|0x000000070da00000, 0x000000070da00000, 0x000000070dc00000|  0%| F|  |TAMS 0x000000070da00000, 0x000000070da00000| Untracked 
| 105|0x000000070dc00000, 0x000000070dc00000, 0x000000070de00000|  0%| F|  |TAMS 0x000000070dc00000, 0x000000070dc00000| Untracked 
| 106|0x000000070de00000, 0x000000070de00000, 0x000000070e000000|  0%| F|  |TAMS 0x000000070de00000, 0x000000070de00000| Untracked 
| 107|0x000000070e000000, 0x000000070e000000, 0x000000070e200000|  0%| F|  |TAMS 0x000000070e000000, 0x000000070e000000| Untracked 
| 108|0x000000070e200000, 0x000000070e200000, 0x000000070e400000|  0%| F|  |TAMS 0x000000070e200000, 0x000000070e200000| Untracked 
| 109|0x000000070e400000, 0x000000070e400000, 0x000000070e600000|  0%| F|  |TAMS 0x000000070e400000, 0x000000070e400000| Untracked 
| 110|0x000000070e600000, 0x000000070e600000, 0x000000070e800000|  0%| F|  |TAMS 0x000000070e600000, 0x000000070e600000| Untracked 
| 111|0x000000070e800000, 0x000000070e800000, 0x000000070ea00000|  0%| F|  |TAMS 0x000000070e800000, 0x000000070e800000| Untracked 
| 112|0x000000070ea00000, 0x000000070ea00000, 0x000000070ec00000|  0%| F|  |TAMS 0x000000070ea00000, 0x000000070ea00000| Untracked 
| 113|0x000000070ec00000, 0x000000070ec00000, 0x000000070ee00000|  0%| F|  |TAMS 0x000000070ec00000, 0x000000070ec00000| Untracked 
| 114|0x000000070ee00000, 0x000000070ee00000, 0x000000070f000000|  0%| F|  |TAMS 0x000000070ee00000, 0x000000070ee00000| Untracked 
| 115|0x000000070f000000, 0x000000070f000000, 0x000000070f200000|  0%| F|  |TAMS 0x000000070f000000, 0x000000070f000000| Untracked 
| 116|0x000000070f200000, 0x000000070f200000, 0x000000070f400000|  0%| F|  |TAMS 0x000000070f200000, 0x000000070f200000| Untracked 
| 117|0x000000070f400000, 0x000000070f400000, 0x000000070f600000|  0%| F|  |TAMS 0x000000070f400000, 0x000000070f400000| Untracked 
| 118|0x000000070f600000, 0x000000070f600000, 0x000000070f800000|  0%| F|  |TAMS 0x000000070f600000, 0x000000070f600000| Untracked 
| 119|0x000000070f800000, 0x000000070f800000, 0x000000070fa00000|  0%| F|  |TAMS 0x000000070f800000, 0x000000070f800000| Untracked 
| 120|0x000000070fa00000, 0x000000070fa00000, 0x000000070fc00000|  0%| F|  |TAMS 0x000000070fa00000, 0x000000070fa00000| Untracked 
| 121|0x000000070fc00000, 0x000000070fc00000, 0x000000070fe00000|  0%| F|  |TAMS 0x000000070fc00000, 0x000000070fc00000| Untracked 
| 122|0x000000070fe00000, 0x000000070fe00000, 0x0000000710000000|  0%| F|  |TAMS 0x000000070fe00000, 0x000000070fe00000| Untracked 
| 123|0x0000000710000000, 0x0000000710000000, 0x0000000710200000|  0%| F|  |TAMS 0x0000000710000000, 0x0000000710000000| Untracked 
| 124|0x0000000710200000, 0x0000000710200000, 0x0000000710400000|  0%| F|  |TAMS 0x0000000710200000, 0x0000000710200000| Untracked 
| 125|0x0000000710400000, 0x0000000710400000, 0x0000000710600000|  0%| F|  |TAMS 0x0000000710400000, 0x0000000710400000| Untracked 
| 126|0x0000000710600000, 0x0000000710600800, 0x0000000710800000|  0%| E|  |TAMS 0x0000000710600000, 0x0000000710600000| Complete 
| 127|0x0000000710800000, 0x0000000710a00000, 0x0000000710a00000|100%| E|CS|TAMS 0x0000000710800000, 0x0000000710800000| Complete 

Card table byte_map: [0x00000274244c0000,0x0000027424cc0000] _byte_map_base: 0x0000027420cbb000

Marking Bits (Prev, Next): (CMBitMap*) 0x000002740d1c00e0, (CMBitMap*) 0x000002740d1c0120
 Prev Bits: [0x00000274254c0000, 0x0000027429498000)
 Next Bits: [0x00000274294a0000, 0x000002742d478000)

Polling page: 0x000002740c950000

Metaspace:

Usage:
  Non-class:    316.39 KB used.
      Class:     24.15 KB used.
       Both:    340.54 KB used.

Virtual space:
  Non-class space:        8.00 MB reserved,     384.00 KB (  5%) committed,  1 nodes.
      Class space:        1.00 GB reserved,     128.00 KB ( <1%) committed,  1 nodes.
             Both:        1.01 GB reserved,     512.00 KB ( <1%) committed. 

Chunk freelists:
   Non-Class:  3.97 MB
       Class:  3.74 MB
        Both:  7.71 MB

MaxMetaspaceSize: unlimited
CompressedClassSpaceSize: 1.00 GB
Initial GC threshold: 21.00 MB
Current GC threshold: 21.00 MB
CDS: on
MetaspaceReclaimPolicy: balanced
 - commit_granule_bytes: 65536.
 - commit_granule_words: 8192.
 - virtual_space_node_default_size: 1048576.
 - enlarge_chunks_in_place: 1.
 - new_chunks_are_fully_committed: 0.
 - uncommit_free_chunks: 1.
 - use_allocation_guard: 0.
 - handle_deallocations: 1.


Internal statistics:

num_allocs_failed_limit: 0.
num_arena_births: 8.
num_arena_deaths: 0.
num_vsnodes_births: 2.
num_vsnodes_deaths: 0.
num_space_committed: 8.
num_space_uncommitted: 0.
num_chunks_returned_to_freelist: 0.
num_chunks_taken_from_freelist: 11.
num_chunk_merges: 0.
num_chunk_splits: 5.
num_chunks_enlarged: 3.
num_purges: 0.
num_inconsistent_stats: 0.

CodeHeap 'non-profiled nmethods': size=120000Kb used=32Kb max_used=32Kb free=119967Kb
 bounds [0x000002741c450000, 0x000002741c6c0000, 0x0000027423980000]
CodeHeap 'profiled nmethods': size=120000Kb used=110Kb max_used=110Kb free=119889Kb
 bounds [0x0000027414f20000, 0x0000027415190000, 0x000002741c450000]
CodeHeap 'non-nmethods': size=5760Kb used=1096Kb max_used=1096Kb free=4663Kb
 bounds [0x0000027414980000, 0x0000027414bf0000, 0x0000027414f20000]
 total_blobs=476 nmethods=105 adapters=284
 compilation: enabled
              stopped_count=0, restarted_count=0
 full_count=0

Compilation events (20 events):
Event: 23.929 Thread 0x000002742fec1c00   62       3       java.lang.String::<init> (15 bytes)
Event: 23.929 Thread 0x000002742fec1c00 nmethod 62 0x0000027414f2c190 code [0x0000027414f2c320, 0x0000027414f2c4f8]
Event: 23.929 Thread 0x000002742fec1c00   63       3       java.lang.Math::min (11 bytes)
Event: 23.929 Thread 0x000002742fec1c00 nmethod 63 0x0000027414f2c590 code [0x0000027414f2c720, 0x0000027414f2c858]
Event: 23.930 Thread 0x000002742fec1c00   64       3       java.util.Optional::orElse (16 bytes)
Event: 23.930 Thread 0x000002742fec1c00 nmethod 64 0x0000027414f2c910 code [0x0000027414f2caa0, 0x0000027414f2cc38]
Event: 23.930 Thread 0x000002742fec1c00   65       3       java.lang.String::indexOf (29 bytes)
Event: 23.931 Thread 0x000002742fec1c00 nmethod 65 0x0000027414f2cd10 code [0x0000027414f2cee0, 0x0000027414f2d198]
Event: 23.931 Thread 0x000002742fec1c00   66       3       java.lang.StringLatin1::indexOf (36 bytes)
Event: 23.931 Thread 0x000002742fec1c00 nmethod 66 0x0000027414f2d290 code [0x0000027414f2d460, 0x0000027414f2d898]
Event: 23.931 Thread 0x000002742fec1c00   67       3       java.lang.ref.Reference::reachabilityFence (1 bytes)
Event: 23.931 Thread 0x000002742fec1c00 nmethod 67 0x0000027414f2da10 code [0x0000027414f2dba0, 0x0000027414f2dc98]
Event: 23.931 Thread 0x000002742fec1c00   68       1       java.lang.invoke.MethodType::returnType (5 bytes)
Event: 23.931 Thread 0x000002742fec1c00 nmethod 68 0x000002741c455e90 code [0x000002741c456020, 0x000002741c4560f8]
Event: 23.931 Thread 0x000002742fec1c00   70       3       java.lang.invoke.MemberName::testFlags (16 bytes)
Event: 23.931 Thread 0x000002742fec1c00 nmethod 70 0x0000027414f2dd10 code [0x0000027414f2dea0, 0x0000027414f2e018]
Event: 23.932 Thread 0x000002742fec1c00   73       3       java.lang.String::indexOf (7 bytes)
Event: 23.932 Thread 0x000002742fec1c00 nmethod 73 0x0000027414f2e090 code [0x0000027414f2e260, 0x0000027414f2e578]
Event: 23.932 Thread 0x000002742fec1c00   74       3       java.util.StringTokenizer::skipDelimiters (116 bytes)
Event: 23.932 Thread 0x000002742febee40   76       4       java.lang.String::charAt (25 bytes)

GC Heap History (0 events):
No events

Deoptimization events (4 events):
Event: 23.920 Thread 0x000002740d16dc10 Uncommon trap: trap_request=0xffffff45 fr.pc=0x000002741c450a28 relative=0x0000000000000428
Event: 23.920 Thread 0x000002740d16dc10 Uncommon trap: reason=unstable_if action=reinterpret pc=0x000002741c450a28 method=es.syp.ae2.CalculaNEO.main([Ljava/lang/String;)V @ 66 c2
Event: 23.920 Thread 0x000002740d16dc10 DEOPT PACKING pc=0x000002741c450a28 sp=0x000000fc980ff140
Event: 23.920 Thread 0x000002740d16dc10 DEOPT UNPACKING pc=0x00000274149d23a3 sp=0x000000fc980ff0c8 mode 2

Classes unloaded (0 events):
No events

Classes redefined (0 events):
No events

Internal exceptions (0 events):
No events

VM Operations (0 events):
No events

Events (20 events):
Event: 0.510 Thread 0x000002742febee40 Thread added: 0x000002742febee40
Event: 0.510 Thread 0x000002742fec1c00 Thread added: 0x000002742fec1c00
Event: 0.510 Thread 0x000002742fec2500 Thread added: 0x000002742fec2500
Event: 0.539 Thread 0x00000274309a57d0 Thread added: 0x00000274309a57d0
Event: 0.540 loading class jdk/internal/loader/URLClassPath$FileLoader
Event: 0.540 loading class jdk/internal/loader/URLClassPath$FileLoader done
Event: 0.541 loading class jdk/internal/loader/URLClassPath$FileLoader$1
Event: 0.541 loading class jdk/internal/loader/URLClassPath$FileLoader$1 done
Event: 0.542 Thread 0x00000274309b2d70 Thread added: 0x00000274309b2d70
Event: 0.543 loading class java/io/IOException
Event: 0.543 loading class java/io/IOException done
Event: 0.544 loading class jdk/internal/math/FloatingDecimal$ASCIIToBinaryBuffer
Event: 0.544 loading class jdk/internal/math/FloatingDecimal$ASCIIToBinaryBuffer done
Event: 23.920 loading class java/lang/Math$RandomNumberGeneratorHolder
Event: 23.920 loading class java/lang/Math$RandomNumberGeneratorHolder done
Event: 23.928 loading class jdk/internal/module/ModulePatcher$PatchedModuleReader
Event: 23.928 loading class jdk/internal/module/ModulePatcher$PatchedModuleReader done
Event: 23.930 Loaded shared library C:\Program Files\Java\jdk-17\bin\jimage.dll
Event: 23.930 loading class sun/net/www/protocol/jrt/Handler
Event: 23.930 loading class sun/net/www/protocol/jrt/Handler done


Dynamic libraries:
0x00007ff713ab0000 - 0x00007ff713ac0000 	C:\Program Files\Java\jdk-17\bin\java.exe
0x00007ff9db650000 - 0x00007ff9db845000 	C:\WINDOWS\SYSTEM32\ntdll.dll
0x00007ff9d9750000 - 0x00007ff9d980e000 	C:\WINDOWS\System32\KERNEL32.DLL
0x00007ff9d9120000 - 0x00007ff9d93e9000 	C:\WINDOWS\System32\KERNELBASE.dll
0x00007ff9d95a0000 - 0x00007ff9d96a0000 	C:\WINDOWS\System32\ucrtbase.dll
0x00007ff9d1cd0000 - 0x00007ff9d1ce8000 	C:\Program Files\Java\jdk-17\bin\jli.dll
0x00007ff9c4d90000 - 0x00007ff9c4daa000 	C:\Program Files\Java\jdk-17\bin\VCRUNTIME140.dll
0x00007ff9d96a0000 - 0x00007ff9d974c000 	C:\WINDOWS\System32\ADVAPI32.dll
0x00007ff9d9da0000 - 0x00007ff9d9e3e000 	C:\WINDOWS\System32\msvcrt.dll
0x00007ff9dac50000 - 0x00007ff9daceb000 	C:\WINDOWS\System32\sechost.dll
0x00007ff9da960000 - 0x00007ff9daa8a000 	C:\WINDOWS\System32\RPCRT4.dll
0x00007ff9d9e40000 - 0x00007ff9d9fe1000 	C:\WINDOWS\System32\USER32.dll
0x00007ff9d93f0000 - 0x00007ff9d9412000 	C:\WINDOWS\System32\win32u.dll
0x00007ff9da180000 - 0x00007ff9da1ab000 	C:\WINDOWS\System32\GDI32.dll
0x00007ff9d8f80000 - 0x00007ff9d908b000 	C:\WINDOWS\System32\gdi32full.dll
0x00007ff9d9420000 - 0x00007ff9d94bd000 	C:\WINDOWS\System32\msvcp_win.dll
0x00007ff9cb400000 - 0x00007ff9cb69a000 	C:\WINDOWS\WinSxS\amd64_microsoft.windows.common-controls_6595b64144ccf1df_6.0.19041.1110_none_60b5254171f9507e\COMCTL32.dll
0x00007ff9d36d0000 - 0x00007ff9d36da000 	C:\WINDOWS\SYSTEM32\VERSION.dll
0x00007ff9db5e0000 - 0x00007ff9db610000 	C:\WINDOWS\System32\IMM32.DLL
0x00007ff9d1e90000 - 0x00007ff9d1e9c000 	C:\Program Files\Java\jdk-17\bin\vcruntime140_1.dll
0x00007ff9b13d0000 - 0x00007ff9b145d000 	C:\Program Files\Java\jdk-17\bin\msvcp140.dll
0x00007ff970a70000 - 0x00007ff97162e000 	C:\Program Files\Java\jdk-17\bin\server\jvm.dll
0x00007ff9dacf0000 - 0x00007ff9dacf8000 	C:\WINDOWS\System32\PSAPI.DLL
0x00007ff9cff80000 - 0x00007ff9cff89000 	C:\WINDOWS\SYSTEM32\WSOCK32.dll
0x00007ff9db570000 - 0x00007ff9db5db000 	C:\WINDOWS\System32\WS2_32.dll
0x00007ff9ccc00000 - 0x00007ff9ccc27000 	C:\WINDOWS\SYSTEM32\WINMM.dll
0x00007ff9d6c80000 - 0x00007ff9d6c92000 	C:\WINDOWS\SYSTEM32\kernel.appcore.dll
0x00007ff9cad80000 - 0x00007ff9cad8a000 	C:\Program Files\Java\jdk-17\bin\jimage.dll
0x00007ff9d3060000 - 0x00007ff9d3244000 	C:\WINDOWS\SYSTEM32\DBGHELP.DLL
0x00007ff9d2ec0000 - 0x00007ff9d2eec000 	C:\WINDOWS\SYSTEM32\dbgcore.DLL
0x00007ff9d9090000 - 0x00007ff9d9113000 	C:\WINDOWS\System32\bcryptPrimitives.dll
0x00007ff9bef90000 - 0x00007ff9befb5000 	C:\Program Files\Java\jdk-17\bin\java.dll
0x00007ff99bdb0000 - 0x00007ff99be86000 	C:\Program Files\Java\jdk-17\bin\svml.dll
0x00007ff9da1b0000 - 0x00007ff9da8ef000 	C:\WINDOWS\System32\SHELL32.dll
0x00007ff9d6e90000 - 0x00007ff9d7620000 	C:\WINDOWS\SYSTEM32\windows.storage.dll
0x00007ff9d98a0000 - 0x00007ff9d9bf5000 	C:\WINDOWS\System32\combase.dll
0x00007ff9d87c0000 - 0x00007ff9d87ec000 	C:\WINDOWS\SYSTEM32\Wldp.dll
0x00007ff9daf80000 - 0x00007ff9db02d000 	C:\WINDOWS\System32\SHCORE.dll
0x00007ff9da120000 - 0x00007ff9da175000 	C:\WINDOWS\System32\shlwapi.dll
0x00007ff9d8cb0000 - 0x00007ff9d8ccf000 	C:\WINDOWS\SYSTEM32\profapi.dll

dbghelp: loaded successfully - version: 4.0.5 - missing functions: none
symbol engine: initialized successfully - sym options: 0x614 - pdb path: .;C:\Program Files\Java\jdk-17\bin;C:\WINDOWS\SYSTEM32;C:\WINDOWS\WinSxS\amd64_microsoft.windows.common-controls_6595b64144ccf1df_6.0.19041.1110_none_60b5254171f9507e;C:\Program Files\Java\jdk-17\bin\server

VM Arguments:
java_command: es.syp.ae2.CalculaNEO Armageddon 1.1 10.1
java_class_path (initial): C:\Users\agarc\Desktop\2DAM\SyP\Eclipse\AE2\bin
Launcher Type: SUN_STANDARD

[Global flags]
     intx CICompilerCount                          = 4                                         {product} {ergonomic}
     uint ConcGCThreads                            = 2                                         {product} {ergonomic}
     uint G1ConcRefinementThreads                  = 8                                         {product} {ergonomic}
   size_t G1HeapRegionSize                         = 2097152                                   {product} {ergonomic}
    uintx GCDrainStackTargetSize                   = 64                                        {product} {ergonomic}
   size_t InitialHeapSize                          = 268435456                                 {product} {ergonomic}
   size_t MarkStackSize                            = 4194304                                   {product} {ergonomic}
   size_t MaxHeapSize                              = 4284481536                                {product} {ergonomic}
   size_t MaxNewSize                               = 2569011200                                {product} {ergonomic}
   size_t MinHeapDeltaBytes                        = 2097152                                   {product} {ergonomic}
   size_t MinHeapSize                              = 8388608                                   {product} {ergonomic}
    uintx NonNMethodCodeHeapSize                   = 5839372                                {pd product} {ergonomic}
    uintx NonProfiledCodeHeapSize                  = 122909434                              {pd product} {ergonomic}
    uintx ProfiledCodeHeapSize                     = 122909434                              {pd product} {ergonomic}
    uintx ReservedCodeCacheSize                    = 251658240                              {pd product} {ergonomic}
     bool SegmentedCodeCache                       = true                                      {product} {ergonomic}
   size_t SoftMaxHeapSize                          = 4284481536                             {manageable} {ergonomic}
     bool UseCompressedClassPointers               = true                           {product lp64_product} {ergonomic}
     bool UseCompressedOops                        = true                           {product lp64_product} {ergonomic}
     bool UseG1GC                                  = true                                      {product} {ergonomic}
     bool UseLargePagesIndividualAllocation        = false                                  {pd product} {ergonomic}

Logging:
Log output configuration:
 #0: stdout all=warning uptime,level,tags
 #1: stderr all=off uptime,level,tags

Environment Variables:
JAVA_HOME=C:\Program Files\Java\jdk-17
PATH=C:\Program Files\Common Files\Oracle\Java\javapath;C:\Program Files (x86)\Intel\Intel(R) Management Engine Components\iCLS\;C:\Program Files\Intel\Intel(R) Management Engine Components\iCLS\;C:\WINDOWS\system32;C:\WINDOWS;C:\WINDOWS\System32\Wbem;C:\WINDOWS\System32\WindowsPowerShell\v1.0\;C:\WINDOWS\System32\OpenSSH\;C:\Program Files (x86)\Intel\Intel(R) Management Engine Components\DAL;C:\Program Files\Intel\Intel(R) Management Engine Components\DAL;C:\Program Files (x86)\Intel\Intel(R) Management Engine Components\IPT;C:\Program Files\Intel\Intel(R) Management Engine Components\IPT;C:\Program Files (x86)\NVIDIA Corporation\PhysX\Common;C:\Program Files\NVIDIA Corporation\NVIDIA NvDLISR;C:\Program Files\Git\cmd;C:\Program Files\nodejs\;C:\Program Files\Microsoft SQL Server\130\Tools\Binn\;C:\Program Files\Microsoft SQL Server\Client SDK\ODBC\170\Tools\Binn\;C:\Program Files\dotnet\;C:\Program Files\Java\jdk-17\bin;C:\Users\agarc\AppData\Local\Microsoft\WindowsApps;C:\Users\agarc\AppData\Roaming\npm;C:\Users\agarc\AppData\Local\Programs\Microsoft VS Code\bin;C:\Users\agarc\.dotnet\tools
USERNAME=agarc
OS=Windows_NT
PROCESSOR_IDENTIFIER=Intel64 Family 6 Model 158 Stepping 9, GenuineIntel



---------------  S Y S T E M  ---------------

OS:
 Windows 10 , 64 bit Build 19041 (10.0.19041.1202)
OS uptime: 4 days 22:15 hours

CPU: total 8 (initial active 8) (4 cores per cpu, 2 threads per core) family 6 model 158 stepping 9 microcode 0xb4, cx8, cmov, fxsr, ht, mmx, 3dnowpref, sse, sse2, sse3, ssse3, sse4.1, sse4.2, popcnt, lzcnt, tsc, tscinvbit, avx, avx2, aes, erms, clmul, bmi1, bmi2, rtm, adx, fma, vzeroupper, clflush, clflushopt

Memory: 4k page, system-wide physical 16343M (5721M free)
TotalPageFile size 65495M (AvailPageFile size 0M)
current process WorkingSet (physical memory assigned to process): 31M, peak: 31M
current process commit charge ("private bytes"): 343M, peak: 343M

vm_info: Java HotSpot(TM) 64-Bit Server VM (17+35-LTS-2724) for windows-amd64 JRE (17+35-LTS-2724), built on Aug  5 2021 23:28:28 by "mach5one" with MS VC++ 16.8 (VS2019)

END.
