#
# A fatal error has been detected by the Java Runtime Environment:
#
#  EXCEPTION_ACCESS_VIOLATION (0xc0000005) at pc=0x00007ff970df2ac3, pid=16020, tid=14196
#
# JRE version:  (17.0+35) (build )
# Java VM: Java HotSpot(TM) 64-Bit Server VM (17+35-LTS-2724, mixed mode, sharing, tiered, compressed oops, compressed class ptrs, g1 gc, windows-amd64)
# Problematic frame:
# V  [jvm.dll+0x382ac3]
#
# No core dump will be written. Minidumps are not enabled by default on client versions of Windows
#
#

---------------  S U M M A R Y ------------

Command Line: es.syp.ae2.CalculaNEO Armageddon 1.1 10.1 C:\Program Files\Java\jdk-17\bin\java -cp C:\Users\agarc\Desktop\2DAM\SyP\Eclipse\AE2\bin es.syp.ae2.CalculaNEO Armageddon 1.1 10.1 C:\Program Files\Java\jdk-17\bin\java -cp C:\Users\agarc\Desktop\2DAM\SyP\Eclipse\AE2\bin es.syp.ae2.CalculaNEO Armageddon 1.1 10.1 C:\Program Files\Java\jdk-17\bin\java -cp C:\Users\agarc\Desktop\2DAM\SyP\Eclipse\AE2\bin es.syp.ae2.CalculaNEO Armageddon 1.1 10.1 C:\Program Files\Java\jdk-17\bin\java -cp C:\Users\agarc\Desktop\2DAM\SyP\Eclipse\AE2\bin es.syp.ae2.CalculaNEO Armageddon 1.1 10.1 C:\Program Files\Java\jdk-17\bin\java -cp C:\Users\agarc\Desktop\2DAM\SyP\Eclipse\AE2\bin es.syp.ae2.CalculaNEO Armageddon 1.1 10.1 C:\Program Files\Java\jdk-17\bin\java -cp C:\Users\agarc\Desktop\2DAM\SyP\Eclipse\AE2\bin es.syp.ae2.CalculaNEO Armageddon 1.1 10.1 C:\Program Files\Java\jdk-17\bin\java -cp C:\Users\agarc\Desktop\2DAM\SyP\Eclipse\AE2\bin es.syp.ae2.CalculaNEO Armageddon 1.1 10.1 C:\Program Files\Java\jdk-17\bin\java -cp C:\Users\agarc\Desktop\2DAM\SyP\Eclipse\AE2\bin es.syp.ae2.CalculaNEO Armageddon 1.1 10.1 C:\Program Files\Java\jdk-17\bin\java -cp C:\Users\agarc\Desktop\2DAM\SyP\Eclipse\AE2\bin es.syp.ae2.CalculaNEO Armageddon 1.1 10.1 C:\Program Files\Java\jdk-17\bin\java -cp C:\Users\agarc\Desktop\2DAM\SyP\Eclipse\AE2\bin es.syp.ae2.CalculaNEO Armageddon 1.1 10.1 C:\Program Files\Java\jdk-17\bin\java -cp C:\Users\agarc\Desktop\2DAM\SyP\Eclipse\AE2\bin es.syp.ae2.CalculaNEO Armageddon 1.1 10.1 C:\Program Files\Java\jdk-17\bin\java -cp C:\Users\agarc\Desktop\2DAM\SyP\Eclipse\AE2\bin es.syp.ae2.CalculaNEO Armageddon 1.1 10.1

Host: Intel(R) Core(TM) i7-7700K CPU @ 4.20GHz, 8 cores, 15G,  Windows 10 , 64 bit Build 19041 (10.0.19041.1202)
Time: Tue Oct 19 18:59:36 2021 Hora de verano romance elapsed time: 16.215807 seconds (0d 0h 0m 16s)

---------------  T H R E A D  ---------------

Current thread (0x0000018191d51fd0):  JavaThread "Unknown thread" [_thread_in_vm, id=14196, stack(0x0000004549400000,0x0000004549500000)]

Stack: [0x0000004549400000,0x0000004549500000],  sp=0x00000045494fedc0,  free space=1019k
Native frames: (J=compiled Java code, j=interpreted, Vv=VM code, C=native code)
V  [jvm.dll+0x382ac3]
V  [jvm.dll+0x66f812]
V  [jvm.dll+0x38278e]
V  [jvm.dll+0x367e6f]
V  [jvm.dll+0x36b665]
V  [jvm.dll+0x36b258]
V  [jvm.dll+0x781144]
V  [jvm.dll+0x77f70a]
V  [jvm.dll+0x3e805f]
