#
# There is insufficient memory for the Java Runtime Environment to continue.
# Native memory allocation (malloc) failed to allocate 181616 bytes for Chunk::new
# Possible reasons:
#   The system is out of physical RAM or swap space
#   The process is running with CompressedOops enabled, and the Java Heap may be blocking the growth of the native heap
# Possible solutions:
#   Reduce memory load on the system
#   Increase physical memory or swap space
#   Check if swap backing store is full
#   Decrease Java heap size (-Xmx/-Xms)
#   Decrease number of Java threads
#   Decrease Java thread stack sizes (-Xss)
#   Set larger code cache with -XX:ReservedCodeCacheSize=
#   JVM is running with Zero Based Compressed Oops mode in which the Java heap is
#     placed in the first 32GB address space. The Java Heap base address is the
#     maximum limit for the native heap growth. Please use -XX:HeapBaseMinAddress
#     to set the Java Heap base and to place the Java Heap above 32GB virtual address.
# This output file may be truncated or incomplete.
#
#  Out of Memory Error (arena.cpp:189), pid=13972, tid=9896
#
# JRE version: Java(TM) SE Runtime Environment (17.0+35) (build 17+35-LTS-2724)
# Java VM: Java HotSpot(TM) 64-Bit Server VM (17+35-LTS-2724, mixed mode, sharing, tiered, compressed oops, compressed class ptrs, g1 gc, windows-amd64)
# No core dump will be written. Minidumps are not enabled by default on client versions of Windows
#

---------------  S U M M A R Y ------------

Command Line: -Dfile.encoding=Cp1252 -XX:+ShowCodeDetailsInExceptionMessages es.syp.ae2.Lanzador NEOs.txt

Host: Intel(R) Core(TM) i7-7700K CPU @ 4.20GHz, 8 cores, 15G,  Windows 10 , 64 bit Build 19041 (10.0.19041.1202)
Time: Tue Oct 19 18:59:35 2021 Hora de verano romance elapsed time: 15.880719 seconds (0d 0h 0m 15s)

---------------  T H R E A D  ---------------

Current thread (0x000001dfae533c30):  JavaThread "C2 CompilerThread0" daemon [_thread_in_native, id=9896, stack(0x00000055a6100000,0x00000055a6200000)]


Current CompileTask:
C2:  15880  400       4       java.lang.StackTraceElement::of (68 bytes)

Stack: [0x00000055a6100000,0x00000055a6200000]
Native frames: (J=compiled Java code, j=interpreted, Vv=VM code, C=native code)
V  [jvm.dll+0x66f8ea]
V  [jvm.dll+0x7ce224]
V  [jvm.dll+0x7cf9ce]
V  [jvm.dll+0x7d0033]
V  [jvm.dll+0x242bb5]
V  [jvm.dll+0xaa05b]
V  [jvm.dll+0xaa5ec]
V  [jvm.dll+0x2a954f]
V  [jvm.dll+0x5784b9]
V  [jvm.dll+0x21de2d]
V  [jvm.dll+0x21e20f]
V  [jvm.dll+0x217ada]
V  [jvm.dll+0x214fb5]
V  [jvm.dll+0x1a168d]
V  [jvm.dll+0x2248f8]
V  [jvm.dll+0x222a5c]
V  [jvm.dll+0x78422b]
V  [jvm.dll+0x77e7ea]
V  [jvm.dll+0x66e715]
C  [ucrtbase.dll+0x21bb2]
C  [KERNEL32.DLL+0x17034]
C  [ntdll.dll+0x52651]


---------------  P R O C E S S  ---------------

Threads class SMR info:
_java_thread_list=0x000001dfaf23b690, length=12, elements={
0x000001df8b7ab100, 0x000001dfae50c180, 0x000001dfae50ef10, 0x000001dfae523a30,
0x000001dfae5244f0, 0x000001dfae526dc0, 0x000001dfae52ab80, 0x000001dfae533c30,
0x000001dfae5365f0, 0x000001dfaf008070, 0x000001dfaf127650, 0x000001dfaf128770
}

Java Threads: ( => current thread )
  0x000001df8b7ab100 JavaThread "main" [_thread_in_native, id=7104, stack(0x00000055a5400000,0x00000055a5500000)]
  0x000001dfae50c180 JavaThread "Reference Handler" daemon [_thread_blocked, id=1136, stack(0x00000055a5b00000,0x00000055a5c00000)]
  0x000001dfae50ef10 JavaThread "Finalizer" daemon [_thread_blocked, id=7936, stack(0x00000055a5c00000,0x00000055a5d00000)]
  0x000001dfae523a30 JavaThread "Signal Dispatcher" daemon [_thread_blocked, id=6636, stack(0x00000055a5d00000,0x00000055a5e00000)]
  0x000001dfae5244f0 JavaThread "Attach Listener" daemon [_thread_blocked, id=9556, stack(0x00000055a5e00000,0x00000055a5f00000)]
  0x000001dfae526dc0 JavaThread "Service Thread" daemon [_thread_blocked, id=9300, stack(0x00000055a5f00000,0x00000055a6000000)]
  0x000001dfae52ab80 JavaThread "Monitor Deflation Thread" daemon [_thread_blocked, id=11600, stack(0x00000055a6000000,0x00000055a6100000)]
=>0x000001dfae533c30 JavaThread "C2 CompilerThread0" daemon [_thread_in_native, id=9896, stack(0x00000055a6100000,0x00000055a6200000)]
  0x000001dfae5365f0 JavaThread "C1 CompilerThread0" daemon [_thread_blocked, id=7236, stack(0x00000055a6200000,0x00000055a6300000)]
  0x000001dfaf008070 JavaThread "Sweeper thread" daemon [_thread_blocked, id=14508, stack(0x00000055a6300000,0x00000055a6400000)]
  0x000001dfaf127650 JavaThread "Notification Thread" daemon [_thread_blocked, id=6500, stack(0x00000055a6400000,0x00000055a6500000)]
  0x000001dfaf128770 JavaThread "Common-Cleaner" daemon [_thread_blocked, id=13512, stack(0x00000055a6600000,0x00000055a6700000)]

Other Threads:
  0x000001dfae507670 VMThread "VM Thread" [stack: 0x00000055a5a00000,0x00000055a5b00000] [id=7244]
  0x000001dfaf128340 WatcherThread [stack: 0x00000055a6500000,0x00000055a6600000] [id=2576]
  0x000001df8b802290 GCTaskThread "GC Thread#0" [stack: 0x00000055a5500000,0x00000055a5600000] [id=9668]
  0x000001dfaf16eb40 GCTaskThread "GC Thread#1" [stack: 0x00000055a6700000,0x00000055a6800000] [id=20328]
  0x000001dfaf149b40 GCTaskThread "GC Thread#2" [stack: 0x00000055a6800000,0x00000055a6900000] [id=20332]
  0x000001dfaf149df0 GCTaskThread "GC Thread#3" [stack: 0x00000055a6900000,0x00000055a6a00000] [id=20336]
  0x000001dfaf172020 GCTaskThread "GC Thread#4" [stack: 0x00000055a6a00000,0x00000055a6b00000] [id=20340]
  0x000001dfaf1722d0 GCTaskThread "GC Thread#5" [stack: 0x00000055a6b00000,0x00000055a6c00000] [id=20344]
  0x000001df8b814040 ConcurrentGCThread "G1 Main Marker" [stack: 0x00000055a5600000,0x00000055a5700000] [id=6236]
  0x000001df8b815100 ConcurrentGCThread "G1 Conc#0" [stack: 0x00000055a5700000,0x00000055a5800000] [id=11192]
  0x000001df8b88c540 ConcurrentGCThread "G1 Refine#0" [stack: 0x00000055a5800000,0x00000055a5900000] [id=11916]
  0x000001df8b88ce70 ConcurrentGCThread "G1 Service" [stack: 0x00000055a5900000,0x00000055a5a00000] [id=14204]

Threads with active compile tasks:
C2 CompilerThread0    15904  400       4       java.lang.StackTraceElement::of (68 bytes)

VM state: not at safepoint (normal execution)

VM Mutex/Monitor currently owned by a thread: None

Heap address: 0x0000000700a00000, size: 4086 MB, Compressed Oops mode: Zero based, Oop shift amount: 3

CDS archive(s) mapped at: [0x0000000800000000-0x0000000800bc0000-0x0000000800bc0000), size 12320768, SharedBaseAddress: 0x0000000800000000, ArchiveRelocationMode: 0.
Compressed class space mapped at: 0x0000000800c00000-0x0000000840c00000, reserved size: 1073741824
Narrow klass base: 0x0000000800000000, Narrow klass shift: 0, Narrow klass range: 0x100000000

GC Precious Log:
 CPUs: 8 total, 8 available
 Memory: 16343M
 Large Page Support: Disabled
 NUMA Support: Disabled
 Compressed Oops: Enabled (Zero based)
 Heap Region Size: 2M
 Heap Min Capacity: 8M
 Heap Initial Capacity: 256M
 Heap Max Capacity: 4086M
 Pre-touch: Disabled
 Parallel Workers: 8
 Concurrent Workers: 2
 Concurrent Refinement Workers: 8
 Periodic GC: Disabled

Heap:
 garbage-first heap   total 262144K, used 99305K [0x0000000700a00000, 0x0000000800000000)
  region size 2048K, 51 young (104448K), 1 survivors (2048K)
 Metaspace       used 666K, committed 832K, reserved 1056768K
  class space    used 40K, committed 128K, reserved 1048576K

Heap Regions: E=young(eden), S=young(survivor), O=old, HS=humongous(starts), HC=humongous(continues), CS=collection set, F=free, OA=open archive, CA=closed archive, TAMS=top-at-mark-start (previous, next)
|   0|0x0000000700a00000, 0x0000000700a00000, 0x0000000700c00000|  0%| F|  |TAMS 0x0000000700a00000, 0x0000000700a00000| Untracked 
|   1|0x0000000700c00000, 0x0000000700c00000, 0x0000000700e00000|  0%| F|  |TAMS 0x0000000700c00000, 0x0000000700c00000| Untracked 
|   2|0x0000000700e00000, 0x0000000700e00000, 0x0000000701000000|  0%| F|  |TAMS 0x0000000700e00000, 0x0000000700e00000| Untracked 
|   3|0x0000000701000000, 0x0000000701000000, 0x0000000701200000|  0%| F|  |TAMS 0x0000000701000000, 0x0000000701000000| Untracked 
|   4|0x0000000701200000, 0x0000000701200000, 0x0000000701400000|  0%| F|  |TAMS 0x0000000701200000, 0x0000000701200000| Untracked 
|   5|0x0000000701400000, 0x0000000701400000, 0x0000000701600000|  0%| F|  |TAMS 0x0000000701400000, 0x0000000701400000| Untracked 
|   6|0x0000000701600000, 0x0000000701600000, 0x0000000701800000|  0%| F|  |TAMS 0x0000000701600000, 0x0000000701600000| Untracked 
|   7|0x0000000701800000, 0x0000000701800000, 0x0000000701a00000|  0%| F|  |TAMS 0x0000000701800000, 0x0000000701800000| Untracked 
|   8|0x0000000701a00000, 0x0000000701a00000, 0x0000000701c00000|  0%| F|  |TAMS 0x0000000701a00000, 0x0000000701a00000| Untracked 
|   9|0x0000000701c00000, 0x0000000701c00000, 0x0000000701e00000|  0%| F|  |TAMS 0x0000000701c00000, 0x0000000701c00000| Untracked 
|  10|0x0000000701e00000, 0x0000000701e00000, 0x0000000702000000|  0%| F|  |TAMS 0x0000000701e00000, 0x0000000701e00000| Untracked 
|  11|0x0000000702000000, 0x0000000702000000, 0x0000000702200000|  0%| F|  |TAMS 0x0000000702000000, 0x0000000702000000| Untracked 
|  12|0x0000000702200000, 0x0000000702200000, 0x0000000702400000|  0%| F|  |TAMS 0x0000000702200000, 0x0000000702200000| Untracked 
|  13|0x0000000702400000, 0x0000000702400000, 0x0000000702600000|  0%| F|  |TAMS 0x0000000702400000, 0x0000000702400000| Untracked 
|  14|0x0000000702600000, 0x0000000702600000, 0x0000000702800000|  0%| F|  |TAMS 0x0000000702600000, 0x0000000702600000| Untracked 
|  15|0x0000000702800000, 0x0000000702800000, 0x0000000702a00000|  0%| F|  |TAMS 0x0000000702800000, 0x0000000702800000| Untracked 
|  16|0x0000000702a00000, 0x0000000702a00000, 0x0000000702c00000|  0%| F|  |TAMS 0x0000000702a00000, 0x0000000702a00000| Untracked 
|  17|0x0000000702c00000, 0x0000000702c00000, 0x0000000702e00000|  0%| F|  |TAMS 0x0000000702c00000, 0x0000000702c00000| Untracked 
|  18|0x0000000702e00000, 0x0000000702e00000, 0x0000000703000000|  0%| F|  |TAMS 0x0000000702e00000, 0x0000000702e00000| Untracked 
|  19|0x0000000703000000, 0x0000000703000000, 0x0000000703200000|  0%| F|  |TAMS 0x0000000703000000, 0x0000000703000000| Untracked 
|  20|0x0000000703200000, 0x0000000703200000, 0x0000000703400000|  0%| F|  |TAMS 0x0000000703200000, 0x0000000703200000| Untracked 
|  21|0x0000000703400000, 0x0000000703400000, 0x0000000703600000|  0%| F|  |TAMS 0x0000000703400000, 0x0000000703400000| Untracked 
|  22|0x0000000703600000, 0x0000000703600000, 0x0000000703800000|  0%| F|  |TAMS 0x0000000703600000, 0x0000000703600000| Untracked 
|  23|0x0000000703800000, 0x0000000703800000, 0x0000000703a00000|  0%| F|  |TAMS 0x0000000703800000, 0x0000000703800000| Untracked 
|  24|0x0000000703a00000, 0x0000000703a00000, 0x0000000703c00000|  0%| F|  |TAMS 0x0000000703a00000, 0x0000000703a00000| Untracked 
|  25|0x0000000703c00000, 0x0000000703c00000, 0x0000000703e00000|  0%| F|  |TAMS 0x0000000703c00000, 0x0000000703c00000| Untracked 
|  26|0x0000000703e00000, 0x0000000703e00000, 0x0000000704000000|  0%| F|  |TAMS 0x0000000703e00000, 0x0000000703e00000| Untracked 
|  27|0x0000000704000000, 0x0000000704000000, 0x0000000704200000|  0%| F|  |TAMS 0x0000000704000000, 0x0000000704000000| Untracked 
|  28|0x0000000704200000, 0x0000000704200000, 0x0000000704400000|  0%| F|  |TAMS 0x0000000704200000, 0x0000000704200000| Untracked 
|  29|0x0000000704400000, 0x0000000704400000, 0x0000000704600000|  0%| F|  |TAMS 0x0000000704400000, 0x0000000704400000| Untracked 
|  30|0x0000000704600000, 0x0000000704600000, 0x0000000704800000|  0%| F|  |TAMS 0x0000000704600000, 0x0000000704600000| Untracked 
|  31|0x0000000704800000, 0x0000000704800000, 0x0000000704a00000|  0%| F|  |TAMS 0x0000000704800000, 0x0000000704800000| Untracked 
|  32|0x0000000704a00000, 0x0000000704a00000, 0x0000000704c00000|  0%| F|  |TAMS 0x0000000704a00000, 0x0000000704a00000| Untracked 
|  33|0x0000000704c00000, 0x0000000704c00000, 0x0000000704e00000|  0%| F|  |TAMS 0x0000000704c00000, 0x0000000704c00000| Untracked 
|  34|0x0000000704e00000, 0x0000000704e00000, 0x0000000705000000|  0%| F|  |TAMS 0x0000000704e00000, 0x0000000704e00000| Untracked 
|  35|0x0000000705000000, 0x0000000705000000, 0x0000000705200000|  0%| F|  |TAMS 0x0000000705000000, 0x0000000705000000| Untracked 
|  36|0x0000000705200000, 0x0000000705200000, 0x0000000705400000|  0%| F|  |TAMS 0x0000000705200000, 0x0000000705200000| Untracked 
|  37|0x0000000705400000, 0x0000000705400000, 0x0000000705600000|  0%| F|  |TAMS 0x0000000705400000, 0x0000000705400000| Untracked 
|  38|0x0000000705600000, 0x0000000705600000, 0x0000000705800000|  0%| F|  |TAMS 0x0000000705600000, 0x0000000705600000| Untracked 
|  39|0x0000000705800000, 0x0000000705800000, 0x0000000705a00000|  0%| F|  |TAMS 0x0000000705800000, 0x0000000705800000| Untracked 
|  40|0x0000000705a00000, 0x0000000705a00000, 0x0000000705c00000|  0%| F|  |TAMS 0x0000000705a00000, 0x0000000705a00000| Untracked 
|  41|0x0000000705c00000, 0x0000000705c00000, 0x0000000705e00000|  0%| F|  |TAMS 0x0000000705c00000, 0x0000000705c00000| Untracked 
|  42|0x0000000705e00000, 0x0000000705e00000, 0x0000000706000000|  0%| F|  |TAMS 0x0000000705e00000, 0x0000000705e00000| Untracked 
|  43|0x0000000706000000, 0x0000000706000000, 0x0000000706200000|  0%| F|  |TAMS 0x0000000706000000, 0x0000000706000000| Untracked 
|  44|0x0000000706200000, 0x0000000706200000, 0x0000000706400000|  0%| F|  |TAMS 0x0000000706200000, 0x0000000706200000| Untracked 
|  45|0x0000000706400000, 0x0000000706400000, 0x0000000706600000|  0%| F|  |TAMS 0x0000000706400000, 0x0000000706400000| Untracked 
|  46|0x0000000706600000, 0x0000000706600000, 0x0000000706800000|  0%| F|  |TAMS 0x0000000706600000, 0x0000000706600000| Untracked 
|  47|0x0000000706800000, 0x0000000706800000, 0x0000000706a00000|  0%| F|  |TAMS 0x0000000706800000, 0x0000000706800000| Untracked 
|  48|0x0000000706a00000, 0x0000000706a00000, 0x0000000706c00000|  0%| F|  |TAMS 0x0000000706a00000, 0x0000000706a00000| Untracked 
|  49|0x0000000706c00000, 0x0000000706c00000, 0x0000000706e00000|  0%| F|  |TAMS 0x0000000706c00000, 0x0000000706c00000| Untracked 
|  50|0x0000000706e00000, 0x0000000706e00000, 0x0000000707000000|  0%| F|  |TAMS 0x0000000706e00000, 0x0000000706e00000| Untracked 
|  51|0x0000000707000000, 0x0000000707000000, 0x0000000707200000|  0%| F|  |TAMS 0x0000000707000000, 0x0000000707000000| Untracked 
|  52|0x0000000707200000, 0x00000007072fa7d8, 0x0000000707400000| 48%| S|CS|TAMS 0x0000000707200000, 0x0000000707200000| Complete 
|  53|0x0000000707400000, 0x0000000707400000, 0x0000000707600000|  0%| F|  |TAMS 0x0000000707400000, 0x0000000707400000| Untracked 
|  54|0x0000000707600000, 0x0000000707600000, 0x0000000707800000|  0%| F|  |TAMS 0x0000000707600000, 0x0000000707600000| Untracked 
|  55|0x0000000707800000, 0x0000000707800000, 0x0000000707a00000|  0%| F|  |TAMS 0x0000000707800000, 0x0000000707800000| Untracked 
|  56|0x0000000707a00000, 0x0000000707a00000, 0x0000000707c00000|  0%| F|  |TAMS 0x0000000707a00000, 0x0000000707a00000| Untracked 
|  57|0x0000000707c00000, 0x0000000707c00000, 0x0000000707e00000|  0%| F|  |TAMS 0x0000000707c00000, 0x0000000707c00000| Untracked 
|  58|0x0000000707e00000, 0x0000000707e00000, 0x0000000708000000|  0%| F|  |TAMS 0x0000000707e00000, 0x0000000707e00000| Untracked 
|  59|0x0000000708000000, 0x0000000708000000, 0x0000000708200000|  0%| F|  |TAMS 0x0000000708000000, 0x0000000708000000| Untracked 
|  60|0x0000000708200000, 0x0000000708200000, 0x0000000708400000|  0%| F|  |TAMS 0x0000000708200000, 0x0000000708200000| Untracked 
|  61|0x0000000708400000, 0x0000000708400000, 0x0000000708600000|  0%| F|  |TAMS 0x0000000708400000, 0x0000000708400000| Untracked 
|  62|0x0000000708600000, 0x0000000708600000, 0x0000000708800000|  0%| F|  |TAMS 0x0000000708600000, 0x0000000708600000| Untracked 
|  63|0x0000000708800000, 0x0000000708800000, 0x0000000708a00000|  0%| F|  |TAMS 0x0000000708800000, 0x0000000708800000| Untracked 
|  64|0x0000000708a00000, 0x0000000708a00000, 0x0000000708c00000|  0%| F|  |TAMS 0x0000000708a00000, 0x0000000708a00000| Untracked 
|  65|0x0000000708c00000, 0x0000000708c00000, 0x0000000708e00000|  0%| F|  |TAMS 0x0000000708c00000, 0x0000000708c00000| Untracked 
|  66|0x0000000708e00000, 0x0000000708e00000, 0x0000000709000000|  0%| F|  |TAMS 0x0000000708e00000, 0x0000000708e00000| Untracked 
|  67|0x0000000709000000, 0x0000000709000000, 0x0000000709200000|  0%| F|  |TAMS 0x0000000709000000, 0x0000000709000000| Untracked 
|  68|0x0000000709200000, 0x0000000709200000, 0x0000000709400000|  0%| F|  |TAMS 0x0000000709200000, 0x0000000709200000| Untracked 
|  69|0x0000000709400000, 0x0000000709400000, 0x0000000709600000|  0%| F|  |TAMS 0x0000000709400000, 0x0000000709400000| Untracked 
|  70|0x0000000709600000, 0x0000000709600000, 0x0000000709800000|  0%| F|  |TAMS 0x0000000709600000, 0x0000000709600000| Untracked 
|  71|0x0000000709800000, 0x0000000709800000, 0x0000000709a00000|  0%| F|  |TAMS 0x0000000709800000, 0x0000000709800000| Untracked 
|  72|0x0000000709a00000, 0x0000000709a00000, 0x0000000709c00000|  0%| F|  |TAMS 0x0000000709a00000, 0x0000000709a00000| Untracked 
|  73|0x0000000709c00000, 0x0000000709c00000, 0x0000000709e00000|  0%| F|  |TAMS 0x0000000709c00000, 0x0000000709c00000| Untracked 
|  74|0x0000000709e00000, 0x0000000709e00000, 0x000000070a000000|  0%| F|  |TAMS 0x0000000709e00000, 0x0000000709e00000| Untracked 
|  75|0x000000070a000000, 0x000000070a000000, 0x000000070a200000|  0%| F|  |TAMS 0x000000070a000000, 0x000000070a000000| Untracked 
|  76|0x000000070a200000, 0x000000070a200000, 0x000000070a400000|  0%| F|  |TAMS 0x000000070a200000, 0x000000070a200000| Untracked 
|  77|0x000000070a400000, 0x000000070a400000, 0x000000070a600000|  0%| F|  |TAMS 0x000000070a400000, 0x000000070a400000| Untracked 
|  78|0x000000070a600000, 0x000000070a740378, 0x000000070a800000| 62%| E|  |TAMS 0x000000070a600000, 0x000000070a600000| Complete 
|  79|0x000000070a800000, 0x000000070aa00000, 0x000000070aa00000|100%| E|  |TAMS 0x000000070a800000, 0x000000070a800000| Complete 
|  80|0x000000070aa00000, 0x000000070ac00000, 0x000000070ac00000|100%| E|CS|TAMS 0x000000070aa00000, 0x000000070aa00000| Complete 
|  81|0x000000070ac00000, 0x000000070ae00000, 0x000000070ae00000|100%| E|CS|TAMS 0x000000070ac00000, 0x000000070ac00000| Complete 
|  82|0x000000070ae00000, 0x000000070b000000, 0x000000070b000000|100%| E|CS|TAMS 0x000000070ae00000, 0x000000070ae00000| Complete 
|  83|0x000000070b000000, 0x000000070b200000, 0x000000070b200000|100%| E|CS|TAMS 0x000000070b000000, 0x000000070b000000| Complete 
|  84|0x000000070b200000, 0x000000070b400000, 0x000000070b400000|100%| E|CS|TAMS 0x000000070b200000, 0x000000070b200000| Complete 
|  85|0x000000070b400000, 0x000000070b600000, 0x000000070b600000|100%| E|CS|TAMS 0x000000070b400000, 0x000000070b400000| Complete 
|  86|0x000000070b600000, 0x000000070b800000, 0x000000070b800000|100%| E|CS|TAMS 0x000000070b600000, 0x000000070b600000| Complete 
|  87|0x000000070b800000, 0x000000070ba00000, 0x000000070ba00000|100%| E|CS|TAMS 0x000000070b800000, 0x000000070b800000| Complete 
|  88|0x000000070ba00000, 0x000000070bc00000, 0x000000070bc00000|100%| E|CS|TAMS 0x000000070ba00000, 0x000000070ba00000| Complete 
|  89|0x000000070bc00000, 0x000000070be00000, 0x000000070be00000|100%| E|CS|TAMS 0x000000070bc00000, 0x000000070bc00000| Complete 
|  90|0x000000070be00000, 0x000000070c000000, 0x000000070c000000|100%| E|CS|TAMS 0x000000070be00000, 0x000000070be00000| Complete 
|  91|0x000000070c000000, 0x000000070c200000, 0x000000070c200000|100%| E|CS|TAMS 0x000000070c000000, 0x000000070c000000| Complete 
|  92|0x000000070c200000, 0x000000070c400000, 0x000000070c400000|100%| E|CS|TAMS 0x000000070c200000, 0x000000070c200000| Complete 
|  93|0x000000070c400000, 0x000000070c600000, 0x000000070c600000|100%| E|CS|TAMS 0x000000070c400000, 0x000000070c400000| Complete 
|  94|0x000000070c600000, 0x000000070c800000, 0x000000070c800000|100%| E|CS|TAMS 0x000000070c600000, 0x000000070c600000| Complete 
|  95|0x000000070c800000, 0x000000070ca00000, 0x000000070ca00000|100%| E|CS|TAMS 0x000000070c800000, 0x000000070c800000| Complete 
|  96|0x000000070ca00000, 0x000000070cc00000, 0x000000070cc00000|100%| E|CS|TAMS 0x000000070ca00000, 0x000000070ca00000| Complete 
|  97|0x000000070cc00000, 0x000000070ce00000, 0x000000070ce00000|100%| E|CS|TAMS 0x000000070cc00000, 0x000000070cc00000| Complete 
|  98|0x000000070ce00000, 0x000000070d000000, 0x000000070d000000|100%| E|CS|TAMS 0x000000070ce00000, 0x000000070ce00000| Complete 
|  99|0x000000070d000000, 0x000000070d200000, 0x000000070d200000|100%| E|CS|TAMS 0x000000070d000000, 0x000000070d000000| Complete 
| 100|0x000000070d200000, 0x000000070d400000, 0x000000070d400000|100%| E|CS|TAMS 0x000000070d200000, 0x000000070d200000| Complete 
| 101|0x000000070d400000, 0x000000070d600000, 0x000000070d600000|100%| E|CS|TAMS 0x000000070d400000, 0x000000070d400000| Complete 
| 102|0x000000070d600000, 0x000000070d800000, 0x000000070d800000|100%| E|CS|TAMS 0x000000070d600000, 0x000000070d600000| Complete 
| 103|0x000000070d800000, 0x000000070da00000, 0x000000070da00000|100%| E|CS|TAMS 0x000000070d800000, 0x000000070d800000| Complete 
| 104|0x000000070da00000, 0x000000070dc00000, 0x000000070dc00000|100%| E|CS|TAMS 0x000000070da00000, 0x000000070da00000| Complete 
| 105|0x000000070dc00000, 0x000000070de00000, 0x000000070de00000|100%| E|CS|TAMS 0x000000070dc00000, 0x000000070dc00000| Complete 
| 106|0x000000070de00000, 0x000000070e000000, 0x000000070e000000|100%| E|CS|TAMS 0x000000070de00000, 0x000000070de00000| Complete 
| 107|0x000000070e000000, 0x000000070e200000, 0x000000070e200000|100%| E|CS|TAMS 0x000000070e000000, 0x000000070e000000| Complete 
| 108|0x000000070e200000, 0x000000070e400000, 0x000000070e400000|100%| E|CS|TAMS 0x000000070e200000, 0x000000070e200000| Complete 
| 109|0x000000070e400000, 0x000000070e600000, 0x000000070e600000|100%| E|CS|TAMS 0x000000070e400000, 0x000000070e400000| Complete 
| 110|0x000000070e600000, 0x000000070e800000, 0x000000070e800000|100%| E|CS|TAMS 0x000000070e600000, 0x000000070e600000| Complete 
| 111|0x000000070e800000, 0x000000070ea00000, 0x000000070ea00000|100%| E|CS|TAMS 0x000000070e800000, 0x000000070e800000| Complete 
| 112|0x000000070ea00000, 0x000000070ec00000, 0x000000070ec00000|100%| E|CS|TAMS 0x000000070ea00000, 0x000000070ea00000| Complete 
| 113|0x000000070ec00000, 0x000000070ee00000, 0x000000070ee00000|100%| E|CS|TAMS 0x000000070ec00000, 0x000000070ec00000| Complete 
| 114|0x000000070ee00000, 0x000000070f000000, 0x000000070f000000|100%| E|CS|TAMS 0x000000070ee00000, 0x000000070ee00000| Complete 
| 115|0x000000070f000000, 0x000000070f200000, 0x000000070f200000|100%| E|CS|TAMS 0x000000070f000000, 0x000000070f000000| Complete 
| 116|0x000000070f200000, 0x000000070f400000, 0x000000070f400000|100%| E|CS|TAMS 0x000000070f200000, 0x000000070f200000| Complete 
| 117|0x000000070f400000, 0x000000070f600000, 0x000000070f600000|100%| E|CS|TAMS 0x000000070f400000, 0x000000070f400000| Complete 
| 118|0x000000070f600000, 0x000000070f800000, 0x000000070f800000|100%| E|CS|TAMS 0x000000070f600000, 0x000000070f600000| Complete 
| 119|0x000000070f800000, 0x000000070fa00000, 0x000000070fa00000|100%| E|CS|TAMS 0x000000070f800000, 0x000000070f800000| Complete 
| 120|0x000000070fa00000, 0x000000070fc00000, 0x000000070fc00000|100%| E|CS|TAMS 0x000000070fa00000, 0x000000070fa00000| Complete 
| 121|0x000000070fc00000, 0x000000070fe00000, 0x000000070fe00000|100%| E|CS|TAMS 0x000000070fc00000, 0x000000070fc00000| Complete 
| 122|0x000000070fe00000, 0x0000000710000000, 0x0000000710000000|100%| E|CS|TAMS 0x000000070fe00000, 0x000000070fe00000| Complete 
| 123|0x0000000710000000, 0x0000000710200000, 0x0000000710200000|100%| E|CS|TAMS 0x0000000710000000, 0x0000000710000000| Complete 
| 124|0x0000000710200000, 0x0000000710400000, 0x0000000710400000|100%| E|CS|TAMS 0x0000000710200000, 0x0000000710200000| Complete 
| 125|0x0000000710400000, 0x0000000710600000, 0x0000000710600000|100%| E|CS|TAMS 0x0000000710400000, 0x0000000710400000| Complete 
| 126|0x0000000710600000, 0x0000000710800000, 0x0000000710800000|100%| E|CS|TAMS 0x0000000710600000, 0x0000000710600000| Complete 
| 127|0x0000000710800000, 0x0000000710a00000, 0x0000000710a00000|100%| E|CS|TAMS 0x0000000710800000, 0x0000000710800000| Complete 

Card table byte_map: [0x000001dfa2b00000,0x000001dfa3300000] _byte_map_base: 0x000001df9f2fb000

Marking Bits (Prev, Next): (CMBitMap*) 0x000001df8b8037c0, (CMBitMap*) 0x000001df8b803800
 Prev Bits: [0x000001dfa3b00000, 0x000001dfa7ad8000)
 Next Bits: [0x000001dfa7ae0000, 0x000001dfabab8000)

Polling page: 0x000001df897d0000

Metaspace:

Usage:
  Non-class:    626.23 KB used.
      Class:     40.27 KB used.
       Both:    666.49 KB used.

Virtual space:
  Non-class space:        8.00 MB reserved,     704.00 KB (  9%) committed,  1 nodes.
      Class space:        1.00 GB reserved,     128.00 KB ( <1%) committed,  1 nodes.
             Both:        1.01 GB reserved,     832.00 KB ( <1%) committed. 

Chunk freelists:
   Non-Class:  3.98 MB
       Class:  3.74 MB
        Both:  7.72 MB

MaxMetaspaceSize: unlimited
CompressedClassSpaceSize: 1.00 GB
Initial GC threshold: 21.00 MB
Current GC threshold: 21.00 MB
CDS: on
MetaspaceReclaimPolicy: balanced
 - commit_granule_bytes: 65536.
 - commit_granule_words: 8192.
 - virtual_space_node_default_size: 1048576.
 - enlarge_chunks_in_place: 1.
 - new_chunks_are_fully_committed: 0.
 - uncommit_free_chunks: 1.
 - use_allocation_guard: 0.
 - handle_deallocations: 1.


Internal statistics:

num_allocs_failed_limit: 0.
num_arena_births: 20.
num_arena_deaths: 0.
num_vsnodes_births: 2.
num_vsnodes_deaths: 0.
num_space_committed: 13.
num_space_uncommitted: 0.
num_chunks_returned_to_freelist: 0.
num_chunks_taken_from_freelist: 21.
num_chunk_merges: 0.
num_chunk_splits: 14.
num_chunks_enlarged: 8.
num_purges: 0.
num_inconsistent_stats: 0.

CodeHeap 'non-profiled nmethods': size=120000Kb used=234Kb max_used=234Kb free=119765Kb
 bounds [0x000001df9aa90000, 0x000001df9ad00000, 0x000001dfa1fc0000]
CodeHeap 'profiled nmethods': size=120000Kb used=697Kb max_used=697Kb free=119302Kb
 bounds [0x000001df93560000, 0x000001df937d0000, 0x000001df9aa90000]
CodeHeap 'non-nmethods': size=5760Kb used=1094Kb max_used=1130Kb free=4665Kb
 bounds [0x000001df92fc0000, 0x000001df93230000, 0x000001df93560000]
 total_blobs=766 nmethods=398 adapters=281
 compilation: enabled
              stopped_count=0, restarted_count=0
 full_count=0

Compilation events (20 events):
Event: 2.991 Thread 0x000001dfae533c30 nmethod 390 0x000001df9aabb690 code [0x000001df9aabb820, 0x000001df9aabbc38]
Event: 3.269 Thread 0x000001dfae5365f0  391       3       java.util.IdentityHashMap::containsKey (55 bytes)
Event: 3.269 Thread 0x000001dfae5365f0 nmethod 391 0x000001df9360dd90 code [0x000001df9360df60, 0x000001df9360e3c8]
Event: 3.281 Thread 0x000001dfae533c30  392       4       java.io.WinNTFileSystem::normalize (143 bytes)
Event: 3.283 Thread 0x000001dfae533c30 nmethod 392 0x000001df9aabbf10 code [0x000001df9aabc0a0, 0x000001df9aabc348]
Event: 3.436 Thread 0x000001dfae533c30  393   !   4       java.io.BufferedWriter::flushBuffer (53 bytes)
Event: 3.451 Thread 0x000001dfae533c30 nmethod 393 0x000001df9aabc590 code [0x000001df9aabc760, 0x000001df9aabd7b8]
Event: 3.451 Thread 0x000001dfae533c30  394       4       java.lang.Throwable$WrappedPrintStream::println (9 bytes)
Event: 3.481 Thread 0x000001dfae533c30 nmethod 394 0x000001df9aabec90 code [0x000001df9aabef20, 0x000001df9aac1440]
Event: 3.481 Thread 0x000001dfae533c30  395       4       sun.nio.cs.StreamEncoder::writeBytes (139 bytes)
Event: 3.489 Thread 0x000001dfae533c30 nmethod 395 0x000001df9aac2c10 code [0x000001df9aac2e00, 0x000001df9aac3d28]
Event: 3.980 Thread 0x000001dfae533c30  396  s!   4       java.lang.StackTraceElement::computeFormat (71 bytes)
Event: 3.988 Thread 0x000001dfae533c30 nmethod 396 0x000001df9aac4610 code [0x000001df9aac47c0, 0x000001df9aac5118]
Event: 5.475 Thread 0x000001dfae533c30  397       4       java.lang.AbstractStringBuilder::append (55 bytes)
Event: 5.485 Thread 0x000001dfae533c30 nmethod 397 0x000001df9aac5710 code [0x000001df9aac58c0, 0x000001df9aac6488]
Event: 7.014 Thread 0x000001dfae533c30  398       4       java.lang.StackTraceElement::toString (322 bytes)
Event: 7.350 Thread 0x000001dfae533c30 nmethod 398 0x000001df9aac6910 code [0x000001df9aac6ba0, 0x000001df9aac9440]
Event: 14.803 Thread 0x000001dfae533c30  399       4       java.nio.CharBuffer::arrayOffset (35 bytes)
Event: 14.804 Thread 0x000001dfae533c30 nmethod 399 0x000001df9aaca790 code [0x000001df9aaca900, 0x000001df9aaca9b8]
Event: 15.873 Thread 0x000001dfae533c30  400       4       java.lang.StackTraceElement::of (68 bytes)

GC Heap History (8 events):
Event: 1.229 GC heap before
{Heap before GC invocations=0 (full 0):
 garbage-first heap   total 262144K, used 20480K [0x0000000700a00000, 0x0000000800000000)
  region size 2048K, 11 young (22528K), 0 survivors (0K)
 Metaspace       used 576K, committed 768K, reserved 1056768K
  class space    used 39K, committed 128K, reserved 1048576K
}
Event: 1.349 GC heap after
{Heap after GC invocations=1 (full 0):
 garbage-first heap   total 262144K, used 774K [0x0000000700a00000, 0x0000000800000000)
  region size 2048K, 1 young (2048K), 1 survivors (2048K)
 Metaspace       used 576K, committed 768K, reserved 1056768K
  class space    used 39K, committed 128K, reserved 1048576K
}
Event: 1.798 GC heap before
{Heap before GC invocations=1 (full 0):
 garbage-first heap   total 262144K, used 41734K [0x0000000700a00000, 0x0000000800000000)
  region size 2048K, 21 young (43008K), 1 survivors (2048K)
 Metaspace       used 639K, committed 832K, reserved 1056768K
  class space    used 39K, committed 128K, reserved 1048576K
}
Event: 1.799 GC heap after
{Heap after GC invocations=2 (full 0):
 garbage-first heap   total 262144K, used 879K [0x0000000700a00000, 0x0000000800000000)
  region size 2048K, 1 young (2048K), 1 survivors (2048K)
 Metaspace       used 639K, committed 832K, reserved 1056768K
  class space    used 39K, committed 128K, reserved 1048576K
}
Event: 3.675 GC heap before
{Heap before GC invocations=2 (full 0):
 garbage-first heap   total 262144K, used 154479K [0x0000000700a00000, 0x0000000800000000)
  region size 2048K, 76 young (155648K), 1 survivors (2048K)
 Metaspace       used 666K, committed 832K, reserved 1056768K
  class space    used 40K, committed 128K, reserved 1048576K
}
Event: 3.676 GC heap after
{Heap after GC invocations=3 (full 0):
 garbage-first heap   total 262144K, used 1007K [0x0000000700a00000, 0x0000000800000000)
  region size 2048K, 1 young (2048K), 1 survivors (2048K)
 Metaspace       used 666K, committed 832K, reserved 1056768K
  class space    used 40K, committed 128K, reserved 1048576K
}
Event: 12.411 GC heap before
{Heap before GC invocations=3 (full 0):
 garbage-first heap   total 262144K, used 152559K [0x0000000700a00000, 0x0000000800000000)
  region size 2048K, 76 young (155648K), 1 survivors (2048K)
 Metaspace       used 666K, committed 832K, reserved 1056768K
  class space    used 40K, committed 128K, reserved 1048576K
}
Event: 12.411 GC heap after
{Heap after GC invocations=4 (full 0):
 garbage-first heap   total 262144K, used 1001K [0x0000000700a00000, 0x0000000800000000)
  region size 2048K, 1 young (2048K), 1 survivors (2048K)
 Metaspace       used 666K, committed 832K, reserved 1056768K
  class space    used 40K, committed 128K, reserved 1048576K
}

Deoptimization events (20 events):
Event: 1.123 Thread 0x000001df8b7ab100 DEOPT PACKING pc=0x000001df9aaa00c4 sp=0x00000055a54ff440
Event: 1.123 Thread 0x000001df8b7ab100 DEOPT UNPACKING pc=0x000001df930123a3 sp=0x00000055a54ff3d0 mode 2
Event: 1.124 Thread 0x000001df8b7ab100 Uncommon trap: trap_request=0x0000007d fr.pc=0x000001df9aaa12e4 relative=0x0000000000000724
Event: 1.124 Thread 0x000001df8b7ab100 Uncommon trap: reason=unloaded action=reinterpret pc=0x000001df9aaa12e4 method=java.lang.ProcessBuilder.start([Ljava/lang/ProcessBuilder$Redirect;)Ljava/lang/Process; @ 272 c2
Event: 1.124 Thread 0x000001df8b7ab100 DEOPT PACKING pc=0x000001df9aaa12e4 sp=0x00000055a54ff430
Event: 1.124 Thread 0x000001df8b7ab100 DEOPT UNPACKING pc=0x000001df930123a3 sp=0x00000055a54ff3d0 mode 2
Event: 1.373 Thread 0x000001df8b7ab100 DEOPT PACKING pc=0x000001df935b6379 sp=0x00000055a54ff370
Event: 1.373 Thread 0x000001df8b7ab100 DEOPT UNPACKING pc=0x000001df93012b43 sp=0x00000055a54fe8b0 mode 0
Event: 1.379 Thread 0x000001df8b7ab100 DEOPT PACKING pc=0x000001df935b6379 sp=0x00000055a54ff370
Event: 1.379 Thread 0x000001df8b7ab100 DEOPT UNPACKING pc=0x000001df93012b43 sp=0x00000055a54fe8b0 mode 0
Event: 1.380 Thread 0x000001df8b7ab100 DEOPT PACKING pc=0x000001df935b6379 sp=0x00000055a54ff370
Event: 1.380 Thread 0x000001df8b7ab100 DEOPT UNPACKING pc=0x000001df93012b43 sp=0x00000055a54fe8b0 mode 0
Event: 1.382 Thread 0x000001df8b7ab100 DEOPT PACKING pc=0x000001df935b6379 sp=0x00000055a54ff370
Event: 1.382 Thread 0x000001df8b7ab100 DEOPT UNPACKING pc=0x000001df93012b43 sp=0x00000055a54fe8b0 mode 0
Event: 1.388 Thread 0x000001df8b7ab100 DEOPT PACKING pc=0x000001df935b6379 sp=0x00000055a54ff370
Event: 1.388 Thread 0x000001df8b7ab100 DEOPT UNPACKING pc=0x000001df93012b43 sp=0x00000055a54fe8b0 mode 0
Event: 1.395 Thread 0x000001df8b7ab100 DEOPT PACKING pc=0x000001df935b6379 sp=0x00000055a54ff370
Event: 1.395 Thread 0x000001df8b7ab100 DEOPT UNPACKING pc=0x000001df93012b43 sp=0x00000055a54fe8b0 mode 0
Event: 1.401 Thread 0x000001df8b7ab100 DEOPT PACKING pc=0x000001df935c03b7 sp=0x00000055a54fed20
Event: 1.401 Thread 0x000001df8b7ab100 DEOPT UNPACKING pc=0x000001df93012b43 sp=0x00000055a54fe298 mode 0

Classes unloaded (0 events):
No events

Classes redefined (0 events):
No events

Internal exceptions (20 events):
Event: 15.860 Thread 0x000001df8b7ab100 Exception <a 'java/io/IOException'{0x000000070bba2468}: CreateProcess error=206, El nombre del archivo o la extensión es demasiado largo> (0x000000070bba2468) 
thrown [t:\workspace\open\src\hotspot\share\prims\jni.cpp, line 535]
Event: 15.861 Thread 0x000001df8b7ab100 Exception <a 'java/io/IOException'{0x000000070bbe20b8}: CreateProcess error=206, El nombre del archivo o la extensión es demasiado largo> (0x000000070bbe20b8) 
thrown [t:\workspace\open\src\hotspot\share\prims\jni.cpp, line 535]
Event: 15.862 Thread 0x000001df8b7ab100 Exception <a 'java/io/IOException'{0x000000070bbfb0c8}: CreateProcess error=206, El nombre del archivo o la extensión es demasiado largo> (0x000000070bbfb0c8) 
thrown [t:\workspace\open\src\hotspot\share\prims\jni.cpp, line 535]
Event: 15.863 Thread 0x000001df8b7ab100 Exception <a 'java/io/IOException'{0x000000070b9fa328}: CreateProcess error=206, El nombre del archivo o la extensión es demasiado largo> (0x000000070b9fa328) 
thrown [t:\workspace\open\src\hotspot\share\prims\jni.cpp, line 535]
Event: 15.864 Thread 0x000001df8b7ab100 Exception <a 'java/io/IOException'{0x000000070b731368}: CreateProcess error=206, El nombre del archivo o la extensión es demasiado largo> (0x000000070b731368) 
thrown [t:\workspace\open\src\hotspot\share\prims\jni.cpp, line 535]
Event: 15.865 Thread 0x000001df8b7ab100 Exception <a 'java/io/IOException'{0x000000070b7ebce0}: CreateProcess error=206, El nombre del archivo o la extensión es demasiado largo> (0x000000070b7ebce0) 
thrown [t:\workspace\open\src\hotspot\share\prims\jni.cpp, line 535]
Event: 15.865 Thread 0x000001df8b7ab100 Exception <a 'java/io/IOException'{0x000000070b4f6d38}: CreateProcess error=206, El nombre del archivo o la extensión es demasiado largo> (0x000000070b4f6d38) 
thrown [t:\workspace\open\src\hotspot\share\prims\jni.cpp, line 535]
Event: 15.866 Thread 0x000001df8b7ab100 Exception <a 'java/io/IOException'{0x000000070b51f478}: CreateProcess error=206, El nombre del archivo o la extensión es demasiado largo> (0x000000070b51f478) 
thrown [t:\workspace\open\src\hotspot\share\prims\jni.cpp, line 535]
Event: 15.867 Thread 0x000001df8b7ab100 Exception <a 'java/io/IOException'{0x000000070b5f9938}: CreateProcess error=206, El nombre del archivo o la extensión es demasiado largo> (0x000000070b5f9938) 
thrown [t:\workspace\open\src\hotspot\share\prims\jni.cpp, line 535]
Event: 15.868 Thread 0x000001df8b7ab100 Exception <a 'java/io/IOException'{0x000000070b3a2fc8}: CreateProcess error=206, El nombre del archivo o la extensión es demasiado largo> (0x000000070b3a2fc8) 
thrown [t:\workspace\open\src\hotspot\share\prims\jni.cpp, line 535]
Event: 15.869 Thread 0x000001df8b7ab100 Exception <a 'java/io/IOException'{0x000000070b3e2570}: CreateProcess error=206, El nombre del archivo o la extensión es demasiado largo> (0x000000070b3e2570) 
thrown [t:\workspace\open\src\hotspot\share\prims\jni.cpp, line 535]
Event: 15.870 Thread 0x000001df8b7ab100 Exception <a 'java/io/IOException'{0x000000070b3fb770}: CreateProcess error=206, El nombre del archivo o la extensión es demasiado largo> (0x000000070b3fb770) 
thrown [t:\workspace\open\src\hotspot\share\prims\jni.cpp, line 535]
Event: 15.871 Thread 0x000001df8b7ab100 Exception <a 'java/io/IOException'{0x000000070b1fb348}: CreateProcess error=206, El nombre del archivo o la extensión es demasiado largo> (0x000000070b1fb348) 
thrown [t:\workspace\open\src\hotspot\share\prims\jni.cpp, line 535]
Event: 15.872 Thread 0x000001df8b7ab100 Exception <a 'java/io/IOException'{0x000000070af31a10}: CreateProcess error=206, El nombre del archivo o la extensión es demasiado largo> (0x000000070af31a10) 
thrown [t:\workspace\open\src\hotspot\share\prims\jni.cpp, line 535]
Event: 15.873 Thread 0x000001df8b7ab100 Exception <a 'java/io/IOException'{0x000000070afebce0}: CreateProcess error=206, El nombre del archivo o la extensión es demasiado largo> (0x000000070afebce0) 
thrown [t:\workspace\open\src\hotspot\share\prims\jni.cpp, line 535]
Event: 15.874 Thread 0x000001df8b7ab100 Exception <a 'java/io/IOException'{0x000000070acf8080}: CreateProcess error=206, El nombre del archivo o la extensión es demasiado largo> (0x000000070acf8080) 
thrown [t:\workspace\open\src\hotspot\share\prims\jni.cpp, line 535]
Event: 15.875 Thread 0x000001df8b7ab100 Exception <a 'java/io/IOException'{0x000000070ad209c0}: CreateProcess error=206, El nombre del archivo o la extensión es demasiado largo> (0x000000070ad209c0) 
thrown [t:\workspace\open\src\hotspot\share\prims\jni.cpp, line 535]
Event: 15.876 Thread 0x000001df8b7ab100 Exception <a 'java/io/IOException'{0x000000070adfa498}: CreateProcess error=206, El nombre del archivo o la extensión es demasiado largo> (0x000000070adfa498) 
thrown [t:\workspace\open\src\hotspot\share\prims\jni.cpp, line 535]
Event: 15.877 Thread 0x000001df8b7ab100 Exception <a 'java/io/IOException'{0x000000070aba3b38}: CreateProcess error=206, El nombre del archivo o la extensión es demasiado largo> (0x000000070aba3b38) 
thrown [t:\workspace\open\src\hotspot\share\prims\jni.cpp, line 535]
Event: 15.878 Thread 0x000001df8b7ab100 Exception <a 'java/io/IOException'{0x000000070abe2a28}: CreateProcess error=206, El nombre del archivo o la extensión es demasiado largo> (0x000000070abe2a28) 
thrown [t:\workspace\open\src\hotspot\share\prims\jni.cpp, line 535]

VM Operations (14 events):
Event: 0.035 Executing VM operation: HandshakeAllThreads
Event: 0.035 Executing VM operation: HandshakeAllThreads done
Event: 1.049 Executing VM operation: Cleanup
Event: 1.049 Executing VM operation: Cleanup done
Event: 1.229 Executing VM operation: G1CollectForAllocation
Event: 1.349 Executing VM operation: G1CollectForAllocation done
Event: 1.798 Executing VM operation: G1CollectForAllocation
Event: 1.799 Executing VM operation: G1CollectForAllocation done
Event: 2.799 Executing VM operation: Cleanup
Event: 2.846 Executing VM operation: Cleanup done
Event: 3.675 Executing VM operation: G1CollectForAllocation
Event: 3.676 Executing VM operation: G1CollectForAllocation done
Event: 12.411 Executing VM operation: G1CollectForAllocation
Event: 12.412 Executing VM operation: G1CollectForAllocation done

Events (20 events):
Event: 0.054 loading class java/lang/ProcessImpl$2
Event: 0.055 loading class java/lang/ProcessImpl$2 done
Event: 0.055 loading class java/lang/ProcessBuilder$NullOutputStream
Event: 0.055 loading class java/lang/ProcessBuilder$NullOutputStream done
Event: 0.055 loading class java/lang/ProcessBuilder$NullInputStream
Event: 0.055 loading class java/lang/ProcessBuilder$NullInputStream done
Event: 0.055 loading class jdk/internal/event/ProcessStartEvent
Event: 0.055 loading class jdk/internal/event/Event
Event: 0.055 loading class jdk/internal/event/Event done
Event: 0.055 loading class jdk/internal/event/ProcessStartEvent done
Event: 1.121 loading class java/lang/Throwable$WrappedPrintStream
Event: 1.121 loading class java/lang/Throwable$PrintStreamOrWriter
Event: 1.121 loading class java/lang/Throwable$PrintStreamOrWriter done
Event: 1.121 loading class java/lang/Throwable$WrappedPrintStream done
Event: 1.121 loading class java/lang/StackTraceElement$HashedModules
Event: 1.121 loading class java/lang/StackTraceElement$HashedModules done
Event: 1.366 Thread 0x000001dfaf463840 Thread added: 0x000001dfaf463840
Event: 1.566 Thread 0x000001dfaf463840 Thread exited: 0x000001dfaf463840
Event: 2.870 loading class jdk/internal/access/foreign/MemorySegmentProxy
Event: 2.958 loading class jdk/internal/access/foreign/MemorySegmentProxy done


Dynamic libraries:
0x00007ff618000000 - 0x00007ff618010000 	C:\Program Files\Java\jdk-17\bin\javaw.exe
0x00007ff9db650000 - 0x00007ff9db845000 	C:\WINDOWS\SYSTEM32\ntdll.dll
0x00007ff9d9750000 - 0x00007ff9d980e000 	C:\WINDOWS\System32\KERNEL32.DLL
0x00007ff9d9120000 - 0x00007ff9d93e9000 	C:\WINDOWS\System32\KERNELBASE.dll
0x00007ff9d95a0000 - 0x00007ff9d96a0000 	C:\WINDOWS\System32\ucrtbase.dll
0x00007ff9c4d90000 - 0x00007ff9c4daa000 	C:\Program Files\Java\jdk-17\bin\VCRUNTIME140.dll
0x00007ff9d1cd0000 - 0x00007ff9d1ce8000 	C:\Program Files\Java\jdk-17\bin\jli.dll
0x00007ff9d96a0000 - 0x00007ff9d974c000 	C:\WINDOWS\System32\ADVAPI32.dll
0x00007ff9d9da0000 - 0x00007ff9d9e3e000 	C:\WINDOWS\System32\msvcrt.dll
0x00007ff9dac50000 - 0x00007ff9daceb000 	C:\WINDOWS\System32\sechost.dll
0x00007ff9da960000 - 0x00007ff9daa8a000 	C:\WINDOWS\System32\RPCRT4.dll
0x00007ff9d9e40000 - 0x00007ff9d9fe1000 	C:\WINDOWS\System32\USER32.dll
0x00007ff9cb400000 - 0x00007ff9cb69a000 	C:\WINDOWS\WinSxS\amd64_microsoft.windows.common-controls_6595b64144ccf1df_6.0.19041.1110_none_60b5254171f9507e\COMCTL32.dll
0x00007ff9d93f0000 - 0x00007ff9d9412000 	C:\WINDOWS\System32\win32u.dll
0x00007ff9da180000 - 0x00007ff9da1ab000 	C:\WINDOWS\System32\GDI32.dll
0x00007ff9d8f80000 - 0x00007ff9d908b000 	C:\WINDOWS\System32\gdi32full.dll
0x00007ff9d9420000 - 0x00007ff9d94bd000 	C:\WINDOWS\System32\msvcp_win.dll
0x00007ff9d36d0000 - 0x00007ff9d36da000 	C:\WINDOWS\SYSTEM32\VERSION.dll
0x00007ff9db5e0000 - 0x00007ff9db610000 	C:\WINDOWS\System32\IMM32.DLL
0x00007ff9d1e90000 - 0x00007ff9d1e9c000 	C:\Program Files\Java\jdk-17\bin\vcruntime140_1.dll
0x00007ff9b13d0000 - 0x00007ff9b145d000 	C:\Program Files\Java\jdk-17\bin\msvcp140.dll
0x00007ff970a70000 - 0x00007ff97162e000 	C:\Program Files\Java\jdk-17\bin\server\jvm.dll
0x00007ff9dacf0000 - 0x00007ff9dacf8000 	C:\WINDOWS\System32\PSAPI.DLL
0x00007ff9ccc00000 - 0x00007ff9ccc27000 	C:\WINDOWS\SYSTEM32\WINMM.dll
0x00007ff9cff80000 - 0x00007ff9cff89000 	C:\WINDOWS\SYSTEM32\WSOCK32.dll
0x00007ff9db570000 - 0x00007ff9db5db000 	C:\WINDOWS\System32\WS2_32.dll
0x00007ff9d6c80000 - 0x00007ff9d6c92000 	C:\WINDOWS\SYSTEM32\kernel.appcore.dll
0x00007ff9cad80000 - 0x00007ff9cad8a000 	C:\Program Files\Java\jdk-17\bin\jimage.dll
0x00007ff9d3060000 - 0x00007ff9d3244000 	C:\WINDOWS\SYSTEM32\DBGHELP.DLL
0x00007ff9d2ec0000 - 0x00007ff9d2eec000 	C:\WINDOWS\SYSTEM32\dbgcore.DLL
0x00007ff9d9090000 - 0x00007ff9d9113000 	C:\WINDOWS\System32\bcryptPrimitives.dll
0x00007ff9bef90000 - 0x00007ff9befb5000 	C:\Program Files\Java\jdk-17\bin\java.dll
0x00007ff99bdb0000 - 0x00007ff99be86000 	C:\Program Files\Java\jdk-17\bin\svml.dll
0x00007ff9da1b0000 - 0x00007ff9da8ef000 	C:\WINDOWS\System32\SHELL32.dll
0x00007ff9d6e90000 - 0x00007ff9d7620000 	C:\WINDOWS\SYSTEM32\windows.storage.dll
0x00007ff9d98a0000 - 0x00007ff9d9bf5000 	C:\WINDOWS\System32\combase.dll
0x00007ff9d87c0000 - 0x00007ff9d87ec000 	C:\WINDOWS\SYSTEM32\Wldp.dll
0x00007ff9daf80000 - 0x00007ff9db02d000 	C:\WINDOWS\System32\SHCORE.dll
0x00007ff9da120000 - 0x00007ff9da175000 	C:\WINDOWS\System32\shlwapi.dll
0x00007ff9d8cb0000 - 0x00007ff9d8ccf000 	C:\WINDOWS\SYSTEM32\profapi.dll

dbghelp: loaded successfully - version: 4.0.5 - missing functions: none
symbol engine: initialized successfully - sym options: 0x614 - pdb path: .;C:\Program Files\Java\jdk-17\bin;C:\WINDOWS\SYSTEM32;C:\WINDOWS\WinSxS\amd64_microsoft.windows.common-controls_6595b64144ccf1df_6.0.19041.1110_none_60b5254171f9507e;C:\Program Files\Java\jdk-17\bin\server

VM Arguments:
jvm_args: -Dfile.encoding=Cp1252 -XX:+ShowCodeDetailsInExceptionMessages 
java_command: es.syp.ae2.Lanzador NEOs.txt
java_class_path (initial): C:\Users\agarc\Desktop\2DAM\SyP\Eclipse\AE2\bin
Launcher Type: SUN_STANDARD

[Global flags]
     intx CICompilerCount                          = 4                                         {product} {ergonomic}
     uint ConcGCThreads                            = 2                                         {product} {ergonomic}
     uint G1ConcRefinementThreads                  = 8                                         {product} {ergonomic}
   size_t G1HeapRegionSize                         = 2097152                                   {product} {ergonomic}
    uintx GCDrainStackTargetSize                   = 64                                        {product} {ergonomic}
   size_t InitialHeapSize                          = 268435456                                 {product} {ergonomic}
   size_t MarkStackSize                            = 4194304                                   {product} {ergonomic}
   size_t MaxHeapSize                              = 4284481536                                {product} {ergonomic}
   size_t MaxNewSize                               = 2569011200                                {product} {ergonomic}
   size_t MinHeapDeltaBytes                        = 2097152                                   {product} {ergonomic}
   size_t MinHeapSize                              = 8388608                                   {product} {ergonomic}
    uintx NonNMethodCodeHeapSize                   = 5839372                                {pd product} {ergonomic}
    uintx NonProfiledCodeHeapSize                  = 122909434                              {pd product} {ergonomic}
    uintx ProfiledCodeHeapSize                     = 122909434                              {pd product} {ergonomic}
    uintx ReservedCodeCacheSize                    = 251658240                              {pd product} {ergonomic}
     bool SegmentedCodeCache                       = true                                      {product} {ergonomic}
     bool ShowCodeDetailsInExceptionMessages       = true                                   {manageable} {command line}
   size_t SoftMaxHeapSize                          = 4284481536                             {manageable} {ergonomic}
     bool UseCompressedClassPointers               = true                           {product lp64_product} {ergonomic}
     bool UseCompressedOops                        = true                           {product lp64_product} {ergonomic}
     bool UseG1GC                                  = true                                      {product} {ergonomic}
     bool UseLargePagesIndividualAllocation        = false                                  {pd product} {ergonomic}

Logging:
Log output configuration:
 #0: stdout all=warning uptime,level,tags
 #1: stderr all=off uptime,level,tags

Environment Variables:
JAVA_HOME=C:\Program Files\Java\jdk-17
PATH=C:\Program Files\Common Files\Oracle\Java\javapath;C:\Program Files (x86)\Intel\Intel(R) Management Engine Components\iCLS\;C:\Program Files\Intel\Intel(R) Management Engine Components\iCLS\;C:\WINDOWS\system32;C:\WINDOWS;C:\WINDOWS\System32\Wbem;C:\WINDOWS\System32\WindowsPowerShell\v1.0\;C:\WINDOWS\System32\OpenSSH\;C:\Program Files (x86)\Intel\Intel(R) Management Engine Components\DAL;C:\Program Files\Intel\Intel(R) Management Engine Components\DAL;C:\Program Files (x86)\Intel\Intel(R) Management Engine Components\IPT;C:\Program Files\Intel\Intel(R) Management Engine Components\IPT;C:\Program Files (x86)\NVIDIA Corporation\PhysX\Common;C:\Program Files\NVIDIA Corporation\NVIDIA NvDLISR;C:\Program Files\Git\cmd;C:\Program Files\nodejs\;C:\Program Files\Microsoft SQL Server\130\Tools\Binn\;C:\Program Files\Microsoft SQL Server\Client SDK\ODBC\170\Tools\Binn\;C:\Program Files\dotnet\;C:\Program Files\Java\jdk-17\bin;C:\Users\agarc\AppData\Local\Microsoft\WindowsApps;C:\Users\agarc\AppData\Roaming\npm;C:\Users\agarc\AppData\Local\Programs\Microsoft VS Code\bin;C:\Users\agarc\.dotnet\tools
USERNAME=agarc
OS=Windows_NT
PROCESSOR_IDENTIFIER=Intel64 Family 6 Model 158 Stepping 9, GenuineIntel



---------------  S Y S T E M  ---------------

OS:
 Windows 10 , 64 bit Build 19041 (10.0.19041.1202)
OS uptime: 4 days 22:15 hours

CPU: total 8 (initial active 8) (4 cores per cpu, 2 threads per core) family 6 model 158 stepping 9 microcode 0xb4, cx8, cmov, fxsr, ht, mmx, 3dnowpref, sse, sse2, sse3, ssse3, sse4.1, sse4.2, popcnt, lzcnt, tsc, tscinvbit, avx, avx2, aes, erms, clmul, bmi1, bmi2, rtm, adx, fma, vzeroupper, clflush, clflushopt

Memory: 4k page, system-wide physical 16343M (5947M free)
TotalPageFile size 65495M (AvailPageFile size 0M)
current process WorkingSet (physical memory assigned to process): 185M, peak: 188M
current process commit charge ("private bytes"): 345M, peak: 349M

vm_info: Java HotSpot(TM) 64-Bit Server VM (17+35-LTS-2724) for windows-amd64 JRE (17+35-LTS-2724), built on Aug  5 2021 23:28:28 by "mach5one" with MS VC++ 16.8 (VS2019)

END.
